#
# There is insufficient memory for the Java Runtime Environment to continue.
# Native memory allocation (malloc) failed to allocate 1443696 bytes for Chunk::new
# Possible reasons:
#   The system is out of physical RAM or swap space
#   The process is running with CompressedOops enabled, and the Java Heap may be blocking the growth of the native heap
# Possible solutions:
#   Reduce memory load on the system
#   Increase physical memory or swap space
#   Check if swap backing store is full
#   Decrease Java heap size (-Xmx/-Xms)
#   Decrease number of Java threads
#   Decrease Java thread stack sizes (-Xss)
#   Set larger code cache with -XX:ReservedCodeCacheSize=
#   JVM is running with Unscaled Compressed Oops mode in which the Java heap is
#     placed in the first 4GB address space. The Java Heap base address is the
#     maximum limit for the native heap growth. Please use -XX:HeapBaseMinAddress
#     to set the Java Heap base and to place the Java Heap above 4GB virtual address.
# This output file may be truncated or incomplete.
#
#  Out of Memory Error (./open/src/hotspot/share/memory/arena.cpp:197), pid=10856, tid=4660
#
# JRE version: Java(TM) SE Runtime Environment 18.9 (11.0.10+8) (build 11.0.10+8-LTS-162)
# Java VM: Java HotSpot(TM) 64-Bit Server VM 18.9 (11.0.10+8-LTS-162, mixed mode, tiered, compressed oops, g1 gc, windows-amd64)
# No core dump will be written. Minidumps are not enabled by default on client versions of Windows
#

---------------  S U M M A R Y ------------

Command Line: -Dclassworlds.conf=E:\Maven\apache-maven-3.6.3\bin\..\bin\m2.conf -Dmaven.home=E:\Maven\apache-maven-3.6.3\bin\.. -Dlibrary.jansi.path=E:\Maven\apache-maven-3.6.3\bin\..\lib\jansi-native -Dmaven.multiModuleProjectDirectory=E:\Maven\Mevan_REPO\my-app\Jenkins org.codehaus.plexus.classworlds.launcher.Launcher clean test sonar:sonar

Host: Intel(R) Core(TM) i5-4210U CPU @ 1.70GHz, 4 cores, 7G,  Windows 10 , 64 bit Build 18362 (10.0.18362.1316)
Time: Sun Jan 31 14:37:24 2021 India Standard Time elapsed time: 27.411672 seconds (0d 0h 0m 27s)

---------------  T H R E A D  ---------------

Current thread (0x00000215d4591800):  JavaThread "C2 CompilerThread0" daemon [_thread_in_native, id=4660, stack(0x0000005cdb700000,0x0000005cdb800000)]


Current CompileTask:
C2:  27411 7445       4       org.sonar.classloader.ClassRealm::loadClass (7 bytes)

Stack: [0x0000005cdb700000,0x0000005cdb800000]
Native frames: (J=compiled Java code, j=interpreted, Vv=VM code, C=native code)
V  [jvm.dll+0x613e6a]
V  [jvm.dll+0x74c1ff]
V  [jvm.dll+0x74d885]
V  [jvm.dll+0x74df03]
V  [jvm.dll+0x243b78]
V  [jvm.dll+0xba2cc]
V  [jvm.dll+0xba9cc]
V  [jvm.dll+0x346982]
V  [jvm.dll+0x3147d3]
V  [jvm.dll+0x313b1a]
V  [jvm.dll+0x1fd395]
V  [jvm.dll+0x1fc54f]
V  [jvm.dll+0x17f09c]
V  [jvm.dll+0x20bbd4]
V  [jvm.dll+0x209cab]
V  [jvm.dll+0x713619]
V  [jvm.dll+0x70c314]
V  [jvm.dll+0x613036]
C  [ucrtbase.dll+0x210b2]
C  [KERNEL32.DLL+0x17c24]
C  [ntdll.dll+0x6d4d1]


---------------  P R O C E S S  ---------------

Threads class SMR info:
_java_thread_list=0x00000215d679a520, length=20, elements={
0x00000215b4179800, 0x00000215d4577000, 0x00000215d457f800, 0x00000215d458c000,
0x00000215d4590000, 0x00000215d4591800, 0x00000215d459e000, 0x00000215d45ad800,
0x00000215d5053800, 0x00000215d5052800, 0x00000215d6165800, 0x00000215d6392800,
0x00000215d80de800, 0x00000215d593a000, 0x00000215d593a800, 0x00000215d68e9000,
0x00000215d68e8000, 0x00000215d68e9800, 0x00000215d68ea800, 0x00000215d9635800
}

Java Threads: ( => current thread )
  0x00000215b4179800 JavaThread "main" [_thread_in_Java, id=4164, stack(0x0000005cdac00000,0x0000005cdad00000)]
  0x00000215d4577000 JavaThread "Reference Handler" daemon [_thread_blocked, id=1804, stack(0x0000005cdb300000,0x0000005cdb400000)]
  0x00000215d457f800 JavaThread "Finalizer" daemon [_thread_blocked, id=11896, stack(0x0000005cdb400000,0x0000005cdb500000)]
  0x00000215d458c000 JavaThread "Signal Dispatcher" daemon [_thread_blocked, id=14212, stack(0x0000005cdb500000,0x0000005cdb600000)]
  0x00000215d4590000 JavaThread "Attach Listener" daemon [_thread_blocked, id=1920, stack(0x0000005cdb600000,0x0000005cdb700000)]
=>0x00000215d4591800 JavaThread "C2 CompilerThread0" daemon [_thread_in_native, id=4660, stack(0x0000005cdb700000,0x0000005cdb800000)]
  0x00000215d459e000 JavaThread "C1 CompilerThread0" daemon [_thread_blocked, id=13792, stack(0x0000005cdb800000,0x0000005cdb900000)]
  0x00000215d45ad800 JavaThread "Sweeper thread" daemon [_thread_blocked, id=8440, stack(0x0000005cdb900000,0x0000005cdba00000)]
  0x00000215d5053800 JavaThread "Service Thread" daemon [_thread_blocked, id=3636, stack(0x0000005cdba00000,0x0000005cdbb00000)]
  0x00000215d5052800 JavaThread "Common-Cleaner" daemon [_thread_blocked, id=12200, stack(0x0000005cdbc00000,0x0000005cdbd00000)]
  0x00000215d6165800 JavaThread "resolver-1" daemon [_thread_blocked, id=8348, stack(0x0000005cdc000000,0x0000005cdc100000)]
  0x00000215d6392800 JavaThread "resolver-2" daemon [_thread_blocked, id=13264, stack(0x0000005cdc100000,0x0000005cdc200000)]
  0x00000215d80de800 JavaThread "resolver-3" daemon [_thread_blocked, id=2884, stack(0x0000005cdc200000,0x0000005cdc300000)]
  0x00000215d593a000 JavaThread "resolver-4" daemon [_thread_blocked, id=6488, stack(0x0000005cdc300000,0x0000005cdc400000)]
  0x00000215d593a800 JavaThread "resolver-5" daemon [_thread_blocked, id=9868, stack(0x0000005cdc400000,0x0000005cdc500000)]
  0x00000215d68e9000 JavaThread "OkHttp ConnectionPool" daemon [_thread_blocked, id=12476, stack(0x0000005cdc600000,0x0000005cdc700000)]
  0x00000215d68e8000 JavaThread "Okio Watchdog" daemon [_thread_blocked, id=12360, stack(0x0000005cdc700000,0x0000005cdc800000)]
  0x00000215d68e9800 JavaThread "OkHttp ConnectionPool" daemon [_thread_blocked, id=1296, stack(0x0000005cdbd00000,0x0000005cdbe00000)]
  0x00000215d68ea800 JavaThread "Okio Watchdog" daemon [_thread_blocked, id=9280, stack(0x0000005cdc800000,0x0000005cdc900000)]
  0x00000215d9635800 JavaThread "C2 CompilerThread1" daemon [_thread_in_native, id=6640, stack(0x0000005cdc900000,0x0000005cdca00000)]

Other Threads:
  0x00000215d4552000 VMThread "VM Thread" [stack: 0x0000005cdb200000,0x0000005cdb300000] [id=8216]
  0x00000215d5051800 WatcherThread [stack: 0x0000005cdbb00000,0x0000005cdbc00000] [id=5284]
  0x00000215b4191000 GCTaskThread "GC Thread#0" [stack: 0x0000005cdad00000,0x0000005cdae00000] [id=6040]
  0x00000215d5bfa000 GCTaskThread "GC Thread#1" [stack: 0x0000005cdbe00000,0x0000005cdbf00000] [id=14044]
  0x00000215d59e3000 GCTaskThread "GC Thread#2" [stack: 0x0000005cdbf00000,0x0000005cdc000000] [id=11916]
  0x00000215b41c1800 ConcurrentGCThread "G1 Main Marker" [stack: 0x0000005cdae00000,0x0000005cdaf00000] [id=6048]
  0x00000215b41c2800 ConcurrentGCThread "G1 Conc#0" [stack: 0x0000005cdaf00000,0x0000005cdb000000] [id=3260]
  0x00000215d43c0800 ConcurrentGCThread "G1 Refine#0" [stack: 0x0000005cdb000000,0x0000005cdb100000] [id=2768]
  0x00000215d43c1800 ConcurrentGCThread "G1 Young RemSet Sampling" [stack: 0x0000005cdb100000,0x0000005cdb200000] [id=1784]

Threads with active compile tasks:
C2 CompilerThread0  27443 7445       4       org.sonar.classloader.ClassRealm::loadClass (7 bytes)
C2 CompilerThread1  27443 7547       4       net.sf.cglib.asm.$Item::a (143 bytes)

VM state:not at safepoint (normal execution)

VM Mutex/Monitor currently owned by a thread: None

Heap address: 0x0000000081800000, size: 2024 MB, Compressed Oops mode: 32-bit
Narrow klass base: 0x0000000000000000, Narrow klass shift: 3
Compressed class space size: 1073741824 Address: 0x0000000100000000

Heap:
 garbage-first heap   total 157696K, used 45117K [0x0000000081800000, 0x0000000100000000)
  region size 1024K, 10 young (10240K), 7 survivors (7168K)
 Metaspace       used 74563K, capacity 76992K, committed 77136K, reserved 1116160K
  class space    used 9135K, capacity 9976K, committed 9984K, reserved 1048576K
Heap Regions: E=young(eden), S=young(survivor), O=old, HS=humongous(starts), HC=humongous(continues), CS=collection set, F=free, A=archive, TAMS=top-at-mark-start (previous, next)
|   0|0x0000000081800000, 0x0000000081900000, 0x0000000081900000|100%| O|  |TAMS 0x0000000081900000, 0x0000000081900000| Untracked 
|   1|0x0000000081900000, 0x0000000081a00000, 0x0000000081a00000|100%| O|  |TAMS 0x0000000081a00000, 0x0000000081a00000| Untracked 
|   2|0x0000000081a00000, 0x0000000081b00000, 0x0000000081b00000|100%| O|  |TAMS 0x0000000081b00000, 0x0000000081b00000| Untracked 
|   3|0x0000000081b00000, 0x0000000081c00000, 0x0000000081c00000|100%| O|  |TAMS 0x0000000081c00000, 0x0000000081c00000| Untracked 
|   4|0x0000000081c00000, 0x0000000081d00000, 0x0000000081d00000|100%| O|  |TAMS 0x0000000081d00000, 0x0000000081d00000| Untracked 
|   5|0x0000000081d00000, 0x0000000081e00000, 0x0000000081e00000|100%| O|  |TAMS 0x0000000081e00000, 0x0000000081e00000| Untracked 
|   6|0x0000000081e00000, 0x0000000081f00000, 0x0000000081f00000|100%| O|  |TAMS 0x0000000081f00000, 0x0000000081f00000| Untracked 
|   7|0x0000000081f00000, 0x0000000082000000, 0x0000000082000000|100%| O|  |TAMS 0x0000000082000000, 0x0000000082000000| Untracked 
|   8|0x0000000082000000, 0x0000000082100000, 0x0000000082100000|100%| O|  |TAMS 0x0000000082100000, 0x0000000082100000| Untracked 
|   9|0x0000000082100000, 0x0000000082200000, 0x0000000082200000|100%| O|  |TAMS 0x0000000082200000, 0x0000000082200000| Untracked 
|  10|0x0000000082200000, 0x0000000082300000, 0x0000000082300000|100%|HS|  |TAMS 0x0000000082300000, 0x0000000082300000| Complete 
|  11|0x0000000082300000, 0x0000000082400000, 0x0000000082400000|100%|HC|  |TAMS 0x0000000082400000, 0x0000000082400000| Complete 
|  12|0x0000000082400000, 0x0000000082500000, 0x0000000082500000|100%| O|  |TAMS 0x0000000082500000, 0x0000000082500000| Untracked 
|  13|0x0000000082500000, 0x0000000082600000, 0x0000000082600000|100%| O|  |TAMS 0x0000000082600000, 0x0000000082600000| Untracked 
|  14|0x0000000082600000, 0x0000000082700000, 0x0000000082700000|100%| O|  |TAMS 0x0000000082700000, 0x0000000082700000| Untracked 
|  15|0x0000000082700000, 0x0000000082800000, 0x0000000082800000|100%| O|  |TAMS 0x00000000827ec600, 0x0000000082800000| Untracked 
|  16|0x0000000082800000, 0x0000000082900000, 0x0000000082900000|100%| O|  |TAMS 0x0000000082800000, 0x0000000082900000| Untracked 
|  17|0x0000000082900000, 0x0000000082a00000, 0x0000000082a00000|100%| O|  |TAMS 0x0000000082900000, 0x0000000082a00000| Untracked 
|  18|0x0000000082a00000, 0x0000000082b00000, 0x0000000082b00000|100%| O|  |TAMS 0x0000000082a00000, 0x0000000082b00000| Untracked 
|  19|0x0000000082b00000, 0x0000000082c00000, 0x0000000082c00000|100%| O|  |TAMS 0x0000000082b00000, 0x0000000082c00000| Untracked 
|  20|0x0000000082c00000, 0x0000000082d00000, 0x0000000082d00000|100%| O|  |TAMS 0x0000000082c00000, 0x0000000082d00000| Untracked 
|  21|0x0000000082d00000, 0x0000000082e00000, 0x0000000082e00000|100%| O|  |TAMS 0x0000000082d00000, 0x0000000082e00000| Untracked 
|  22|0x0000000082e00000, 0x0000000082f00000, 0x0000000082f00000|100%|HS|  |TAMS 0x0000000082e00000, 0x0000000082f00000| Complete 
|  23|0x0000000082f00000, 0x0000000083000000, 0x0000000083000000|100%|HS|  |TAMS 0x0000000082f00000, 0x0000000083000000| Complete 
|  24|0x0000000083000000, 0x0000000083100000, 0x0000000083100000|100%|HS|  |TAMS 0x0000000083000000, 0x0000000083100000| Complete 
|  25|0x0000000083100000, 0x0000000083200000, 0x0000000083200000|100%| O|  |TAMS 0x0000000083100000, 0x0000000083200000| Untracked 
|  26|0x0000000083200000, 0x0000000083300000, 0x0000000083300000|100%| O|  |TAMS 0x0000000083200000, 0x0000000083300000| Untracked 
|  27|0x0000000083300000, 0x0000000083400000, 0x0000000083400000|100%| O|  |TAMS 0x0000000083300000, 0x0000000083400000| Untracked 
|  28|0x0000000083400000, 0x0000000083500000, 0x0000000083500000|100%| O|  |TAMS 0x0000000083400000, 0x0000000083500000| Untracked 
|  29|0x0000000083500000, 0x0000000083600000, 0x0000000083600000|100%| O|  |TAMS 0x0000000083500000, 0x0000000083600000| Untracked 
|  30|0x0000000083600000, 0x0000000083700000, 0x0000000083700000|100%| O|  |TAMS 0x0000000083600000, 0x0000000083700000| Untracked 
|  31|0x0000000083700000, 0x0000000083800000, 0x0000000083800000|100%| O|  |TAMS 0x0000000083700000, 0x0000000083800000| Untracked 
|  32|0x0000000083800000, 0x0000000083900000, 0x0000000083900000|100%| O|  |TAMS 0x0000000083800000, 0x0000000083900000| Untracked 
|  33|0x0000000083900000, 0x0000000083a00000, 0x0000000083a00000|100%| O|  |TAMS 0x0000000083900000, 0x0000000083a00000| Untracked 
|  34|0x0000000083a00000, 0x0000000083b00000, 0x0000000083b00000|100%| O|  |TAMS 0x0000000083a00000, 0x0000000083b00000| Untracked 
|  35|0x0000000083b00000, 0x0000000083b14600, 0x0000000083c00000|  7%| O|  |TAMS 0x0000000083b00000, 0x0000000083b14600| Untracked 
|  36|0x0000000083c00000, 0x0000000083c00000, 0x0000000083d00000|  0%| F|  |TAMS 0x0000000083c00000, 0x0000000083c00000| Untracked 
|  37|0x0000000083d00000, 0x0000000083d00000, 0x0000000083e00000|  0%| F|  |TAMS 0x0000000083d00000, 0x0000000083d00000| Untracked 
|  38|0x0000000083e00000, 0x0000000083e00000, 0x0000000083f00000|  0%| F|  |TAMS 0x0000000083e00000, 0x0000000083e00000| Untracked 
|  39|0x0000000083f00000, 0x0000000083f00000, 0x0000000084000000|  0%| F|  |TAMS 0x0000000083f00000, 0x0000000083f00000| Untracked 
|  40|0x0000000084000000, 0x0000000084000000, 0x0000000084100000|  0%| F|  |TAMS 0x0000000084000000, 0x0000000084000000| Untracked 
|  41|0x0000000084100000, 0x0000000084100000, 0x0000000084200000|  0%| F|  |TAMS 0x0000000084100000, 0x0000000084100000| Untracked 
|  42|0x0000000084200000, 0x0000000084200000, 0x0000000084300000|  0%| F|  |TAMS 0x0000000084200000, 0x0000000084200000| Untracked 
|  43|0x0000000084300000, 0x0000000084300000, 0x0000000084400000|  0%| F|  |TAMS 0x0000000084300000, 0x0000000084300000| Untracked 
|  44|0x0000000084400000, 0x0000000084400000, 0x0000000084500000|  0%| F|  |TAMS 0x0000000084400000, 0x0000000084400000| Untracked 
|  45|0x0000000084500000, 0x0000000084500000, 0x0000000084600000|  0%| F|  |TAMS 0x0000000084500000, 0x0000000084500000| Untracked 
|  46|0x0000000084600000, 0x0000000084600000, 0x0000000084700000|  0%| F|  |TAMS 0x0000000084600000, 0x0000000084600000| Untracked 
|  47|0x0000000084700000, 0x0000000084700000, 0x0000000084800000|  0%| F|  |TAMS 0x0000000084700000, 0x0000000084700000| Untracked 
|  48|0x0000000084800000, 0x0000000084800000, 0x0000000084900000|  0%| F|  |TAMS 0x0000000084800000, 0x0000000084800000| Untracked 
|  49|0x0000000084900000, 0x0000000084900000, 0x0000000084a00000|  0%| F|  |TAMS 0x0000000084900000, 0x0000000084900000| Untracked 
|  50|0x0000000084a00000, 0x0000000084a00000, 0x0000000084b00000|  0%| F|  |TAMS 0x0000000084a00000, 0x0000000084a00000| Untracked 
|  51|0x0000000084b00000, 0x0000000084b00000, 0x0000000084c00000|  0%| F|  |TAMS 0x0000000084b00000, 0x0000000084b00000| Untracked 
|  52|0x0000000084c00000, 0x0000000084c00000, 0x0000000084d00000|  0%| F|  |TAMS 0x0000000084c00000, 0x0000000084c00000| Untracked 
|  53|0x0000000084d00000, 0x0000000084d00000, 0x0000000084e00000|  0%| F|  |TAMS 0x0000000084d00000, 0x0000000084d00000| Untracked 
|  54|0x0000000084e00000, 0x0000000084e00000, 0x0000000084f00000|  0%| F|  |TAMS 0x0000000084e00000, 0x0000000084e00000| Untracked 
|  55|0x0000000084f00000, 0x0000000084f00000, 0x0000000085000000|  0%| F|  |TAMS 0x0000000084f00000, 0x0000000084f00000| Untracked 
|  56|0x0000000085000000, 0x0000000085000000, 0x0000000085100000|  0%| F|  |TAMS 0x0000000085000000, 0x0000000085000000| Untracked 
|  57|0x0000000085100000, 0x0000000085100000, 0x0000000085200000|  0%| F|  |TAMS 0x0000000085100000, 0x0000000085100000| Untracked 
|  58|0x0000000085200000, 0x0000000085200000, 0x0000000085300000|  0%| F|  |TAMS 0x0000000085200000, 0x0000000085200000| Untracked 
|  59|0x0000000085300000, 0x0000000085300000, 0x0000000085400000|  0%| F|  |TAMS 0x0000000085300000, 0x0000000085300000| Untracked 
|  60|0x0000000085400000, 0x0000000085400000, 0x0000000085500000|  0%| F|  |TAMS 0x0000000085400000, 0x0000000085400000| Untracked 
|  61|0x0000000085500000, 0x0000000085500000, 0x0000000085600000|  0%| F|  |TAMS 0x0000000085500000, 0x0000000085500000| Untracked 
|  62|0x0000000085600000, 0x0000000085600000, 0x0000000085700000|  0%| F|  |TAMS 0x0000000085600000, 0x0000000085600000| Untracked 
|  63|0x0000000085700000, 0x0000000085700000, 0x0000000085800000|  0%| F|  |TAMS 0x0000000085700000, 0x0000000085700000| Untracked 
|  64|0x0000000085800000, 0x0000000085800000, 0x0000000085900000|  0%| F|  |TAMS 0x0000000085800000, 0x0000000085800000| Untracked 
|  65|0x0000000085900000, 0x0000000085900000, 0x0000000085a00000|  0%| F|  |TAMS 0x0000000085900000, 0x0000000085900000| Untracked 
|  66|0x0000000085a00000, 0x0000000085a00000, 0x0000000085b00000|  0%| F|  |TAMS 0x0000000085a00000, 0x0000000085a00000| Untracked 
|  67|0x0000000085b00000, 0x0000000085b00000, 0x0000000085c00000|  0%| F|  |TAMS 0x0000000085b00000, 0x0000000085b00000| Untracked 
|  68|0x0000000085c00000, 0x0000000085c00000, 0x0000000085d00000|  0%| F|  |TAMS 0x0000000085c00000, 0x0000000085c00000| Untracked 
|  69|0x0000000085d00000, 0x0000000085d00000, 0x0000000085e00000|  0%| F|  |TAMS 0x0000000085d00000, 0x0000000085d00000| Untracked 
|  70|0x0000000085e00000, 0x0000000085e00000, 0x0000000085f00000|  0%| F|  |TAMS 0x0000000085e00000, 0x0000000085e00000| Untracked 
|  71|0x0000000085f00000, 0x0000000085f00000, 0x0000000086000000|  0%| F|  |TAMS 0x0000000085f00000, 0x0000000085f00000| Untracked 
|  72|0x0000000086000000, 0x0000000086000000, 0x0000000086100000|  0%| F|  |TAMS 0x0000000086000000, 0x0000000086000000| Untracked 
|  73|0x0000000086100000, 0x0000000086100000, 0x0000000086200000|  0%| F|  |TAMS 0x0000000086100000, 0x0000000086100000| Untracked 
|  74|0x0000000086200000, 0x0000000086200000, 0x0000000086300000|  0%| F|  |TAMS 0x0000000086200000, 0x0000000086200000| Untracked 
|  75|0x0000000086300000, 0x0000000086300000, 0x0000000086400000|  0%| F|  |TAMS 0x0000000086300000, 0x0000000086300000| Untracked 
|  76|0x0000000086400000, 0x0000000086400000, 0x0000000086500000|  0%| F|  |TAMS 0x0000000086400000, 0x0000000086400000| Untracked 
|  77|0x0000000086500000, 0x0000000086500000, 0x0000000086600000|  0%| F|  |TAMS 0x0000000086500000, 0x0000000086500000| Untracked 
|  78|0x0000000086600000, 0x0000000086600000, 0x0000000086700000|  0%| F|  |TAMS 0x0000000086600000, 0x0000000086600000| Untracked 
|  79|0x0000000086700000, 0x0000000086700000, 0x0000000086800000|  0%| F|  |TAMS 0x0000000086700000, 0x0000000086700000| Untracked 
|  80|0x0000000086800000, 0x0000000086800000, 0x0000000086900000|  0%| F|  |TAMS 0x0000000086800000, 0x0000000086800000| Untracked 
|  81|0x0000000086900000, 0x0000000086900000, 0x0000000086a00000|  0%| F|  |TAMS 0x0000000086900000, 0x0000000086900000| Untracked 
|  82|0x0000000086a00000, 0x0000000086a00000, 0x0000000086b00000|  0%| F|  |TAMS 0x0000000086a00000, 0x0000000086a00000| Untracked 
|  83|0x0000000086b00000, 0x0000000086b00000, 0x0000000086c00000|  0%| F|  |TAMS 0x0000000086b00000, 0x0000000086b00000| Untracked 
|  84|0x0000000086c00000, 0x0000000086c00000, 0x0000000086d00000|  0%| F|  |TAMS 0x0000000086c00000, 0x0000000086c00000| Untracked 
|  85|0x0000000086d00000, 0x0000000086d00000, 0x0000000086e00000|  0%| F|  |TAMS 0x0000000086d00000, 0x0000000086d00000| Untracked 
|  86|0x0000000086e00000, 0x0000000086e00000, 0x0000000086f00000|  0%| F|  |TAMS 0x0000000086e00000, 0x0000000086e00000| Untracked 
|  87|0x0000000086f00000, 0x0000000086f00000, 0x0000000087000000|  0%| F|  |TAMS 0x0000000086f00000, 0x0000000086f00000| Untracked 
|  88|0x0000000087000000, 0x0000000087000000, 0x0000000087100000|  0%| F|  |TAMS 0x0000000087000000, 0x0000000087000000| Untracked 
|  89|0x0000000087100000, 0x0000000087100000, 0x0000000087200000|  0%| F|  |TAMS 0x0000000087100000, 0x0000000087100000| Untracked 
|  90|0x0000000087200000, 0x0000000087200000, 0x0000000087300000|  0%| F|  |TAMS 0x0000000087200000, 0x0000000087200000| Untracked 
|  91|0x0000000087300000, 0x0000000087300000, 0x0000000087400000|  0%| F|  |TAMS 0x0000000087300000, 0x0000000087300000| Untracked 
|  92|0x0000000087400000, 0x0000000087400000, 0x0000000087500000|  0%| F|  |TAMS 0x0000000087400000, 0x0000000087400000| Untracked 
|  93|0x0000000087500000, 0x0000000087500000, 0x0000000087600000|  0%| F|  |TAMS 0x0000000087500000, 0x0000000087500000| Untracked 
|  94|0x0000000087600000, 0x0000000087600000, 0x0000000087700000|  0%| F|  |TAMS 0x0000000087600000, 0x0000000087600000| Untracked 
|  95|0x0000000087700000, 0x0000000087700000, 0x0000000087800000|  0%| F|  |TAMS 0x0000000087700000, 0x0000000087700000| Untracked 
|  96|0x0000000087800000, 0x00000000878fb0b0, 0x0000000087900000| 98%| S|CS|TAMS 0x0000000087800000, 0x0000000087800000| Complete 
|  97|0x0000000087900000, 0x0000000087a00000, 0x0000000087a00000|100%| S|CS|TAMS 0x0000000087900000, 0x0000000087900000| Complete 
|  98|0x0000000087a00000, 0x0000000087b00000, 0x0000000087b00000|100%| S|CS|TAMS 0x0000000087a00000, 0x0000000087a00000| Complete 
|  99|0x0000000087b00000, 0x0000000087c00000, 0x0000000087c00000|100%| S|CS|TAMS 0x0000000087b00000, 0x0000000087b00000| Complete 
| 100|0x0000000087c00000, 0x0000000087d00000, 0x0000000087d00000|100%| S|CS|TAMS 0x0000000087c00000, 0x0000000087c00000| Complete 
| 101|0x0000000087d00000, 0x0000000087e00000, 0x0000000087e00000|100%| S|CS|TAMS 0x0000000087d00000, 0x0000000087d00000| Complete 
| 102|0x0000000087e00000, 0x0000000087f00000, 0x0000000087f00000|100%| S|CS|TAMS 0x0000000087e00000, 0x0000000087e00000| Complete 
| 103|0x0000000087f00000, 0x0000000087f00000, 0x0000000088000000|  0%| F|  |TAMS 0x0000000087f00000, 0x0000000087f00000| Untracked 
| 104|0x0000000088000000, 0x0000000088000000, 0x0000000088100000|  0%| F|  |TAMS 0x0000000088000000, 0x0000000088000000| Untracked 
| 105|0x0000000088100000, 0x0000000088100000, 0x0000000088200000|  0%| F|  |TAMS 0x0000000088100000, 0x0000000088100000| Untracked 
| 106|0x0000000088200000, 0x0000000088200000, 0x0000000088300000|  0%| F|  |TAMS 0x0000000088200000, 0x0000000088200000| Untracked 
| 107|0x0000000088300000, 0x0000000088300000, 0x0000000088400000|  0%| F|  |TAMS 0x0000000088300000, 0x0000000088300000| Untracked 
| 108|0x0000000088400000, 0x0000000088400000, 0x0000000088500000|  0%| F|  |TAMS 0x0000000088400000, 0x0000000088400000| Untracked 
| 109|0x0000000088500000, 0x0000000088500000, 0x0000000088600000|  0%| F|  |TAMS 0x0000000088500000, 0x0000000088500000| Untracked 
| 110|0x0000000088600000, 0x0000000088600000, 0x0000000088700000|  0%| F|  |TAMS 0x0000000088600000, 0x0000000088600000| Untracked 
| 111|0x0000000088700000, 0x0000000088700000, 0x0000000088800000|  0%| F|  |TAMS 0x0000000088700000, 0x0000000088700000| Untracked 
| 112|0x0000000088800000, 0x0000000088800000, 0x0000000088900000|  0%| F|  |TAMS 0x0000000088800000, 0x0000000088800000| Untracked 
| 113|0x0000000088900000, 0x0000000088900000, 0x0000000088a00000|  0%| F|  |TAMS 0x0000000088900000, 0x0000000088900000| Untracked 
| 114|0x0000000088a00000, 0x0000000088a00000, 0x0000000088b00000|  0%| F|  |TAMS 0x0000000088a00000, 0x0000000088a00000| Untracked 
| 115|0x0000000088b00000, 0x0000000088b00000, 0x0000000088c00000|  0%| F|  |TAMS 0x0000000088b00000, 0x0000000088b00000| Untracked 
| 116|0x0000000088c00000, 0x0000000088c00000, 0x0000000088d00000|  0%| F|  |TAMS 0x0000000088c00000, 0x0000000088c00000| Untracked 
| 117|0x0000000088d00000, 0x0000000088d00000, 0x0000000088e00000|  0%| F|  |TAMS 0x0000000088d00000, 0x0000000088d00000| Untracked 
| 118|0x0000000088e00000, 0x0000000088e00000, 0x0000000088f00000|  0%| F|  |TAMS 0x0000000088e00000, 0x0000000088e00000| Untracked 
| 119|0x0000000088f00000, 0x0000000088f00000, 0x0000000089000000|  0%| F|  |TAMS 0x0000000088f00000, 0x0000000088f00000| Untracked 
| 120|0x0000000089000000, 0x0000000089000000, 0x0000000089100000|  0%| F|  |TAMS 0x0000000089000000, 0x0000000089000000| Untracked 
| 121|0x0000000089100000, 0x0000000089100000, 0x0000000089200000|  0%| F|  |TAMS 0x0000000089100000, 0x0000000089100000| Untracked 
| 122|0x0000000089200000, 0x0000000089200000, 0x0000000089300000|  0%| F|  |TAMS 0x0000000089200000, 0x0000000089200000| Untracked 
| 123|0x0000000089300000, 0x0000000089300000, 0x0000000089400000|  0%| F|  |TAMS 0x0000000089300000, 0x0000000089300000| Untracked 
| 124|0x0000000089400000, 0x0000000089400000, 0x0000000089500000|  0%| F|  |TAMS 0x0000000089400000, 0x0000000089400000| Untracked 
| 125|0x0000000089500000, 0x0000000089500000, 0x0000000089600000|  0%| F|  |TAMS 0x0000000089500000, 0x0000000089500000| Untracked 
| 126|0x0000000089600000, 0x0000000089600000, 0x0000000089700000|  0%| F|  |TAMS 0x0000000089600000, 0x0000000089600000| Untracked 
| 127|0x0000000089700000, 0x0000000089700000, 0x0000000089800000|  0%| F|  |TAMS 0x0000000089700000, 0x0000000089700000| Untracked 
| 128|0x0000000089800000, 0x0000000089800000, 0x0000000089900000|  0%| F|  |TAMS 0x0000000089800000, 0x0000000089800000| Untracked 
| 129|0x0000000089900000, 0x0000000089900000, 0x0000000089a00000|  0%| F|  |TAMS 0x0000000089900000, 0x0000000089900000| Untracked 
| 130|0x0000000089a00000, 0x0000000089a00000, 0x0000000089b00000|  0%| F|  |TAMS 0x0000000089a00000, 0x0000000089a00000| Untracked 
| 131|0x0000000089b00000, 0x0000000089b00000, 0x0000000089c00000|  0%| F|  |TAMS 0x0000000089b00000, 0x0000000089b00000| Untracked 
| 132|0x0000000089c00000, 0x0000000089c00000, 0x0000000089d00000|  0%| F|  |TAMS 0x0000000089c00000, 0x0000000089c00000| Untracked 
| 133|0x0000000089d00000, 0x0000000089d00000, 0x0000000089e00000|  0%| F|  |TAMS 0x0000000089d00000, 0x0000000089d00000| Untracked 
| 134|0x0000000089e00000, 0x0000000089e00000, 0x0000000089f00000|  0%| F|  |TAMS 0x0000000089e00000, 0x0000000089e00000| Untracked 
| 135|0x0000000089f00000, 0x0000000089f00000, 0x000000008a000000|  0%| F|  |TAMS 0x0000000089f00000, 0x0000000089f00000| Untracked 
| 136|0x000000008a000000, 0x000000008a000000, 0x000000008a100000|  0%| F|  |TAMS 0x000000008a000000, 0x000000008a000000| Untracked 
| 137|0x000000008a100000, 0x000000008a100000, 0x000000008a200000|  0%| F|  |TAMS 0x000000008a100000, 0x000000008a100000| Untracked 
| 138|0x000000008a200000, 0x000000008a200000, 0x000000008a300000|  0%| F|  |TAMS 0x000000008a200000, 0x000000008a200000| Untracked 
| 139|0x000000008a300000, 0x000000008a300000, 0x000000008a400000|  0%| F|  |TAMS 0x000000008a300000, 0x000000008a300000| Untracked 
| 140|0x000000008a400000, 0x000000008a400000, 0x000000008a500000|  0%| F|  |TAMS 0x000000008a400000, 0x000000008a400000| Untracked 
| 141|0x000000008a500000, 0x000000008a500000, 0x000000008a600000|  0%| F|  |TAMS 0x000000008a500000, 0x000000008a500000| Untracked 
| 142|0x000000008a600000, 0x000000008a600000, 0x000000008a700000|  0%| F|  |TAMS 0x000000008a600000, 0x000000008a600000| Untracked 
| 143|0x000000008a700000, 0x000000008a700000, 0x000000008a800000|  0%| F|  |TAMS 0x000000008a700000, 0x000000008a700000| Untracked 
| 144|0x000000008a800000, 0x000000008a800000, 0x000000008a900000|  0%| F|  |TAMS 0x000000008a800000, 0x000000008a800000| Untracked 
| 145|0x000000008a900000, 0x000000008a900000, 0x000000008aa00000|  0%| F|  |TAMS 0x000000008a900000, 0x000000008a900000| Untracked 
| 146|0x000000008aa00000, 0x000000008aa00000, 0x000000008ab00000|  0%| F|  |TAMS 0x000000008aa00000, 0x000000008aa00000| Untracked 
| 147|0x000000008ab00000, 0x000000008ab00000, 0x000000008ac00000|  0%| F|  |TAMS 0x000000008ab00000, 0x000000008ab00000| Untracked 
| 148|0x000000008ac00000, 0x000000008ac00000, 0x000000008ad00000|  0%| F|  |TAMS 0x000000008ac00000, 0x000000008ac00000| Untracked 
| 149|0x000000008ad00000, 0x000000008ad00000, 0x000000008ae00000|  0%| F|  |TAMS 0x000000008ad00000, 0x000000008ad00000| Untracked 
| 150|0x000000008ae00000, 0x000000008ae80800, 0x000000008af00000| 50%| E|  |TAMS 0x000000008ae00000, 0x000000008ae00000| Complete 
| 151|0x000000008af00000, 0x000000008b000000, 0x000000008b000000|100%| E|CS|TAMS 0x000000008af00000, 0x000000008af00000| Complete 
| 152|0x000000008b000000, 0x000000008b100000, 0x000000008b100000|100%| E|CS|TAMS 0x000000008b000000, 0x000000008b000000| Complete 
| 153|0x000000008b100000, 0x000000008b200000, 0x000000008b200000|100%| E|CS|TAMS 0x000000008b100000, 0x000000008b100000| Complete 

Card table byte_map: [0x00000215cd830000,0x00000215cdc30000] _byte_map_base: 0x00000215cd424000

Marking Bits (Prev, Next): (CMBitMap*) 0x00000215b41b8960, (CMBitMap*) 0x00000215b41b8928
 Prev Bits: [0x00000215cffd0000, 0x00000215d1f70000)
 Next Bits: [0x00000215ce030000, 0x00000215cffd0000)

Polling page: 0x00000215b4010000

Metaspace:

Usage:
  Non-class:     65.45 MB capacity,    63.90 MB ( 98%) used,     1.41 MB (  2%) free+waste,   145.63 KB ( <1%) overhead. 
      Class:      9.74 MB capacity,     8.92 MB ( 92%) used,   773.07 KB (  8%) free+waste,    67.13 KB ( <1%) overhead. 
       Both:     75.19 MB capacity,    72.82 MB ( 97%) used,     2.16 MB (  3%) free+waste,   212.75 KB ( <1%) overhead. 

Virtual space:
  Non-class space:       66.00 MB reserved,      65.58 MB (>99%) committed 
      Class space:        1.00 GB reserved,       9.75 MB ( <1%) committed 
             Both:        1.06 GB reserved,      75.33 MB (  7%) committed 

Chunk freelists:
   Non-Class:  1.00 KB
       Class:  1.00 KB
        Both:  2.00 KB

CodeHeap 'non-profiled nmethods': size=120064Kb used=3998Kb max_used=3998Kb free=116066Kb
 bounds [0x00000215c58d0000, 0x00000215c5cc0000, 0x00000215cce10000]
CodeHeap 'profiled nmethods': size=120000Kb used=17046Kb max_used=17046Kb free=102953Kb
 bounds [0x00000215be3a0000, 0x00000215bf450000, 0x00000215c58d0000]
CodeHeap 'non-nmethods': size=5696Kb used=1202Kb max_used=1235Kb free=4494Kb
 bounds [0x00000215bde10000, 0x00000215be080000, 0x00000215be3a0000]
 total_blobs=8178 nmethods=7610 adapters=478
 compilation: enabled
              stopped_count=0, restarted_count=0
 full_count=0

Compilation events (10 events):
Event: 27.396 Thread 0x00000215d459e000 7643       3       net.sf.cglib.core.ReflectUtils::getSignature (73 bytes)
Event: 27.397 Thread 0x00000215d459e000 nmethod 7643 0x00000215bf438890 code [0x00000215bf438b00, 0x00000215bf439578]
Event: 27.398 Thread 0x00000215d459e000 7644       3       net.sf.cglib.core.Signature::toString (25 bytes)
Event: 27.398 Thread 0x00000215d459e000 nmethod 7644 0x00000215bf439810 code [0x00000215bf439a40, 0x00000215bf43a188]
Event: 27.399 Thread 0x00000215d459e000 7645       3       net.sf.cglib.core.EmitUtils$5::transform (12 bytes)
Event: 27.400 Thread 0x00000215d459e000 nmethod 7645 0x00000215bf43a410 code [0x00000215bf43a5e0, 0x00000215bf43a928]
Event: 27.400 Thread 0x00000215d459e000 7646       3       net.sf.cglib.core.CodeEmitter::if_jump (10 bytes)
Event: 27.400 Thread 0x00000215d459e000 nmethod 7646 0x00000215bf43aa90 code [0x00000215bf43ac40, 0x00000215bf43ae08]
Event: 27.401 Thread 0x00000215d459e000 7647       3       net.sf.cglib.core.EmitUtils$6::processCase (247 bytes)
Event: 27.402 Thread 0x00000215d459e000 nmethod 7647 0x00000215bf43af10 code [0x00000215bf43b2c0, 0x00000215bf43d1b8]

GC Heap History (10 events):
Event: 11.215 GC heap before
{Heap before GC invocations=8 (full 0):
 garbage-first heap   total 157696K, used 94310K [0x0000000081800000, 0x0000000100000000)
  region size 1024K, 81 young (82944K), 9 survivors (9216K)
 Metaspace       used 45106K, capacity 46060K, committed 46160K, reserved 1089536K
  class space    used 4927K, capacity 5328K, committed 5376K, reserved 1048576K
}
Event: 11.235 GC heap after
{Heap after GC invocations=9 (full 0):
 garbage-first heap   total 157696K, used 22955K [0x0000000081800000, 0x0000000100000000)
  region size 1024K, 7 young (7168K), 7 survivors (7168K)
 Metaspace       used 45106K, capacity 46060K, committed 46160K, reserved 1089536K
  class space    used 4927K, capacity 5328K, committed 5376K, reserved 1048576K
}
Event: 19.574 GC heap before
{Heap before GC invocations=10 (full 0):
 garbage-first heap   total 157696K, used 118187K [0x0000000081800000, 0x0000000100000000)
  region size 1024K, 92 young (94208K), 7 survivors (7168K)
 Metaspace       used 46425K, capacity 47538K, committed 47696K, reserved 1091584K
  class space    used 5111K, capacity 5575K, committed 5632K, reserved 1048576K
}
Event: 19.586 GC heap after
{Heap after GC invocations=11 (full 0):
 garbage-first heap   total 157696K, used 30641K [0x0000000081800000, 0x0000000100000000)
  region size 1024K, 11 young (11264K), 11 survivors (11264K)
 Metaspace       used 46425K, capacity 47538K, committed 47696K, reserved 1091584K
  class space    used 5111K, capacity 5575K, committed 5632K, reserved 1048576K
}
Event: 24.819 GC heap before
{Heap before GC invocations=11 (full 0):
 garbage-first heap   total 157696K, used 113585K [0x0000000081800000, 0x0000000100000000)
  region size 1024K, 92 young (94208K), 11 survivors (11264K)
 Metaspace       used 57454K, capacity 59731K, committed 59856K, reserved 1101824K
  class space    used 6391K, capacity 7207K, committed 7296K, reserved 1048576K
}
Event: 24.837 GC heap after
{Heap after GC invocations=12 (full 0):
 garbage-first heap   total 157696K, used 35475K [0x0000000081800000, 0x0000000100000000)
  region size 1024K, 10 young (10240K), 10 survivors (10240K)
 Metaspace       used 57454K, capacity 59731K, committed 59856K, reserved 1101824K
  class space    used 6391K, capacity 7207K, committed 7296K, reserved 1048576K
}
Event: 26.276 GC heap before
{Heap before GC invocations=12 (full 0):
 garbage-first heap   total 157696K, used 119443K [0x0000000081800000, 0x0000000100000000)
  region size 1024K, 92 young (94208K), 10 survivors (10240K)
 Metaspace       used 67309K, capacity 69533K, committed 69712K, reserved 1110016K
  class space    used 8101K, capacity 8900K, committed 8960K, reserved 1048576K
}
Event: 26.295 GC heap after
{Heap after GC invocations=13 (full 0):
 garbage-first heap   total 157696K, used 40193K [0x0000000081800000, 0x0000000100000000)
  region size 1024K, 9 young (9216K), 9 survivors (9216K)
 Metaspace       used 67309K, capacity 69533K, committed 69712K, reserved 1110016K
  class space    used 8101K, capacity 8900K, committed 8960K, reserved 1048576K
}
Event: 27.357 GC heap before
{Heap before GC invocations=13 (full 0):
 garbage-first heap   total 157696K, used 91393K [0x0000000081800000, 0x0000000100000000)
  region size 1024K, 60 young (61440K), 9 survivors (9216K)
 Metaspace       used 74460K, capacity 76864K, committed 76880K, reserved 1116160K
  class space    used 9126K, capacity 9976K, committed 9984K, reserved 1048576K
}
Event: 27.376 GC heap after
{Heap after GC invocations=14 (full 0):
 garbage-first heap   total 157696K, used 43069K [0x0000000081800000, 0x0000000100000000)
  region size 1024K, 7 young (7168K), 7 survivors (7168K)
 Metaspace       used 74460K, capacity 76864K, committed 76880K, reserved 1116160K
  class space    used 9126K, capacity 9976K, committed 9984K, reserved 1048576K
}

Deoptimization events (10 events):
Event: 25.487 Thread 0x00000215b4179800 Uncommon trap: reason=unstable_if action=reinterpret pc=0x00000215c5c532b8 method=net.sf.cglib.asm.$Type.getArgumentTypes(Ljava/lang/String;)[Lnet/sf/cglib/asm/$Type; @ 111 c2
Event: 25.620 Thread 0x00000215b4179800 Uncommon trap: reason=unstable_if action=reinterpret pc=0x00000215c5c58248 method=net.sf.cglib.asm.$Type.getArgumentsAndReturnSizes(Ljava/lang/String;)I @ 88 c2
Event: 25.672 Thread 0x00000215b4179800 Uncommon trap: reason=unstable_if action=reinterpret pc=0x00000215c5c5bd5c method=net.sf.cglib.asm.$Type.a(Ljava/lang/StringBuffer;Ljava/lang/Class;)V @ 127 c2
Event: 26.334 Thread 0x00000215b4179800 Uncommon trap: reason=unstable_if action=reinterpret pc=0x00000215c5ac149c method=java.lang.String.toLowerCase(Ljava/util/Locale;)Ljava/lang/String; @ 4 c2
Event: 26.334 Thread 0x00000215b4179800 Uncommon trap: reason=unstable_if action=reinterpret pc=0x00000215c598b22c method=java.lang.CharacterData.of(I)Ljava/lang/CharacterData; @ 4 c2
Event: 26.339 Thread 0x00000215b4179800 Uncommon trap: reason=unstable_if action=reinterpret pc=0x00000215c58f1f20 method=java.lang.String.hashCode()I @ 22 c2
Event: 26.527 Thread 0x00000215b4179800 Uncommon trap: reason=unstable_if action=reinterpret pc=0x00000215c5c23868 method=java.util.regex.Pattern$Start.match(Ljava/util/regex/Matcher;ILjava/lang/CharSequence;)Z @ 34 c2
Event: 26.854 Thread 0x00000215b4179800 Uncommon trap: reason=unstable_if action=reinterpret pc=0x00000215c5c987d8 method=java.util.Formatter$FormatSpecifier.<init>(Ljava/util/Formatter;Ljava/lang/String;Ljava/util/regex/Matcher;)V @ 182 c2
Event: 26.854 Thread 0x00000215b4179800 Uncommon trap: reason=unstable_if action=reinterpret pc=0x00000215c5c75e90 method=java.util.Formatter$FormatSpecifier.print(Ljava/lang/Object;Ljava/util/Locale;)V @ 18 c2
Event: 26.854 Thread 0x00000215b4179800 Uncommon trap: reason=unstable_if action=reinterpret pc=0x00000215c5c4c2a4 method=java.util.Formatter$FormatSpecifier.print(Ljava/lang/Object;Ljava/util/Locale;)V @ 18 c2

Classes redefined (0 events):
No events

Internal exceptions (10 events):
Event: 20.321 Thread 0x00000215b4179800 Exception <a 'sun/nio/fs/WindowsException'{0x0000000088de5538}> (0x0000000088de5538) thrown at [./open/src/hotspot/share/prims/jni.cpp, line 611]
Event: 20.342 Thread 0x00000215b4179800 Exception <a 'sun/nio/fs/WindowsException'{0x0000000088c031f8}> (0x0000000088c031f8) thrown at [./open/src/hotspot/share/prims/jni.cpp, line 611]
Event: 20.553 Thread 0x00000215b4179800 Exception <a 'java/lang/NoSuchMethodError'{0x0000000088a5a5b8}: java.lang.invoke.DirectMethodHandle$Holder.invokeInterface(Ljava/lang/Object;Ljava/lang/Object;)I> (0x0000000088a5a5b8) thrown at [./open/src/hotspot/share/interpreter/linkResolver.cpp, line 
Event: 24.184 Thread 0x00000215b4179800 Exception <a 'java/lang/NoSuchMethodError'{0x0000000087c88a98}: java.lang.invoke.DirectMethodHandle$Holder.invokeInterface(Ljava/lang/Object;Ljava/lang/Object;Ljava/lang/Object;)Ljava/lang/Object;> (0x0000000087c88a98) thrown at [./open/src/hotspot/share/
Event: 24.241 Thread 0x00000215b4179800 Exception <a 'java/lang/NoSuchMethodError'{0x0000000087a95658}: java.lang.invoke.DirectMethodHandle$Holder.invokeStatic(Ljava/lang/Object;IILjava/lang/Object;)Ljava/lang/Object;> (0x0000000087a95658) thrown at [./open/src/hotspot/share/interpreter/linkRes
Event: 24.263 Thread 0x00000215d68ec000 Exception <a 'java/lang/InterruptedException'{0x0000000087980840}: sleep interrupted> (0x0000000087980840) thrown at [./open/src/hotspot/share/prims/jvm.cpp, line 3124]
Event: 25.185 Thread 0x00000215b4179800 Exception <a 'java/lang/NoSuchMethodError'{0x0000000089aeeb70}: java.lang.invoke.DirectMethodHandle$Holder.invokeStaticInit(Ljava/lang/Object;I)Ljava/lang/Object;> (0x0000000089aeeb70) thrown at [./open/src/hotspot/share/interpreter/linkResolver.cpp, line
Event: 25.202 Thread 0x00000215b4179800 Exception <a 'java/lang/NoSuchMethodError'{0x00000000899c2af0}: java.lang.invoke.DirectMethodHandle$Holder.invokeStaticInit(Ljava/lang/Object;Ljava/lang/Object;Ljava/lang/Object;Ljava/lang/Object;)Ljava/lang/Object;> (0x00000000899c2af0) thrown at [./open
Event: 26.347 Thread 0x00000215b4179800 Exception <a 'java/lang/NoSuchMethodError'{0x000000008b0196d0}: java.lang.invoke.DirectMethodHandle$Holder.invokeStaticInit(Ljava/lang/Object;Ljava/lang/Object;Ljava/lang/Object;)V> (0x000000008b0196d0) thrown at [./open/src/hotspot/share/interpreter/link
Event: 26.851 Thread 0x00000215b4179800 Exception <a 'java/lang/NoSuchMethodError'{0x0000000089223200}: java.lang.invoke.DirectMethodHandle$Holder.invokeSpecialIFC(Ljava/lang/Object;Ljava/lang/Object;Ljava/lang/Object;Ljava/lang/Object;)I> (0x0000000089223200) thrown at [./open/src/hotspot/shar

Events (10 events):
Event: 27.393 loading class net/sf/cglib/reflect/FastClassEmitter
Event: 27.393 loading class net/sf/cglib/reflect/FastClassEmitter done
Event: 27.393 Executing VM operation: Deoptimize
Event: 27.394 Executing VM operation: Deoptimize done
Event: 27.396 loading class net/sf/cglib/reflect/FastClassEmitter$1
Event: 27.396 loading class net/sf/cglib/reflect/FastClassEmitter$1 done
Event: 27.399 loading class net/sf/cglib/reflect/FastClassEmitter$3
Event: 27.399 loading class net/sf/cglib/reflect/FastClassEmitter$3 done
Event: 27.404 loading class net/sf/cglib/reflect/FastClassEmitter$2
Event: 27.404 loading class net/sf/cglib/reflect/FastClassEmitter$2 done


Dynamic libraries:
0x00007ff6f5500000 - 0x00007ff6f550f000 	C:\Program Files\Java\jdk-11.0.10\bin\java.exe
0x00007ffa2cb80000 - 0x00007ffa2cd70000 	C:\WINDOWS\SYSTEM32\ntdll.dll
0x00007ffa2af70000 - 0x00007ffa2b022000 	C:\WINDOWS\System32\KERNEL32.DLL
0x00007ffa2a480000 - 0x00007ffa2a725000 	C:\WINDOWS\System32\KERNELBASE.dll
0x00007ffa2a8d0000 - 0x00007ffa2a9ca000 	C:\WINDOWS\System32\ucrtbase.dll
0x00007ffa0de50000 - 0x00007ffa0de68000 	C:\Program Files\Java\jdk-11.0.10\bin\jli.dll
0x00007ffa0de70000 - 0x00007ffa0de85000 	C:\Program Files\Java\jdk-11.0.10\bin\VCRUNTIME140.dll
0x00007ffa2aec0000 - 0x00007ffa2af63000 	C:\WINDOWS\System32\ADVAPI32.dll
0x00007ffa2baa0000 - 0x00007ffa2bb3e000 	C:\WINDOWS\System32\msvcrt.dll
0x00007ffa2ba00000 - 0x00007ffa2ba97000 	C:\WINDOWS\System32\sechost.dll
0x00007ffa2bf90000 - 0x00007ffa2c0af000 	C:\WINDOWS\System32\RPCRT4.dll
0x00007ffa2bbc0000 - 0x00007ffa2bd54000 	C:\WINDOWS\System32\USER32.dll
0x00007ffa2a750000 - 0x00007ffa2a771000 	C:\WINDOWS\System32\win32u.dll
0x00007ffa07ec0000 - 0x00007ffa08144000 	C:\WINDOWS\WinSxS\amd64_microsoft.windows.common-controls_6595b64144ccf1df_6.0.18362.1316_none_9e7a364fe461dbd7\COMCTL32.dll
0x00007ffa2b030000 - 0x00007ffa2b056000 	C:\WINDOWS\System32\GDI32.dll
0x00007ffa2aa60000 - 0x00007ffa2abf8000 	C:\WINDOWS\System32\gdi32full.dll
0x00007ffa2c7a0000 - 0x00007ffa2cad7000 	C:\WINDOWS\System32\combase.dll
0x00007ffa29b00000 - 0x00007ffa29b9e000 	C:\WINDOWS\System32\msvcp_win.dll
0x00007ffa2a9d0000 - 0x00007ffa2aa51000 	C:\WINDOWS\System32\bcryptPrimitives.dll
0x00007ffa1f1b0000 - 0x00007ffa1f1ba000 	C:\WINDOWS\SYSTEM32\VERSION.dll
0x00007ffa2b890000 - 0x00007ffa2b8be000 	C:\WINDOWS\System32\IMM32.DLL
0x00007ffa0f2f0000 - 0x00007ffa0f38b000 	C:\Program Files\Java\jdk-11.0.10\bin\msvcp140.dll
0x00007ffa06a60000 - 0x00007ffa0755b000 	C:\Program Files\Java\jdk-11.0.10\bin\server\jvm.dll
0x00007ffa2b870000 - 0x00007ffa2b878000 	C:\WINDOWS\System32\PSAPI.DLL
0x00007ffa16660000 - 0x00007ffa16669000 	C:\WINDOWS\SYSTEM32\WSOCK32.dll
0x00007ffa27340000 - 0x00007ffa27364000 	C:\WINDOWS\SYSTEM32\WINMM.dll
0x00007ffa2ae50000 - 0x00007ffa2aebf000 	C:\WINDOWS\System32\WS2_32.dll
0x00007ffa27310000 - 0x00007ffa2733d000 	C:\WINDOWS\SYSTEM32\WINMMBASE.dll
0x00007ffa2a430000 - 0x00007ffa2a47a000 	C:\WINDOWS\System32\cfgmgr32.dll
0x00007ffa29a40000 - 0x00007ffa29a51000 	C:\WINDOWS\System32\kernel.appcore.dll
0x00007ffa04ec0000 - 0x00007ffa04ed0000 	C:\Program Files\Java\jdk-11.0.10\bin\verify.dll
0x00007ffa0f6a0000 - 0x00007ffa0f894000 	C:\WINDOWS\SYSTEM32\DBGHELP.DLL
0x00007ffa0fdb0000 - 0x00007ffa0fdda000 	C:\WINDOWS\SYSTEM32\dbgcore.DLL
0x00007ffa04e10000 - 0x00007ffa04e38000 	C:\Program Files\Java\jdk-11.0.10\bin\java.dll
0x00007ffa04b10000 - 0x00007ffa04b1a000 	C:\Program Files\Java\jdk-11.0.10\bin\jimage.dll
0x00007ffa244b0000 - 0x00007ffa244c6000 	C:\Program Files\Java\jdk-11.0.10\bin\zip.dll
0x00007ffa2c0b0000 - 0x00007ffa2c798000 	C:\WINDOWS\System32\SHELL32.dll
0x00007ffa2be30000 - 0x00007ffa2bed7000 	C:\WINDOWS\System32\shcore.dll
0x00007ffa29cb0000 - 0x00007ffa2a42b000 	C:\WINDOWS\System32\windows.storage.dll
0x00007ffa29ad0000 - 0x00007ffa29af3000 	C:\WINDOWS\System32\profapi.dll
0x00007ffa29a80000 - 0x00007ffa29aca000 	C:\WINDOWS\System32\powrprof.dll
0x00007ffa29a30000 - 0x00007ffa29a40000 	C:\WINDOWS\System32\UMPDC.dll
0x00007ffa2b7a0000 - 0x00007ffa2b7f2000 	C:\WINDOWS\System32\shlwapi.dll
0x00007ffa2a730000 - 0x00007ffa2a747000 	C:\WINDOWS\System32\cryptsp.dll
0x00007ffa0ca10000 - 0x00007ffa0ca29000 	C:\Program Files\Java\jdk-11.0.10\bin\net.dll
0x00007ffa1f930000 - 0x00007ffa1fa20000 	C:\WINDOWS\SYSTEM32\WINHTTP.dll
0x00007ffa29270000 - 0x00007ffa292d7000 	C:\WINDOWS\system32\mswsock.dll
0x00007ffa0c9f0000 - 0x00007ffa0ca02000 	C:\Program Files\Java\jdk-11.0.10\bin\nio.dll
0x00007ffa26310000 - 0x00007ffa2631a000 	E:\Maven\apache-maven-3.6.3\lib\jansi-native\windows64\jansi.dll
0x00007ffa28df0000 - 0x00007ffa28e23000 	C:\WINDOWS\system32\rsaenh.dll
0x00007ffa2ac00000 - 0x00007ffa2ac26000 	C:\WINDOWS\System32\bcrypt.dll
0x00007ffa29910000 - 0x00007ffa29935000 	C:\WINDOWS\SYSTEM32\USERENV.dll
0x00007ffa29440000 - 0x00007ffa2944c000 	C:\WINDOWS\SYSTEM32\CRYPTBASE.dll
0x00007ffa28f80000 - 0x00007ffa28fba000 	C:\WINDOWS\SYSTEM32\IPHLPAPI.DLL
0x00007ffa2ae40000 - 0x00007ffa2ae48000 	C:\WINDOWS\System32\NSI.dll
0x00007ffa20110000 - 0x00007ffa20126000 	C:\WINDOWS\SYSTEM32\dhcpcsvc6.DLL
0x00007ffa208d0000 - 0x00007ffa208ec000 	C:\WINDOWS\SYSTEM32\dhcpcsvc.DLL
0x00007ffa28fc0000 - 0x00007ffa2908b000 	C:\WINDOWS\SYSTEM32\DNSAPI.dll
0x00007ffa20b10000 - 0x00007ffa20b1d000 	C:\Program Files\Java\jdk-11.0.10\bin\sunmscapi.dll
0x00007ffa2a780000 - 0x00007ffa2a8ca000 	C:\WINDOWS\System32\CRYPT32.dll
0x00007ffa29a60000 - 0x00007ffa29a72000 	C:\WINDOWS\System32\MSASN1.dll
0x00007ffa29540000 - 0x00007ffa29566000 	C:\WINDOWS\SYSTEM32\ncrypt.dll
0x00007ffa29500000 - 0x00007ffa2953b000 	C:\WINDOWS\SYSTEM32\NTASN1.dll
0x00007ffa1c150000 - 0x00007ffa1c175000 	C:\Program Files\Java\jdk-11.0.10\bin\sunec.dll
0x00007ffa1e1e0000 - 0x00007ffa1e1ea000 	C:\Windows\System32\rasadhlp.dll
0x00007ffa1fc30000 - 0x00007ffa1fca7000 	C:\WINDOWS\System32\fwpuclnt.dll

dbghelp: loaded successfully - version: 4.0.5 - missing functions: none
symbol engine: initialized successfully - sym options: 0x614 - pdb path: .;C:\Program Files\Java\jdk-11.0.10\bin;C:\WINDOWS\SYSTEM32;C:\WINDOWS\WinSxS\amd64_microsoft.windows.common-controls_6595b64144ccf1df_6.0.18362.1316_none_9e7a364fe461dbd7;C:\Program Files\Java\jdk-11.0.10\bin\server;E:\Maven\apache-maven-3.6.3\lib\jansi-native\windows64

VM Arguments:
jvm_args: -Dclassworlds.conf=E:\Maven\apache-maven-3.6.3\bin\..\bin\m2.conf -Dmaven.home=E:\Maven\apache-maven-3.6.3\bin\.. -Dlibrary.jansi.path=E:\Maven\apache-maven-3.6.3\bin\..\lib\jansi-native -Dmaven.multiModuleProjectDirectory=E:\Maven\Mevan_REPO\my-app\Jenkins 
java_command: org.codehaus.plexus.classworlds.launcher.Launcher clean test sonar:sonar
java_class_path (initial): E:\Maven\apache-maven-3.6.3\bin\..\boot\plexus-classworlds-2.6.0.jar
Launcher Type: SUN_STANDARD

[Global flags]
     intx CICompilerCount                          = 3                                         {product} {ergonomic}
     uint ConcGCThreads                            = 1                                         {product} {ergonomic}
     uint G1ConcRefinementThreads                  = 4                                         {product} {ergonomic}
   size_t G1HeapRegionSize                         = 1048576                                   {product} {ergonomic}
    uintx GCDrainStackTargetSize                   = 64                                        {product} {ergonomic}
   size_t InitialHeapSize                          = 134217728                                 {product} {ergonomic}
   size_t MarkStackSize                            = 4194304                                   {product} {ergonomic}
   size_t MaxHeapSize                              = 2122317824                                {product} {ergonomic}
   size_t MaxNewSize                               = 1272971264                                {product} {ergonomic}
   size_t MinHeapDeltaBytes                        = 1048576                                   {product} {ergonomic}
    uintx NonNMethodCodeHeapSize                   = 5830732                                {pd product} {ergonomic}
    uintx NonProfiledCodeHeapSize                  = 122913754                              {pd product} {ergonomic}
    uintx ProfiledCodeHeapSize                     = 122913754                              {pd product} {ergonomic}
    uintx ReservedCodeCacheSize                    = 251658240                              {pd product} {ergonomic}
     bool SegmentedCodeCache                       = true                                      {product} {ergonomic}
     bool UseCompressedClassPointers               = true                                 {lp64_product} {ergonomic}
     bool UseCompressedOops                        = true                                 {lp64_product} {ergonomic}
     bool UseG1GC                                  = true                                      {product} {ergonomic}
     bool UseLargePagesIndividualAllocation        = false                                  {pd product} {ergonomic}

Logging:
Log output configuration:
 #0: stdout all=warning uptime,level,tags
 #1: stderr all=off uptime,level,tags

Environment Variables:
JAVA_HOME=C:\Program Files\Java\jdk-11.0.10\
PATH=C:\Program Files\Common Files\Oracle\Java\javapath;C:\Program Files\Microsoft MPI\Bin\;C:\oraclexe\app\oracle\product\11.2.0\server\bin;C:\ProgramData\Oracle\Java\javapath;C:\WINDOWS\system32;C:\WINDOWS;C:\WINDOWS\System32\Wbem;C:\WINDOWS\System32\WindowsPowerShell\v1.0\;C:\Program Files\Microsoft SQL Server\110\Tools\Binn\;C:\Program Files (x86)\Microsoft SDKs\TypeScript\1.8\;C:\Program Files\Microsoft SQL Server\120\Tools\Binn\;C:\Program Files (x86)\Microsoft SQL Server\110\Tools\Binn\;C:\Program Files\Microsoft SQL Server\110\DTS\Binn\;C:\Program Files (x86)\Microsoft SQL Server\110\Tools\Binn\ManagementStudio\;C:\Program Files (x86)\Microsoft SQL Server\110\DTS\Binn\;C:\Program Files\Calibre2\;C:\Program Files\Microsoft SQL Server\130\Tools\Binn\;C:\WINDOWS\System32\OpenSSH\;C:\Program Files\dotnet\;C:\Program Files\nodejs\;C:\Program Files (x86)\dotnet\;C:\Program Files\Git\cmd;C:\Program Files (x86)\Notepad++;C:\Program Files\Perforce\;C:\Program Files\Java\jdk-11.0.10\bin;E:\Maven\apache-maven-3.6.3\bin;C:\Users\Dhiraj\bin\Sencha\Cmd;C:\Users\Dhiraj\AppData\Local\Microsoft\WindowsApps;C:\Users\Dhiraj\AppData\Local\Programs\Fiddler;C:\Users\Dhiraj\AppData\Local\Microsoft\WindowsApps;C:\Users\Dhiraj\AppData\Roaming\npm;C:\Users\Dhiraj\AppData\Local\Programs\Microsoft VS Code\bin;C:\Users\Dhiraj\.dotnet\tools;E:\Maven\apache-maven-3.6.3\bin;
USERNAME=Dhiraj
OS=Windows_NT
PROCESSOR_IDENTIFIER=Intel64 Family 6 Model 69 Stepping 1, GenuineIntel



---------------  S Y S T E M  ---------------

OS: Windows 10 , 64 bit Build 18362 (10.0.18362.1316)

CPU:total 4 (initial active 4) (2 cores per cpu, 2 threads per core) family 6 model 69 stepping 1 microcode 0x24, cmov, cx8, fxsr, mmx, sse, sse2, sse3, ssse3, sse4.1, sse4.2, popcnt, avx, avx2, aes, clmul, erms, lzcnt, ht, tsc, tscinvbit, bmi1, bmi2, fma

Memory: 4k page, system-wide physical 8088M (884M free)
TotalPageFile size 8088M (AvailPageFile size 5M)
current process WorkingSet (physical memory assigned to process): 323M, peak: 323M
current process commit charge ("private bytes"): 369M, peak: 371M

vm_info: Java HotSpot(TM) 64-Bit Server VM (11.0.10+8-LTS-162) for windows-amd64 JRE (11.0.10+8-LTS-162), built on Dec  8 2020 16:32:57 by "mach5one" with MS VC++ 15.9 (VS2017)

END.
