#
# There is insufficient memory for the Java Runtime Environment to continue.
# Native memory allocation (malloc) failed to allocate 131088 bytes for Chunk::new
# Possible reasons:
#   The system is out of physical RAM or swap space
#   The process is running with CompressedOops enabled, and the Java Heap may be blocking the growth of the native heap
# Possible solutions:
#   Reduce memory load on the system
#   Increase physical memory or swap space
#   Check if swap backing store is full
#   Decrease Java heap size (-Xmx/-Xms)
#   Decrease number of Java threads
#   Decrease Java thread stack sizes (-Xss)
#   Set larger code cache with -XX:ReservedCodeCacheSize=
#   JVM is running with Unscaled Compressed Oops mode in which the Java heap is
#     placed in the first 4GB address space. The Java Heap base address is the
#     maximum limit for the native heap growth. Please use -XX:HeapBaseMinAddress
#     to set the Java Heap base and to place the Java Heap above 4GB virtual address.
# This output file may be truncated or incomplete.
#
#  Out of Memory Error (./open/src/hotspot/share/memory/arena.cpp:197), pid=2640, tid=7160
#
# JRE version: Java(TM) SE Runtime Environment 18.9 (11.0.10+8) (build 11.0.10+8-LTS-162)
# Java VM: Java HotSpot(TM) 64-Bit Server VM 18.9 (11.0.10+8-LTS-162, mixed mode, tiered, compressed oops, g1 gc, windows-amd64)
# No core dump will be written. Minidumps are not enabled by default on client versions of Windows
#

---------------  S U M M A R Y ------------

Command Line: jenkins.maven3.agent.Maven35Main E:\Maven\apache-maven-3.6.3 C:\Windows\System32\config\systemprofile\AppData\Local\Jenkins\war\WEB-INF\lib\remoting-4.5.jar C:\WINDOWS\system32\config\systemprofile\AppData\Local\Jenkins\.jenkins\plugins\maven-plugin\WEB-INF\lib\maven35-interceptor-1.13.jar C:\WINDOWS\system32\config\systemprofile\AppData\Local\Jenkins\.jenkins\plugins\maven-plugin\WEB-INF\lib\maven3-interceptor-commons-1.13.jar 53198

Host: Intel(R) Core(TM) i5-4210U CPU @ 1.70GHz, 4 cores, 7G,  Windows 10 , 64 bit Build 18362 (10.0.18362.1316)
Time: Sun Jan 31 18:21:34 2021 India Standard Time elapsed time: 3.317669 seconds (0d 0h 0m 3s)

---------------  T H R E A D  ---------------

Current thread (0x000001a8f9d9e800):  JavaThread "C2 CompilerThread0" daemon [_thread_in_native, id=7160, stack(0x0000002dd8000000,0x0000002dd8100000)]


Current CompileTask:
C2:   3317 1558   !   4       java.io.ObjectInputStream::readObject0 (671 bytes)

Stack: [0x0000002dd8000000,0x0000002dd8100000]
Native frames: (J=compiled Java code, j=interpreted, Vv=VM code, C=native code)
V  [jvm.dll+0x613e6a]
V  [jvm.dll+0x74c1ff]
V  [jvm.dll+0x74d885]
V  [jvm.dll+0x74df03]
V  [jvm.dll+0x243b78]
V  [jvm.dll+0xba2cc]
V  [jvm.dll+0xba43d]
V  [jvm.dll+0x5f449f]
V  [jvm.dll+0x5a6572]
V  [jvm.dll+0x5aaaa8]
V  [jvm.dll+0x5ab175]
V  [jvm.dll+0x5a9ece]
V  [jvm.dll+0x1fd237]
V  [jvm.dll+0x1fc54f]
V  [jvm.dll+0x17f09c]
V  [jvm.dll+0x20bbd4]
V  [jvm.dll+0x209cab]
V  [jvm.dll+0x713619]
V  [jvm.dll+0x70c314]
V  [jvm.dll+0x613036]
C  [ucrtbase.dll+0x210b2]
C  [KERNEL32.DLL+0x17c24]
C  [ntdll.dll+0x6d4d1]


---------------  P R O C E S S  ---------------

Threads class SMR info:
_java_thread_list=0x000001a8fb7f3a90, length=101, elements={
0x000001a8ea8c3800, 0x000001a8f9d5c800, 0x000001a8f9d87800, 0x000001a8f9d98800,
0x000001a8f9d9a000, 0x000001a8f9d9e800, 0x000001a8f9da7000, 0x000001a8f9db2800,
0x000001a8fa85d000, 0x000001a8fa86a000, 0x000001a8fafb4000, 0x000001a8fb42b800,
0x000001a8fb458000, 0x000001a8fb458800, 0x000001a8fb459800, 0x000001a8fb945000,
0x000001a8fac88000, 0x000001a8fb666000, 0x000001a8fb666800, 0x000001a8fadf5000,
0x000001a8faa37800, 0x000001a8faa38800, 0x000001a8faa39800, 0x000001a8faa3a000,
0x000001a8faa3b000, 0x000001a8faa35800, 0x000001a8faa3c000, 0x000001a8faa37000,
0x000001a8faa36000, 0x000001a8fb526800, 0x000001a8fb525800, 0x000001a8fb525000,
0x000001a8fb528000, 0x000001a8fb527800, 0x000001a8fb522800, 0x000001a8fb529000,
0x000001a8fb523000, 0x000001a8fb529800, 0x000001a8fb524000, 0x000001a8fb52e000,
0x000001a8fb52a800, 0x000001a8fb52c000, 0x000001a8fb52d000, 0x000001a8fb52e800,
0x000001a8fb52f800, 0x000001a8fb530000, 0x000001a8fb531000, 0x000001a8fb52b800,
0x000001a8fb95a800, 0x000001a8fb957000, 0x000001a8fb95c000, 0x000001a8fb95b800,
0x000001a8fb959800, 0x000001a8fb959000, 0x000001a8fb95d000, 0x000001a8fb95d800,
0x000001a8fb958000, 0x000001a8fb964800, 0x000001a8fb95f800, 0x000001a8fb960000,
0x000001a8fb961000, 0x000001a8fb962000, 0x000001a8fb95e800, 0x000001a8fb962800,
0x000001a8fb965000, 0x000001a8fb963800, 0x000001a8fb966000, 0x000001a8fb75f000,
0x000001a8fb75d800, 0x000001a8fb75e800, 0x000001a8fb760800, 0x000001a8fb75c800,
0x000001a8fb760000, 0x000001a8fb761800, 0x000001a8fb75c000, 0x000001a8fb764000,
0x000001a8fb765000, 0x000001a8fb765800, 0x000001a8fb762800, 0x000001a8fb766800,
0x000001a8fb767800, 0x000001a8fb768000, 0x000001a8fb769000, 0x000001a8fb763000,
0x000001a8fb769800, 0x000001a8fb76a800, 0x000001a8fb798000, 0x000001a8fb799000,
0x000001a8fb794800, 0x000001a8fb795800, 0x000001a8fb796800, 0x000001a8fb799800,
0x000001a8fb797000, 0x000001a8fb794000, 0x000001a8fb79b000, 0x000001a8fb79a800,
0x000001a8fb79d800, 0x000001a8fb7a1000, 0x000001a8fb7a1800, 0x000001a8fb7a0000,
0x000001a8fb79d000
}

Java Threads: ( => current thread )
  0x000001a8ea8c3800 JavaThread "main" [_thread_blocked, id=11576, stack(0x0000002dd7500000,0x0000002dd7600000)]
  0x000001a8f9d5c800 JavaThread "Reference Handler" daemon [_thread_blocked, id=9564, stack(0x0000002dd7c00000,0x0000002dd7d00000)]
  0x000001a8f9d87800 JavaThread "Finalizer" daemon [_thread_blocked, id=6024, stack(0x0000002dd7d00000,0x0000002dd7e00000)]
  0x000001a8f9d98800 JavaThread "Signal Dispatcher" daemon [_thread_blocked, id=5028, stack(0x0000002dd7e00000,0x0000002dd7f00000)]
  0x000001a8f9d9a000 JavaThread "Attach Listener" daemon [_thread_blocked, id=1500, stack(0x0000002dd7f00000,0x0000002dd8000000)]
=>0x000001a8f9d9e800 JavaThread "C2 CompilerThread0" daemon [_thread_in_native, id=7160, stack(0x0000002dd8000000,0x0000002dd8100000)]
  0x000001a8f9da7000 JavaThread "C1 CompilerThread0" daemon [_thread_blocked, id=12216, stack(0x0000002dd8100000,0x0000002dd8200000)]
  0x000001a8f9db2800 JavaThread "Sweeper thread" daemon [_thread_blocked, id=7712, stack(0x0000002dd8200000,0x0000002dd8300000)]
  0x000001a8fa85d000 JavaThread "Service Thread" daemon [_thread_blocked, id=13436, stack(0x0000002dd8300000,0x0000002dd8400000)]
  0x000001a8fa86a000 JavaThread "Common-Cleaner" daemon [_thread_blocked, id=7244, stack(0x0000002dd8500000,0x0000002dd8600000)]
  0x000001a8fafb4000 JavaThread "RemoteInvocationHandler [#1]" daemon [_thread_blocked, id=13716, stack(0x0000002dd8700000,0x0000002dd8800000)]
  0x000001a8fb42b800 JavaThread "Channel reader thread: channel" [_thread_in_native, id=8140, stack(0x0000002dd8800000,0x0000002dd8900000)]
  0x000001a8fb458000 JavaThread "pool-1-thread-1" [_thread_blocked, id=2300, stack(0x0000002dd8900000,0x0000002dd8a00000)]
  0x000001a8fb458800 JavaThread "pool-1-thread-2" [_thread_blocked, id=11504, stack(0x0000002dd8a00000,0x0000002dd8b00000)]
  0x000001a8fb459800 JavaThread "pool-1-thread-3" [_thread_blocked, id=3820, stack(0x0000002dd8b00000,0x0000002dd8c00000)]
  0x000001a8fb945000 JavaThread "pool-1-thread-4" [_thread_blocked, id=1588, stack(0x0000002dd8f00000,0x0000002dd9000000)]
  0x000001a8fac88000 JavaThread "pool-1-thread-5" [_thread_blocked, id=14136, stack(0x0000002dd8600000,0x0000002dd8700000)]
  0x000001a8fb666000 JavaThread "pool-1-thread-6" [_thread_blocked, id=8688, stack(0x0000002dd9000000,0x0000002dd9100000)]
  0x000001a8fb666800 JavaThread "pool-1-thread-7" [_thread_blocked, id=11044, stack(0x0000002dd9100000,0x0000002dd9200000)]
  0x000001a8fadf5000 JavaThread "pool-1-thread-8" [_thread_blocked, id=7156, stack(0x0000002dd9200000,0x0000002dd9300000)]
  0x000001a8faa37800 JavaThread "pool-1-thread-9" [_thread_blocked, id=1376, stack(0x0000002dd9300000,0x0000002dd9400000)]
  0x000001a8faa38800 JavaThread "pool-1-thread-10" [_thread_blocked, id=4588, stack(0x0000002dd9400000,0x0000002dd9500000)]
  0x000001a8faa39800 JavaThread "pool-1-thread-11" [_thread_blocked, id=7556, stack(0x0000002dd9500000,0x0000002dd9600000)]
  0x000001a8faa3a000 JavaThread "pool-1-thread-12" [_thread_blocked, id=1464, stack(0x0000002dd9600000,0x0000002dd9700000)]
  0x000001a8faa3b000 JavaThread "pool-1-thread-13" [_thread_blocked, id=8104, stack(0x0000002dd9700000,0x0000002dd9800000)]
  0x000001a8faa35800 JavaThread "pool-1-thread-14" [_thread_blocked, id=2940, stack(0x0000002dd9800000,0x0000002dd9900000)]
  0x000001a8faa3c000 JavaThread "pool-1-thread-15" [_thread_blocked, id=6428, stack(0x0000002dd9900000,0x0000002dd9a00000)]
  0x000001a8faa37000 JavaThread "pool-1-thread-16" [_thread_blocked, id=7020, stack(0x0000002dd9a00000,0x0000002dd9b00000)]
  0x000001a8faa36000 JavaThread "pool-1-thread-17" [_thread_blocked, id=224, stack(0x0000002dd9b00000,0x0000002dd9c00000)]
  0x000001a8fb526800 JavaThread "pool-1-thread-18" [_thread_blocked, id=14052, stack(0x0000002dd9c00000,0x0000002dd9d00000)]
  0x000001a8fb525800 JavaThread "pool-1-thread-19" [_thread_blocked, id=2272, stack(0x0000002dd9d00000,0x0000002dd9e00000)]
  0x000001a8fb525000 JavaThread "pool-1-thread-20 for channel id=2" [_thread_in_native, id=5400, stack(0x0000002dd9e00000,0x0000002dd9f00000)]
  0x000001a8fb528000 JavaThread "pool-1-thread-21" [_thread_blocked, id=10044, stack(0x0000002dd9f00000,0x0000002dda000000)]
  0x000001a8fb527800 JavaThread "pool-1-thread-22" [_thread_blocked, id=496, stack(0x0000002dda000000,0x0000002dda100000)]
  0x000001a8fb522800 JavaThread "pool-1-thread-23" [_thread_blocked, id=12876, stack(0x0000002dda100000,0x0000002dda200000)]
  0x000001a8fb529000 JavaThread "pool-1-thread-24" [_thread_blocked, id=8364, stack(0x0000002dda200000,0x0000002dda300000)]
  0x000001a8fb523000 JavaThread "pool-1-thread-25" [_thread_blocked, id=13616, stack(0x0000002dda300000,0x0000002dda400000)]
  0x000001a8fb529800 JavaThread "pool-1-thread-26" [_thread_blocked, id=7236, stack(0x0000002dda400000,0x0000002dda500000)]
  0x000001a8fb524000 JavaThread "pool-1-thread-27" [_thread_blocked, id=1092, stack(0x0000002dda500000,0x0000002dda600000)]
  0x000001a8fb52e000 JavaThread "pool-1-thread-28" [_thread_blocked, id=9764, stack(0x0000002dda600000,0x0000002dda700000)]
  0x000001a8fb52a800 JavaThread "pool-1-thread-29" [_thread_blocked, id=9524, stack(0x0000002dda700000,0x0000002dda800000)]
  0x000001a8fb52c000 JavaThread "pool-1-thread-30" [_thread_blocked, id=3356, stack(0x0000002dda800000,0x0000002dda900000)]
  0x000001a8fb52d000 JavaThread "pool-1-thread-31" [_thread_blocked, id=11604, stack(0x0000002dda900000,0x0000002ddaa00000)]
  0x000001a8fb52e800 JavaThread "pool-1-thread-32" [_thread_blocked, id=13408, stack(0x0000002ddaa00000,0x0000002ddab00000)]
  0x000001a8fb52f800 JavaThread "pool-1-thread-33" [_thread_blocked, id=7896, stack(0x0000002ddab00000,0x0000002ddac00000)]
  0x000001a8fb530000 JavaThread "pool-1-thread-34" [_thread_blocked, id=4368, stack(0x0000002ddac00000,0x0000002ddad00000)]
  0x000001a8fb531000 JavaThread "pool-1-thread-35" [_thread_blocked, id=7276, stack(0x0000002ddad00000,0x0000002ddae00000)]
  0x000001a8fb52b800 JavaThread "pool-1-thread-36" [_thread_blocked, id=12660, stack(0x0000002ddae00000,0x0000002ddaf00000)]
  0x000001a8fb95a800 JavaThread "pool-1-thread-37" [_thread_blocked, id=116, stack(0x0000002ddaf00000,0x0000002ddb000000)]
  0x000001a8fb957000 JavaThread "pool-1-thread-38" [_thread_blocked, id=7724, stack(0x0000002ddb000000,0x0000002ddb100000)]
  0x000001a8fb95c000 JavaThread "pool-1-thread-39" [_thread_blocked, id=4536, stack(0x0000002ddb100000,0x0000002ddb200000)]
  0x000001a8fb95b800 JavaThread "pool-1-thread-40" [_thread_blocked, id=9588, stack(0x0000002ddb200000,0x0000002ddb300000)]
  0x000001a8fb959800 JavaThread "pool-1-thread-41" [_thread_blocked, id=8468, stack(0x0000002ddb300000,0x0000002ddb400000)]
  0x000001a8fb959000 JavaThread "pool-1-thread-42" [_thread_blocked, id=14140, stack(0x0000002ddb400000,0x0000002ddb500000)]
  0x000001a8fb95d000 JavaThread "pool-1-thread-43" [_thread_blocked, id=14288, stack(0x0000002ddb500000,0x0000002ddb600000)]
  0x000001a8fb95d800 JavaThread "pool-1-thread-44" [_thread_blocked, id=7180, stack(0x0000002ddb600000,0x0000002ddb700000)]
  0x000001a8fb958000 JavaThread "pool-1-thread-45" [_thread_blocked, id=11324, stack(0x0000002ddb700000,0x0000002ddb800000)]
  0x000001a8fb964800 JavaThread "pool-1-thread-46" [_thread_blocked, id=9984, stack(0x0000002ddb800000,0x0000002ddb900000)]
  0x000001a8fb95f800 JavaThread "pool-1-thread-47" [_thread_blocked, id=11440, stack(0x0000002ddb900000,0x0000002ddba00000)]
  0x000001a8fb960000 JavaThread "pool-1-thread-48" [_thread_blocked, id=13440, stack(0x0000002ddba00000,0x0000002ddbb00000)]
  0x000001a8fb961000 JavaThread "pool-1-thread-49" [_thread_blocked, id=7904, stack(0x0000002ddbb00000,0x0000002ddbc00000)]
  0x000001a8fb962000 JavaThread "pool-1-thread-50" [_thread_blocked, id=1664, stack(0x0000002ddbc00000,0x0000002ddbd00000)]
  0x000001a8fb95e800 JavaThread "pool-1-thread-51" [_thread_blocked, id=5612, stack(0x0000002ddbd00000,0x0000002ddbe00000)]
  0x000001a8fb962800 JavaThread "pool-1-thread-52" [_thread_blocked, id=13444, stack(0x0000002ddbe00000,0x0000002ddbf00000)]
  0x000001a8fb965000 JavaThread "pool-1-thread-53" [_thread_blocked, id=896, stack(0x0000002ddbf00000,0x0000002ddc000000)]
  0x000001a8fb963800 JavaThread "pool-1-thread-54" [_thread_blocked, id=12068, stack(0x0000002ddc000000,0x0000002ddc100000)]
  0x000001a8fb966000 JavaThread "pool-1-thread-55" [_thread_blocked, id=5680, stack(0x0000002ddc100000,0x0000002ddc200000)]
  0x000001a8fb75f000 JavaThread "pool-1-thread-56" [_thread_blocked, id=7920, stack(0x0000002ddc200000,0x0000002ddc300000)]
  0x000001a8fb75d800 JavaThread "pool-1-thread-57" [_thread_blocked, id=10408, stack(0x0000002ddc300000,0x0000002ddc400000)]
  0x000001a8fb75e800 JavaThread "pool-1-thread-58" [_thread_blocked, id=6868, stack(0x0000002ddc400000,0x0000002ddc500000)]
  0x000001a8fb760800 JavaThread "pool-1-thread-59" [_thread_blocked, id=13624, stack(0x0000002ddc500000,0x0000002ddc600000)]
  0x000001a8fb75c800 JavaThread "pool-1-thread-60" [_thread_blocked, id=14112, stack(0x0000002ddc600000,0x0000002ddc700000)]
  0x000001a8fb760000 JavaThread "pool-1-thread-61" [_thread_blocked, id=9472, stack(0x0000002ddc700000,0x0000002ddc800000)]
  0x000001a8fb761800 JavaThread "pool-1-thread-62" [_thread_blocked, id=7200, stack(0x0000002ddc800000,0x0000002ddc900000)]
  0x000001a8fb75c000 JavaThread "pool-1-thread-63" [_thread_blocked, id=9940, stack(0x0000002ddc900000,0x0000002ddca00000)]
  0x000001a8fb764000 JavaThread "pool-1-thread-64" [_thread_blocked, id=13592, stack(0x0000002ddca00000,0x0000002ddcb00000)]
  0x000001a8fb765000 JavaThread "pool-1-thread-65" [_thread_blocked, id=3892, stack(0x0000002ddcb00000,0x0000002ddcc00000)]
  0x000001a8fb765800 JavaThread "pool-1-thread-67" [_thread_blocked, id=11276, stack(0x0000002ddcc00000,0x0000002ddcd00000)]
  0x000001a8fb762800 JavaThread "pool-1-thread-68" [_thread_blocked, id=9356, stack(0x0000002ddcd00000,0x0000002ddce00000)]
  0x000001a8fb766800 JavaThread "pool-1-thread-69" [_thread_blocked, id=348, stack(0x0000002ddce00000,0x0000002ddcf00000)]
  0x000001a8fb767800 JavaThread "pool-1-thread-70" [_thread_blocked, id=11648, stack(0x0000002ddcf00000,0x0000002ddd000000)]
  0x000001a8fb768000 JavaThread "pool-1-thread-71" [_thread_blocked, id=14020, stack(0x0000002ddd000000,0x0000002ddd100000)]
  0x000001a8fb769000 JavaThread "pool-1-thread-72" [_thread_blocked, id=6884, stack(0x0000002ddd100000,0x0000002ddd200000)]
  0x000001a8fb763000 JavaThread "pool-1-thread-73" [_thread_blocked, id=2148, stack(0x0000002ddd200000,0x0000002ddd300000)]
  0x000001a8fb769800 JavaThread "pool-1-thread-74" [_thread_blocked, id=12180, stack(0x0000002ddd300000,0x0000002ddd400000)]
  0x000001a8fb76a800 JavaThread "pool-1-thread-75" [_thread_blocked, id=11496, stack(0x0000002ddd400000,0x0000002ddd500000)]
  0x000001a8fb798000 JavaThread "pool-1-thread-76" [_thread_blocked, id=13472, stack(0x0000002ddd500000,0x0000002ddd600000)]
  0x000001a8fb799000 JavaThread "pool-1-thread-77" [_thread_blocked, id=6512, stack(0x0000002ddd600000,0x0000002ddd700000)]
  0x000001a8fb794800 JavaThread "pool-1-thread-78" [_thread_blocked, id=5032, stack(0x0000002ddd700000,0x0000002ddd800000)]
  0x000001a8fb795800 JavaThread "pool-1-thread-79" [_thread_blocked, id=8204, stack(0x0000002ddd800000,0x0000002ddd900000)]
  0x000001a8fb796800 JavaThread "pool-1-thread-80" [_thread_blocked, id=5436, stack(0x0000002ddd900000,0x0000002ddda00000)]
  0x000001a8fb799800 JavaThread "pool-1-thread-81" [_thread_blocked, id=14108, stack(0x0000002ddda00000,0x0000002dddb00000)]
  0x000001a8fb797000 JavaThread "pool-1-thread-66" [_thread_blocked, id=13908, stack(0x0000002dddb00000,0x0000002dddc00000)]
  0x000001a8fb794000 JavaThread "pool-1-thread-82" [_thread_blocked, id=10596, stack(0x0000002dddc00000,0x0000002dddd00000)]
  0x000001a8fb79b000 JavaThread "pool-1-thread-83" [_thread_blocked, id=8332, stack(0x0000002dddd00000,0x0000002ddde00000)]
  0x000001a8fb79a800 JavaThread "pool-1-thread-84" [_thread_blocked, id=3256, stack(0x0000002ddde00000,0x0000002dddf00000)]
  0x000001a8fb79d800 JavaThread "pool-1-thread-85" [_thread_blocked, id=8300, stack(0x0000002dddf00000,0x0000002dde000000)]
  0x000001a8fb7a1000 JavaThread "pool-1-thread-87" [_thread_blocked, id=10216, stack(0x0000002dde000000,0x0000002dde100000)]
  0x000001a8fb7a1800 JavaThread "pool-1-thread-88" [_thread_blocked, id=4916, stack(0x0000002dde100000,0x0000002dde200000)]
  0x000001a8fb7a0000 JavaThread "pool-1-thread-86" [_thread_blocked, id=1136, stack(0x0000002dde200000,0x0000002dde300000)]
  0x000001a8fb79d000 JavaThread "C2 CompilerThread1" daemon [_thread_blocked, id=13588, stack(0x0000002dde300000,0x0000002dde400000)]

Other Threads:
  0x000001a8f9d59000 VMThread "VM Thread" [stack: 0x0000002dd7b00000,0x0000002dd7c00000] [id=6532]
  0x000001a8fa854000 WatcherThread [stack: 0x0000002dd8400000,0x0000002dd8500000] [id=11664]
  0x000001a8ea8db000 GCTaskThread "GC Thread#0" [stack: 0x0000002dd7600000,0x0000002dd7700000] [id=5576]
  0x000001a8fb14b800 GCTaskThread "GC Thread#1" [stack: 0x0000002dd8c00000,0x0000002dd8d00000] [id=6864]
  0x000001a8fb45a000 GCTaskThread "GC Thread#2" [stack: 0x0000002dd8d00000,0x0000002dd8e00000] [id=8108]
  0x000001a8fb45b000 GCTaskThread "GC Thread#3" [stack: 0x0000002dd8e00000,0x0000002dd8f00000] [id=7824]
  0x000001a8ea90b000 ConcurrentGCThread "G1 Main Marker" [stack: 0x0000002dd7700000,0x0000002dd7800000] [id=5936]
  0x000001a8ea90c800 ConcurrentGCThread "G1 Conc#0" [stack: 0x0000002dd7800000,0x0000002dd7900000] [id=12312]
  0x000001a8ea992000 ConcurrentGCThread "G1 Refine#0" [stack: 0x0000002dd7900000,0x0000002dd7a00000] [id=10404]
  0x000001a8f9bd0800 ConcurrentGCThread "G1 Young RemSet Sampling" [stack: 0x0000002dd7a00000,0x0000002dd7b00000] [id=9360]

Threads with active compile tasks:
C2 CompilerThread0   3347 1558   !   4       java.io.ObjectInputStream::readObject0 (671 bytes)

VM state:not at safepoint (normal execution)

VM Mutex/Monitor currently owned by a thread: None

Heap address: 0x0000000081800000, size: 2024 MB, Compressed Oops mode: 32-bit
Narrow klass base: 0x0000000000000000, Narrow klass shift: 3
Compressed class space size: 1073741824 Address: 0x0000000100000000

Heap:
 garbage-first heap   total 131072K, used 19387K [0x0000000081800000, 0x0000000100000000)
  region size 1024K, 13 young (13312K), 2 survivors (2048K)
 Metaspace       used 13784K, capacity 14338K, committed 14592K, reserved 1062912K
  class space    used 1315K, capacity 1493K, committed 1536K, reserved 1048576K
Heap Regions: E=young(eden), S=young(survivor), O=old, HS=humongous(starts), HC=humongous(continues), CS=collection set, F=free, A=archive, TAMS=top-at-mark-start (previous, next)
|   0|0x0000000081800000, 0x0000000081900000, 0x0000000081900000|100%|HS|  |TAMS 0x0000000081800000, 0x0000000081800000| Complete 
|   1|0x0000000081900000, 0x0000000081a00000, 0x0000000081a00000|100%|HC|  |TAMS 0x0000000081900000, 0x0000000081900000| Complete 
|   2|0x0000000081a00000, 0x0000000081b00000, 0x0000000081b00000|100%| O|  |TAMS 0x0000000081a00000, 0x0000000081a00000| Untracked 
|   3|0x0000000081b00000, 0x0000000081c00000, 0x0000000081c00000|100%|HS|  |TAMS 0x0000000081b00000, 0x0000000081b00000| Complete 
|   4|0x0000000081c00000, 0x0000000081d00000, 0x0000000081d00000|100%|HC|  |TAMS 0x0000000081c00000, 0x0000000081c00000| Complete 
|   5|0x0000000081d00000, 0x0000000081e00000, 0x0000000081e00000|100%| O|  |TAMS 0x0000000081d00000, 0x0000000081d00000| Untracked 
|   6|0x0000000081e00000, 0x0000000081ef5200, 0x0000000081f00000| 95%| O|  |TAMS 0x0000000081e00000, 0x0000000081e00000| Untracked 
|   7|0x0000000081f00000, 0x0000000081f00000, 0x0000000082000000|  0%| F|  |TAMS 0x0000000081f00000, 0x0000000081f00000| Untracked 
|   8|0x0000000082000000, 0x0000000082000000, 0x0000000082100000|  0%| F|  |TAMS 0x0000000082000000, 0x0000000082000000| Untracked 
|   9|0x0000000082100000, 0x0000000082100000, 0x0000000082200000|  0%| F|  |TAMS 0x0000000082100000, 0x0000000082100000| Untracked 
|  10|0x0000000082200000, 0x0000000082200000, 0x0000000082300000|  0%| F|  |TAMS 0x0000000082200000, 0x0000000082200000| Untracked 
|  11|0x0000000082300000, 0x0000000082300000, 0x0000000082400000|  0%| F|  |TAMS 0x0000000082300000, 0x0000000082300000| Untracked 
|  12|0x0000000082400000, 0x0000000082400000, 0x0000000082500000|  0%| F|  |TAMS 0x0000000082400000, 0x0000000082400000| Untracked 
|  13|0x0000000082500000, 0x0000000082500000, 0x0000000082600000|  0%| F|  |TAMS 0x0000000082500000, 0x0000000082500000| Untracked 
|  14|0x0000000082600000, 0x0000000082600000, 0x0000000082700000|  0%| F|  |TAMS 0x0000000082600000, 0x0000000082600000| Untracked 
|  15|0x0000000082700000, 0x0000000082700000, 0x0000000082800000|  0%| F|  |TAMS 0x0000000082700000, 0x0000000082700000| Untracked 
|  16|0x0000000082800000, 0x0000000082800000, 0x0000000082900000|  0%| F|  |TAMS 0x0000000082800000, 0x0000000082800000| Untracked 
|  17|0x0000000082900000, 0x0000000082900000, 0x0000000082a00000|  0%| F|  |TAMS 0x0000000082900000, 0x0000000082900000| Untracked 
|  18|0x0000000082a00000, 0x0000000082a00000, 0x0000000082b00000|  0%| F|  |TAMS 0x0000000082a00000, 0x0000000082a00000| Untracked 
|  19|0x0000000082b00000, 0x0000000082b00000, 0x0000000082c00000|  0%| F|  |TAMS 0x0000000082b00000, 0x0000000082b00000| Untracked 
|  20|0x0000000082c00000, 0x0000000082c00000, 0x0000000082d00000|  0%| F|  |TAMS 0x0000000082c00000, 0x0000000082c00000| Untracked 
|  21|0x0000000082d00000, 0x0000000082d00000, 0x0000000082e00000|  0%| F|  |TAMS 0x0000000082d00000, 0x0000000082d00000| Untracked 
|  22|0x0000000082e00000, 0x0000000082e00000, 0x0000000082f00000|  0%| F|  |TAMS 0x0000000082e00000, 0x0000000082e00000| Untracked 
|  23|0x0000000082f00000, 0x0000000082f00000, 0x0000000083000000|  0%| F|  |TAMS 0x0000000082f00000, 0x0000000082f00000| Untracked 
|  24|0x0000000083000000, 0x0000000083000000, 0x0000000083100000|  0%| F|  |TAMS 0x0000000083000000, 0x0000000083000000| Untracked 
|  25|0x0000000083100000, 0x0000000083100000, 0x0000000083200000|  0%| F|  |TAMS 0x0000000083100000, 0x0000000083100000| Untracked 
|  26|0x0000000083200000, 0x0000000083200000, 0x0000000083300000|  0%| F|  |TAMS 0x0000000083200000, 0x0000000083200000| Untracked 
|  27|0x0000000083300000, 0x0000000083300000, 0x0000000083400000|  0%| F|  |TAMS 0x0000000083300000, 0x0000000083300000| Untracked 
|  28|0x0000000083400000, 0x0000000083400000, 0x0000000083500000|  0%| F|  |TAMS 0x0000000083400000, 0x0000000083400000| Untracked 
|  29|0x0000000083500000, 0x0000000083500000, 0x0000000083600000|  0%| F|  |TAMS 0x0000000083500000, 0x0000000083500000| Untracked 
|  30|0x0000000083600000, 0x0000000083600000, 0x0000000083700000|  0%| F|  |TAMS 0x0000000083600000, 0x0000000083600000| Untracked 
|  31|0x0000000083700000, 0x0000000083700000, 0x0000000083800000|  0%| F|  |TAMS 0x0000000083700000, 0x0000000083700000| Untracked 
|  32|0x0000000083800000, 0x0000000083800000, 0x0000000083900000|  0%| F|  |TAMS 0x0000000083800000, 0x0000000083800000| Untracked 
|  33|0x0000000083900000, 0x0000000083900000, 0x0000000083a00000|  0%| F|  |TAMS 0x0000000083900000, 0x0000000083900000| Untracked 
|  34|0x0000000083a00000, 0x0000000083a00000, 0x0000000083b00000|  0%| F|  |TAMS 0x0000000083a00000, 0x0000000083a00000| Untracked 
|  35|0x0000000083b00000, 0x0000000083b00000, 0x0000000083c00000|  0%| F|  |TAMS 0x0000000083b00000, 0x0000000083b00000| Untracked 
|  36|0x0000000083c00000, 0x0000000083c00000, 0x0000000083d00000|  0%| F|  |TAMS 0x0000000083c00000, 0x0000000083c00000| Untracked 
|  37|0x0000000083d00000, 0x0000000083d00000, 0x0000000083e00000|  0%| F|  |TAMS 0x0000000083d00000, 0x0000000083d00000| Untracked 
|  38|0x0000000083e00000, 0x0000000083e00000, 0x0000000083f00000|  0%| F|  |TAMS 0x0000000083e00000, 0x0000000083e00000| Untracked 
|  39|0x0000000083f00000, 0x0000000083f00000, 0x0000000084000000|  0%| F|  |TAMS 0x0000000083f00000, 0x0000000083f00000| Untracked 
|  40|0x0000000084000000, 0x0000000084000000, 0x0000000084100000|  0%| F|  |TAMS 0x0000000084000000, 0x0000000084000000| Untracked 
|  41|0x0000000084100000, 0x0000000084100000, 0x0000000084200000|  0%| F|  |TAMS 0x0000000084100000, 0x0000000084100000| Untracked 
|  42|0x0000000084200000, 0x0000000084200000, 0x0000000084300000|  0%| F|  |TAMS 0x0000000084200000, 0x0000000084200000| Untracked 
|  43|0x0000000084300000, 0x0000000084300000, 0x0000000084400000|  0%| F|  |TAMS 0x0000000084300000, 0x0000000084300000| Untracked 
|  44|0x0000000084400000, 0x0000000084400000, 0x0000000084500000|  0%| F|  |TAMS 0x0000000084400000, 0x0000000084400000| Untracked 
|  45|0x0000000084500000, 0x0000000084500000, 0x0000000084600000|  0%| F|  |TAMS 0x0000000084500000, 0x0000000084500000| Untracked 
|  46|0x0000000084600000, 0x0000000084600000, 0x0000000084700000|  0%| F|  |TAMS 0x0000000084600000, 0x0000000084600000| Untracked 
|  47|0x0000000084700000, 0x0000000084700000, 0x0000000084800000|  0%| F|  |TAMS 0x0000000084700000, 0x0000000084700000| Untracked 
|  48|0x0000000084800000, 0x0000000084800000, 0x0000000084900000|  0%| F|  |TAMS 0x0000000084800000, 0x0000000084800000| Untracked 
|  49|0x0000000084900000, 0x0000000084900000, 0x0000000084a00000|  0%| F|  |TAMS 0x0000000084900000, 0x0000000084900000| Untracked 
|  50|0x0000000084a00000, 0x0000000084a00000, 0x0000000084b00000|  0%| F|  |TAMS 0x0000000084a00000, 0x0000000084a00000| Untracked 
|  51|0x0000000084b00000, 0x0000000084b00000, 0x0000000084c00000|  0%| F|  |TAMS 0x0000000084b00000, 0x0000000084b00000| Untracked 
|  52|0x0000000084c00000, 0x0000000084c00000, 0x0000000084d00000|  0%| F|  |TAMS 0x0000000084c00000, 0x0000000084c00000| Untracked 
|  53|0x0000000084d00000, 0x0000000084d00000, 0x0000000084e00000|  0%| F|  |TAMS 0x0000000084d00000, 0x0000000084d00000| Untracked 
|  54|0x0000000084e00000, 0x0000000084e00000, 0x0000000084f00000|  0%| F|  |TAMS 0x0000000084e00000, 0x0000000084e00000| Untracked 
|  55|0x0000000084f00000, 0x0000000084f00000, 0x0000000085000000|  0%| F|  |TAMS 0x0000000084f00000, 0x0000000084f00000| Untracked 
|  56|0x0000000085000000, 0x0000000085000000, 0x0000000085100000|  0%| F|  |TAMS 0x0000000085000000, 0x0000000085000000| Untracked 
|  57|0x0000000085100000, 0x0000000085100000, 0x0000000085200000|  0%| F|  |TAMS 0x0000000085100000, 0x0000000085100000| Untracked 
|  58|0x0000000085200000, 0x0000000085200000, 0x0000000085300000|  0%| F|  |TAMS 0x0000000085200000, 0x0000000085200000| Untracked 
|  59|0x0000000085300000, 0x0000000085300000, 0x0000000085400000|  0%| F|  |TAMS 0x0000000085300000, 0x0000000085300000| Untracked 
|  60|0x0000000085400000, 0x0000000085400000, 0x0000000085500000|  0%| F|  |TAMS 0x0000000085400000, 0x0000000085400000| Untracked 
|  61|0x0000000085500000, 0x0000000085500000, 0x0000000085600000|  0%| F|  |TAMS 0x0000000085500000, 0x0000000085500000| Untracked 
|  62|0x0000000085600000, 0x0000000085600000, 0x0000000085700000|  0%| F|  |TAMS 0x0000000085600000, 0x0000000085600000| Untracked 
|  63|0x0000000085700000, 0x0000000085700000, 0x0000000085800000|  0%| F|  |TAMS 0x0000000085700000, 0x0000000085700000| Untracked 
|  64|0x0000000085800000, 0x0000000085800000, 0x0000000085900000|  0%| F|  |TAMS 0x0000000085800000, 0x0000000085800000| Untracked 
|  65|0x0000000085900000, 0x0000000085900000, 0x0000000085a00000|  0%| F|  |TAMS 0x0000000085900000, 0x0000000085900000| Untracked 
|  66|0x0000000085a00000, 0x0000000085a00000, 0x0000000085b00000|  0%| F|  |TAMS 0x0000000085a00000, 0x0000000085a00000| Untracked 
|  67|0x0000000085b00000, 0x0000000085b00000, 0x0000000085c00000|  0%| F|  |TAMS 0x0000000085b00000, 0x0000000085b00000| Untracked 
|  68|0x0000000085c00000, 0x0000000085c00000, 0x0000000085d00000|  0%| F|  |TAMS 0x0000000085c00000, 0x0000000085c00000| Untracked 
|  69|0x0000000085d00000, 0x0000000085d00000, 0x0000000085e00000|  0%| F|  |TAMS 0x0000000085d00000, 0x0000000085d00000| Untracked 
|  70|0x0000000085e00000, 0x0000000085e00000, 0x0000000085f00000|  0%| F|  |TAMS 0x0000000085e00000, 0x0000000085e00000| Untracked 
|  71|0x0000000085f00000, 0x0000000085f00000, 0x0000000086000000|  0%| F|  |TAMS 0x0000000085f00000, 0x0000000085f00000| Untracked 
|  72|0x0000000086000000, 0x0000000086000000, 0x0000000086100000|  0%| F|  |TAMS 0x0000000086000000, 0x0000000086000000| Untracked 
|  73|0x0000000086100000, 0x0000000086100000, 0x0000000086200000|  0%| F|  |TAMS 0x0000000086100000, 0x0000000086100000| Untracked 
|  74|0x0000000086200000, 0x0000000086200000, 0x0000000086300000|  0%| F|  |TAMS 0x0000000086200000, 0x0000000086200000| Untracked 
|  75|0x0000000086300000, 0x0000000086300000, 0x0000000086400000|  0%| F|  |TAMS 0x0000000086300000, 0x0000000086300000| Untracked 
|  76|0x0000000086400000, 0x0000000086400000, 0x0000000086500000|  0%| F|  |TAMS 0x0000000086400000, 0x0000000086400000| Untracked 
|  77|0x0000000086500000, 0x0000000086500000, 0x0000000086600000|  0%| F|  |TAMS 0x0000000086500000, 0x0000000086500000| Untracked 
|  78|0x0000000086600000, 0x0000000086600000, 0x0000000086700000|  0%| F|  |TAMS 0x0000000086600000, 0x0000000086600000| Untracked 
|  79|0x0000000086700000, 0x0000000086700000, 0x0000000086800000|  0%| F|  |TAMS 0x0000000086700000, 0x0000000086700000| Untracked 
|  80|0x0000000086800000, 0x0000000086800000, 0x0000000086900000|  0%| F|  |TAMS 0x0000000086800000, 0x0000000086800000| Untracked 
|  81|0x0000000086900000, 0x0000000086900000, 0x0000000086a00000|  0%| F|  |TAMS 0x0000000086900000, 0x0000000086900000| Untracked 
|  82|0x0000000086a00000, 0x0000000086a00000, 0x0000000086b00000|  0%| F|  |TAMS 0x0000000086a00000, 0x0000000086a00000| Untracked 
|  83|0x0000000086b00000, 0x0000000086b00000, 0x0000000086c00000|  0%| F|  |TAMS 0x0000000086b00000, 0x0000000086b00000| Untracked 
|  84|0x0000000086c00000, 0x0000000086c00000, 0x0000000086d00000|  0%| F|  |TAMS 0x0000000086c00000, 0x0000000086c00000| Untracked 
|  85|0x0000000086d00000, 0x0000000086d00000, 0x0000000086e00000|  0%| F|  |TAMS 0x0000000086d00000, 0x0000000086d00000| Untracked 
|  86|0x0000000086e00000, 0x0000000086e00000, 0x0000000086f00000|  0%| F|  |TAMS 0x0000000086e00000, 0x0000000086e00000| Untracked 
|  87|0x0000000086f00000, 0x0000000086f00000, 0x0000000087000000|  0%| F|  |TAMS 0x0000000086f00000, 0x0000000086f00000| Untracked 
|  88|0x0000000087000000, 0x0000000087000000, 0x0000000087100000|  0%| F|  |TAMS 0x0000000087000000, 0x0000000087000000| Untracked 
|  89|0x0000000087100000, 0x0000000087100000, 0x0000000087200000|  0%| F|  |TAMS 0x0000000087100000, 0x0000000087100000| Untracked 
|  90|0x0000000087200000, 0x0000000087200000, 0x0000000087300000|  0%| F|  |TAMS 0x0000000087200000, 0x0000000087200000| Untracked 
|  91|0x0000000087300000, 0x0000000087300000, 0x0000000087400000|  0%| F|  |TAMS 0x0000000087300000, 0x0000000087300000| Untracked 
|  92|0x0000000087400000, 0x0000000087400000, 0x0000000087500000|  0%| F|  |TAMS 0x0000000087400000, 0x0000000087400000| Untracked 
|  93|0x0000000087500000, 0x0000000087500000, 0x0000000087600000|  0%| F|  |TAMS 0x0000000087500000, 0x0000000087500000| Untracked 
|  94|0x0000000087600000, 0x0000000087600000, 0x0000000087700000|  0%| F|  |TAMS 0x0000000087600000, 0x0000000087600000| Untracked 
|  95|0x0000000087700000, 0x0000000087700000, 0x0000000087800000|  0%| F|  |TAMS 0x0000000087700000, 0x0000000087700000| Untracked 
|  96|0x0000000087800000, 0x0000000087800000, 0x0000000087900000|  0%| F|  |TAMS 0x0000000087800000, 0x0000000087800000| Untracked 
|  97|0x0000000087900000, 0x0000000087900000, 0x0000000087a00000|  0%| F|  |TAMS 0x0000000087900000, 0x0000000087900000| Untracked 
|  98|0x0000000087a00000, 0x0000000087a00000, 0x0000000087b00000|  0%| F|  |TAMS 0x0000000087a00000, 0x0000000087a00000| Untracked 
|  99|0x0000000087b00000, 0x0000000087b00000, 0x0000000087c00000|  0%| F|  |TAMS 0x0000000087b00000, 0x0000000087b00000| Untracked 
| 100|0x0000000087c00000, 0x0000000087c00000, 0x0000000087d00000|  0%| F|  |TAMS 0x0000000087c00000, 0x0000000087c00000| Untracked 
| 101|0x0000000087d00000, 0x0000000087d00000, 0x0000000087e00000|  0%| F|  |TAMS 0x0000000087d00000, 0x0000000087d00000| Untracked 
| 102|0x0000000087e00000, 0x0000000087e00000, 0x0000000087f00000|  0%| F|  |TAMS 0x0000000087e00000, 0x0000000087e00000| Untracked 
| 103|0x0000000087f00000, 0x0000000087f00000, 0x0000000088000000|  0%| F|  |TAMS 0x0000000087f00000, 0x0000000087f00000| Untracked 
| 104|0x0000000088000000, 0x0000000088000000, 0x0000000088100000|  0%| F|  |TAMS 0x0000000088000000, 0x0000000088000000| Untracked 
| 105|0x0000000088100000, 0x0000000088100000, 0x0000000088200000|  0%| F|  |TAMS 0x0000000088100000, 0x0000000088100000| Untracked 
| 106|0x0000000088200000, 0x0000000088200000, 0x0000000088300000|  0%| F|  |TAMS 0x0000000088200000, 0x0000000088200000| Untracked 
| 107|0x0000000088300000, 0x0000000088300000, 0x0000000088400000|  0%| F|  |TAMS 0x0000000088300000, 0x0000000088300000| Untracked 
| 108|0x0000000088400000, 0x0000000088400000, 0x0000000088500000|  0%| F|  |TAMS 0x0000000088400000, 0x0000000088400000| Untracked 
| 109|0x0000000088500000, 0x0000000088500000, 0x0000000088600000|  0%| F|  |TAMS 0x0000000088500000, 0x0000000088500000| Untracked 
| 110|0x0000000088600000, 0x0000000088600000, 0x0000000088700000|  0%| F|  |TAMS 0x0000000088600000, 0x0000000088600000| Untracked 
| 111|0x0000000088700000, 0x0000000088700000, 0x0000000088800000|  0%| F|  |TAMS 0x0000000088700000, 0x0000000088700000| Untracked 
| 112|0x0000000088800000, 0x0000000088800000, 0x0000000088900000|  0%| F|  |TAMS 0x0000000088800000, 0x0000000088800000| Untracked 
| 113|0x0000000088900000, 0x0000000088900000, 0x0000000088a00000|  0%| F|  |TAMS 0x0000000088900000, 0x0000000088900000| Untracked 
| 114|0x0000000088a00000, 0x0000000088af9c30, 0x0000000088b00000| 97%| S|CS|TAMS 0x0000000088a00000, 0x0000000088a00000| Complete 
| 115|0x0000000088b00000, 0x0000000088c00000, 0x0000000088c00000|100%| S|CS|TAMS 0x0000000088b00000, 0x0000000088b00000| Complete 
| 116|0x0000000088c00000, 0x0000000088c00000, 0x0000000088d00000|  0%| F|  |TAMS 0x0000000088c00000, 0x0000000088c00000| Untracked 
| 117|0x0000000088d00000, 0x0000000088d62780, 0x0000000088e00000| 38%| E|  |TAMS 0x0000000088d00000, 0x0000000088d00000| Complete 
| 118|0x0000000088e00000, 0x0000000088f00000, 0x0000000088f00000|100%| E|CS|TAMS 0x0000000088e00000, 0x0000000088e00000| Complete 
| 119|0x0000000088f00000, 0x0000000089000000, 0x0000000089000000|100%| E|CS|TAMS 0x0000000088f00000, 0x0000000088f00000| Complete 
| 120|0x0000000089000000, 0x0000000089100000, 0x0000000089100000|100%| E|CS|TAMS 0x0000000089000000, 0x0000000089000000| Complete 
| 121|0x0000000089100000, 0x0000000089200000, 0x0000000089200000|100%| E|CS|TAMS 0x0000000089100000, 0x0000000089100000| Complete 
| 122|0x0000000089200000, 0x0000000089300000, 0x0000000089300000|100%| E|CS|TAMS 0x0000000089200000, 0x0000000089200000| Complete 
| 123|0x0000000089300000, 0x0000000089400000, 0x0000000089400000|100%| E|CS|TAMS 0x0000000089300000, 0x0000000089300000| Complete 
| 124|0x0000000089400000, 0x0000000089500000, 0x0000000089500000|100%| E|CS|TAMS 0x0000000089400000, 0x0000000089400000| Complete 
| 125|0x0000000089500000, 0x0000000089600000, 0x0000000089600000|100%| E|CS|TAMS 0x0000000089500000, 0x0000000089500000| Complete 
| 126|0x0000000089600000, 0x0000000089700000, 0x0000000089700000|100%| E|CS|TAMS 0x0000000089600000, 0x0000000089600000| Complete 
| 127|0x0000000089700000, 0x0000000089800000, 0x0000000089800000|100%| E|CS|TAMS 0x0000000089700000, 0x0000000089700000| Complete 

Card table byte_map: [0x000001a8f3150000,0x000001a8f3550000] _byte_map_base: 0x000001a8f2d44000

Marking Bits (Prev, Next): (CMBitMap*) 0x000001a8ea9027d8, (CMBitMap*) 0x000001a8ea902810
 Prev Bits: [0x000001a8f3950000, 0x000001a8f58f0000)
 Next Bits: [0x000001a8f58f0000, 0x000001a8f7890000)

Polling page: 0x000001a8e9bc0000

Metaspace:

Usage:
  Non-class:     12.54 MB capacity,    12.18 MB ( 97%) used,   347.27 KB (  3%) free+waste,    28.44 KB ( <1%) overhead. 
      Class:      1.46 MB capacity,     1.28 MB ( 88%) used,   163.68 KB ( 11%) free+waste,    13.63 KB ( <1%) overhead. 
       Both:     14.00 MB capacity,    13.46 MB ( 96%) used,   510.95 KB (  4%) free+waste,    42.06 KB ( <1%) overhead. 

Virtual space:
  Non-class space:       14.00 MB reserved,      12.75 MB ( 91%) committed 
      Class space:        1.00 GB reserved,       1.50 MB ( <1%) committed 
             Both:        1.01 GB reserved,      14.25 MB (  1%) committed 

Chunk freelists:
   Non-Class:  2.38 KB
       Class:  1.38 KB
        Both:  3.75 KB

CodeHeap 'non-profiled nmethods': size=120064Kb used=525Kb max_used=525Kb free=119538Kb
 bounds [0x000001a887ac0000, 0x000001a887d30000, 0x000001a88f000000]
CodeHeap 'profiled nmethods': size=120000Kb used=2965Kb max_used=2965Kb free=117034Kb
 bounds [0x000001a880590000, 0x000001a880880000, 0x000001a887ac0000]
CodeHeap 'non-nmethods': size=5696Kb used=1088Kb max_used=1117Kb free=4607Kb
 bounds [0x000001a880000000, 0x000001a880270000, 0x000001a880590000]
 total_blobs=1966 nmethods=1569 adapters=309
 compilation: enabled
              stopped_count=0, restarted_count=0
 full_count=0

Compilation events (10 events):
Event: 3.295 Thread 0x000001a8fb79d000 1563       4       java.lang.Class::getName (18 bytes)
Event: 3.296 Thread 0x000001a8fb79d000 nmethod 1563 0x000001a887b42d90 code [0x000001a887b42f20, 0x000001a887b42fa8]
Event: 3.312 Thread 0x000001a8f9da7000 1564       3       java.util.Locale::getUnicodeLocaleType (54 bytes)
Event: 3.313 Thread 0x000001a8f9da7000 nmethod 1564 0x000001a88086da10 code [0x000001a88086dcc0, 0x000001a88086e898]
Event: 3.313 Thread 0x000001a8f9da7000 1565       3       sun.util.locale.provider.LocaleProviderAdapter::getAdapter (177 bytes)
Event: 3.315 Thread 0x000001a8f9da7000 nmethod 1565 0x000001a88086ec90 code [0x000001a88086efe0, 0x000001a880870508]
Event: 3.315 Thread 0x000001a8f9da7000 1566       3       java.lang.StringUTF16::getChar (60 bytes)
Event: 3.315 Thread 0x000001a8f9da7000 nmethod 1566 0x000001a880870b90 code [0x000001a880870d40, 0x000001a880870e98]
Event: 3.315 Thread 0x000001a8f9da7000 1567       1       java.text.DecimalFormatSymbols::getZeroDigit (5 bytes)
Event: 3.315 Thread 0x000001a8f9da7000 nmethod 1567 0x000001a887b43090 code [0x000001a887b43220, 0x000001a887b432d8]

GC Heap History (4 events):
Event: 0.888 GC heap before
{Heap before GC invocations=0 (full 0):
 garbage-first heap   total 131072K, used 15360K [0x0000000081800000, 0x0000000100000000)
  region size 1024K, 14 young (14336K), 0 survivors (0K)
 Metaspace       used 11544K, capacity 11668K, committed 12032K, reserved 1060864K
  class space    used 1105K, capacity 1164K, committed 1280K, reserved 1048576K
}
Event: 0.897 GC heap after
{Heap after GC invocations=1 (full 0):
 garbage-first heap   total 131072K, used 5023K [0x0000000081800000, 0x0000000100000000)
  region size 1024K, 2 young (2048K), 2 survivors (2048K)
 Metaspace       used 11544K, capacity 11668K, committed 12032K, reserved 1060864K
  class space    used 1105K, capacity 1164K, committed 1280K, reserved 1048576K
}
Event: 2.612 GC heap before
{Heap before GC invocations=1 (full 0):
 garbage-first heap   total 131072K, used 19359K [0x0000000081800000, 0x0000000100000000)
  region size 1024K, 14 young (14336K), 2 survivors (2048K)
 Metaspace       used 12924K, capacity 13406K, committed 13440K, reserved 1060864K
  class space    used 1236K, capacity 1397K, committed 1408K, reserved 1048576K
}
Event: 2.618 GC heap after
{Heap after GC invocations=2 (full 0):
 garbage-first heap   total 131072K, used 9147K [0x0000000081800000, 0x0000000100000000)
  region size 1024K, 2 young (2048K), 2 survivors (2048K)
 Metaspace       used 12924K, capacity 13406K, committed 13440K, reserved 1060864K
  class space    used 1236K, capacity 1397K, committed 1408K, reserved 1048576K
}

Deoptimization events (10 events):
Event: 0.706 Thread 0x000001a8ea8c3800 Uncommon trap: reason=unstable_if action=reinterpret pc=0x000001a887af26ec method=java.util.HashMap.getNode(ILjava/lang/Object;)Ljava/util/HashMap$Node; @ 62 c2
Event: 0.706 Thread 0x000001a8ea8c3800 Uncommon trap: reason=class_check action=maybe_recompile pc=0x000001a887addb2c method=java.util.HashMap.putVal(ILjava/lang/Object;Ljava/lang/Object;ZZ)Ljava/lang/Object; @ 91 c2
Event: 0.706 Thread 0x000001a8ea8c3800 Uncommon trap: reason=class_check action=maybe_recompile pc=0x000001a887addb2c method=java.util.HashMap.putVal(ILjava/lang/Object;Ljava/lang/Object;ZZ)Ljava/lang/Object; @ 91 c2
Event: 0.706 Thread 0x000001a8ea8c3800 Uncommon trap: reason=class_check action=maybe_recompile pc=0x000001a887addb2c method=java.util.HashMap.putVal(ILjava/lang/Object;Ljava/lang/Object;ZZ)Ljava/lang/Object; @ 91 c2
Event: 0.707 Thread 0x000001a8ea8c3800 Uncommon trap: reason=class_check action=maybe_recompile pc=0x000001a887addb2c method=java.util.HashMap.putVal(ILjava/lang/Object;Ljava/lang/Object;ZZ)Ljava/lang/Object; @ 91 c2
Event: 1.020 Thread 0x000001a8fb459800 Uncommon trap: reason=unstable_if action=reinterpret pc=0x000001a887b0a214 method=java.util.zip.ZipFile$Source.isMetaName([BII)Z @ 43 c2
Event: 1.714 Thread 0x000001a8fb459800 Uncommon trap: reason=bimorphic_or_optimized_type_check action=maybe_recompile pc=0x000001a887afd2e0 method=java.util.HashMap.putVal(ILjava/lang/Object;Ljava/lang/Object;ZZ)Ljava/lang/Object; @ 91 c2
Event: 1.724 Thread 0x000001a8fb459800 Uncommon trap: reason=bimorphic_or_optimized_type_check action=maybe_recompile pc=0x000001a887afd2e0 method=java.util.HashMap.putVal(ILjava/lang/Object;Ljava/lang/Object;ZZ)Ljava/lang/Object; @ 91 c2
Event: 1.742 Thread 0x000001a8fb459800 Uncommon trap: reason=bimorphic_or_optimized_type_check action=maybe_recompile pc=0x000001a887afd2e0 method=java.util.HashMap.putVal(ILjava/lang/Object;Ljava/lang/Object;ZZ)Ljava/lang/Object; @ 91 c2
Event: 1.765 Thread 0x000001a8fb459800 Uncommon trap: reason=bimorphic_or_optimized_type_check action=maybe_recompile pc=0x000001a887afd2e0 method=java.util.HashMap.putVal(ILjava/lang/Object;Ljava/lang/Object;ZZ)Ljava/lang/Object; @ 91 c2

Classes redefined (0 events):
No events

Internal exceptions (10 events):
Event: 1.448 Thread 0x000001a8fb459800 Exception <a 'java/lang/NoSuchMethodError'{0x000000008942a9a0}: static [Ljava/lang/StackTraceElement;.<clinit>()V> (0x000000008942a9a0) thrown at [./open/src/hotspot/share/prims/jni.cpp, line 1362]
Event: 1.485 Thread 0x000001a8fb459800 Exception <a 'java/lang/NoSuchMethodError'{0x0000000089438a10}: static [B.<clinit>()V> (0x0000000089438a10) thrown at [./open/src/hotspot/share/prims/jni.cpp, line 1362]
Event: 2.902 Thread 0x000001a8fb525000 Exception <a 'java/lang/ClassNotFoundException'{0x00000000890e78b0}: sun/awt/resources/spi/awtProvider> (0x00000000890e78b0) thrown at [./open/src/hotspot/share/classfile/systemDictionary.cpp, line 228]
Event: 2.953 Thread 0x000001a8fb525000 Exception <a 'java/io/FileNotFoundException'{0x0000000088f54088}> (0x0000000088f54088) thrown at [./open/src/hotspot/share/prims/jni.cpp, line 611]
Event: 2.995 Thread 0x000001a8fb525000 Exception <a 'java/lang/NoSuchMethodError'{0x0000000088faf538}: java.lang.invoke.DirectMethodHandle$Holder.invokeStatic(Ljava/lang/Object;Ljava/lang/Object;Ljava/lang/Object;Ljava/lang/Object;Ljava/lang/Object;Ljava/lang/Object;Ljava/lang/Object;Ljava/lan
Event: 2.998 Thread 0x000001a8fb525000 Exception <a 'java/lang/NoSuchMethodError'{0x0000000088fbd5f8}: java.lang.invoke.DirectMethodHandle$Holder.invokeStatic(Ljava/lang/Object;Ljava/lang/Object;Ljava/lang/Object;Ljava/lang/Object;Ljava/lang/Object;Ljava/lang/Object;Ljava/lang/Object;Ljava/lan
Event: 3.007 Thread 0x000001a8fb525000 Exception <a 'java/lang/NoSuchMethodError'{0x0000000088fcb508}: java.lang.invoke.DirectMethodHandle$Holder.invokeSpecial(Ljava/lang/Object;Ljava/lang/Object;IILjava/lang/Object;Ljava/lang/Object;Ljava/lang/Object;)Ljava/lang/Object;> (0x0000000088fcb508) 
Event: 3.021 Thread 0x000001a8fb525000 Exception <a 'java/lang/NoSuchMethodError'{0x0000000088fced38}: java.lang.invoke.DelegatingMethodHandle$Holder.reinvoke_L(Ljava/lang/Object;IILjava/lang/Object;Ljava/lang/Object;Ljava/lang/Object;)Ljava/lang/Object;> (0x0000000088fced38) thrown at [./open
Event: 3.031 Thread 0x000001a8fb525000 Exception <a 'java/lang/NoSuchMethodError'{0x0000000088fd3368}: java.lang.invoke.DirectMethodHandle$Holder.invokeStatic(Ljava/lang/Object;Ljava/lang/Object;Ljava/lang/Object;Ljava/lang/Object;I)Ljava/lang/Object;> (0x0000000088fd3368) thrown at [./open/sr
Event: 3.063 Thread 0x000001a8fb525000 Exception <a 'java/io/FileNotFoundException'{0x0000000088e36e80}> (0x0000000088e36e80) thrown at [./open/src/hotspot/share/prims/jni.cpp, line 611]

Events (10 events):
Event: 3.222 loading class hudson/maven/AbstractMavenBuild
Event: 3.222 loading class hudson/maven/AbstractMavenBuild done
Event: 3.242 loading class hudson/model/AbstractBuild
Event: 3.242 loading class hudson/model/AbstractBuild done
Event: 3.242 loading class hudson/model/AbstractBuild
Event: 3.242 loading class hudson/model/AbstractBuild done
Event: 3.247 loading class hudson/model/Queue$Executable
Event: 3.247 loading class hudson/model/Queue$Executable done
Event: 3.247 loading class hudson/model/Queue$Executable
Event: 3.247 loading class hudson/model/Queue$Executable done


Dynamic libraries:
0x00007ff6a5430000 - 0x00007ff6a543f000 	C:\Program Files\Java\jdk-11.0.10\bin\java.exe
0x00007ffaf7e20000 - 0x00007ffaf8010000 	C:\WINDOWS\SYSTEM32\ntdll.dll
0x00007ffaf7c70000 - 0x00007ffaf7d22000 	C:\WINDOWS\System32\KERNEL32.DLL
0x00007ffaf5520000 - 0x00007ffaf57c5000 	C:\WINDOWS\System32\KERNELBASE.dll
0x00007ffaf5bb0000 - 0x00007ffaf5caa000 	C:\WINDOWS\System32\ucrtbase.dll
0x00007ffad2ed0000 - 0x00007ffad2ee8000 	C:\Program Files\Java\jdk-11.0.10\bin\jli.dll
0x00007ffad2eb0000 - 0x00007ffad2ec5000 	C:\Program Files\Java\jdk-11.0.10\bin\VCRUNTIME140.dll
0x00007ffaf7a60000 - 0x00007ffaf7b03000 	C:\WINDOWS\System32\ADVAPI32.dll
0x00007ffaf7890000 - 0x00007ffaf792e000 	C:\WINDOWS\System32\msvcrt.dll
0x00007ffaf5ed0000 - 0x00007ffaf5f67000 	C:\WINDOWS\System32\sechost.dll
0x00007ffaf76c0000 - 0x00007ffaf77df000 	C:\WINDOWS\System32\RPCRT4.dll
0x00007ffaf5f80000 - 0x00007ffaf6114000 	C:\WINDOWS\System32\USER32.dll
0x00007ffaf57d0000 - 0x00007ffaf57f1000 	C:\WINDOWS\System32\win32u.dll
0x00007ffaf7db0000 - 0x00007ffaf7dd6000 	C:\WINDOWS\System32\GDI32.dll
0x00007ffad2c20000 - 0x00007ffad2ea4000 	C:\WINDOWS\WinSxS\amd64_microsoft.windows.common-controls_6595b64144ccf1df_6.0.18362.1316_none_9e7a364fe461dbd7\COMCTL32.dll
0x00007ffaf5d30000 - 0x00007ffaf5ec8000 	C:\WINDOWS\System32\gdi32full.dll
0x00007ffaf6920000 - 0x00007ffaf6c57000 	C:\WINDOWS\System32\combase.dll
0x00007ffaf5800000 - 0x00007ffaf589e000 	C:\WINDOWS\System32\msvcp_win.dll
0x00007ffaf5a70000 - 0x00007ffaf5af1000 	C:\WINDOWS\System32\bcryptPrimitives.dll
0x00007ffae9bb0000 - 0x00007ffae9bba000 	C:\WINDOWS\SYSTEM32\VERSION.dll
0x00007ffad3200000 - 0x00007ffad329b000 	C:\Program Files\Java\jdk-11.0.10\bin\msvcp140.dll
0x00007ffad2120000 - 0x00007ffad2c1b000 	C:\Program Files\Java\jdk-11.0.10\bin\server\jvm.dll
0x00007ffaf6120000 - 0x00007ffaf6128000 	C:\WINDOWS\System32\PSAPI.DLL
0x00007ffae7910000 - 0x00007ffae7919000 	C:\WINDOWS\SYSTEM32\WSOCK32.dll
0x00007ffaf1960000 - 0x00007ffaf1984000 	C:\WINDOWS\SYSTEM32\WINMM.dll
0x00007ffaf68b0000 - 0x00007ffaf691f000 	C:\WINDOWS\System32\WS2_32.dll
0x00007ffaf1930000 - 0x00007ffaf195d000 	C:\WINDOWS\SYSTEM32\winmmbase.dll
0x00007ffaf5cb0000 - 0x00007ffaf5cfa000 	C:\WINDOWS\System32\cfgmgr32.dll
0x00007ffaf4d80000 - 0x00007ffaf4d91000 	C:\WINDOWS\System32\kernel.appcore.dll
0x00007ffad0d90000 - 0x00007ffad0da0000 	C:\Program Files\Java\jdk-11.0.10\bin\verify.dll
0x00007ffadade0000 - 0x00007ffadafd4000 	C:\WINDOWS\SYSTEM32\DBGHELP.DLL
0x00007ffadd350000 - 0x00007ffadd37a000 	C:\WINDOWS\SYSTEM32\dbgcore.DLL
0x00007ffad0d30000 - 0x00007ffad0d58000 	C:\Program Files\Java\jdk-11.0.10\bin\java.dll
0x00007ffad1810000 - 0x00007ffad181a000 	C:\Program Files\Java\jdk-11.0.10\bin\jimage.dll
0x00007ffacf2e0000 - 0x00007ffacf2f6000 	C:\Program Files\Java\jdk-11.0.10\bin\zip.dll
0x00007ffaf6c60000 - 0x00007ffaf7348000 	C:\WINDOWS\System32\SHELL32.dll
0x00007ffaf77e0000 - 0x00007ffaf7887000 	C:\WINDOWS\System32\shcore.dll
0x00007ffaf4da0000 - 0x00007ffaf551b000 	C:\WINDOWS\System32\windows.storage.dll
0x00007ffaf4ce0000 - 0x00007ffaf4d03000 	C:\WINDOWS\System32\profapi.dll
0x00007ffaf4d10000 - 0x00007ffaf4d5a000 	C:\WINDOWS\System32\powrprof.dll
0x00007ffaf4cd0000 - 0x00007ffaf4ce0000 	C:\WINDOWS\System32\UMPDC.dll
0x00007ffaf7660000 - 0x00007ffaf76b2000 	C:\WINDOWS\System32\shlwapi.dll
0x00007ffaf5a50000 - 0x00007ffaf5a67000 	C:\WINDOWS\System32\cryptsp.dll
0x00007ffac94f0000 - 0x00007ffac9509000 	C:\Program Files\Java\jdk-11.0.10\bin\net.dll
0x00007ffaeac10000 - 0x00007ffaead00000 	C:\WINDOWS\SYSTEM32\WINHTTP.dll
0x00007ffaf4510000 - 0x00007ffaf4577000 	C:\WINDOWS\system32\mswsock.dll
0x00007ffac9460000 - 0x00007ffac9472000 	C:\Program Files\Java\jdk-11.0.10\bin\nio.dll
0x00007ffac6bf0000 - 0x00007ffac6d8a000 	C:\Program Files\Java\jdk-11.0.10\bin\awt.dll
0x00007ffaf6660000 - 0x00007ffaf6725000 	C:\WINDOWS\System32\OLEAUT32.dll
0x00007ffaf2e40000 - 0x00007ffaf2ecf000 	C:\WINDOWS\SYSTEM32\apphelp.dll

dbghelp: loaded successfully - version: 4.0.5 - missing functions: none
symbol engine: initialized successfully - sym options: 0x614 - pdb path: .;C:\Program Files\Java\jdk-11.0.10\bin;C:\WINDOWS\SYSTEM32;C:\WINDOWS\WinSxS\amd64_microsoft.windows.common-controls_6595b64144ccf1df_6.0.18362.1316_none_9e7a364fe461dbd7;C:\Program Files\Java\jdk-11.0.10\bin\server

VM Arguments:
java_command: jenkins.maven3.agent.Maven35Main E:\Maven\apache-maven-3.6.3 C:\Windows\System32\config\systemprofile\AppData\Local\Jenkins\war\WEB-INF\lib\remoting-4.5.jar C:\WINDOWS\system32\config\systemprofile\AppData\Local\Jenkins\.jenkins\plugins\maven-plugin\WEB-INF\lib\maven35-interceptor-1.13.jar C:\WINDOWS\system32\config\systemprofile\AppData\Local\Jenkins\.jenkins\plugins\maven-plugin\WEB-INF\lib\maven3-interceptor-commons-1.13.jar 53198
java_class_path (initial): C:\WINDOWS\system32\config\systemprofile\AppData\Local\Jenkins\.jenkins\plugins\maven-plugin\WEB-INF\lib\maven35-agent-1.13.jar;E:\Maven\apache-maven-3.6.3\boot\plexus-classworlds-2.6.0.jar;E:\Maven\apache-maven-3.6.3/conf/logging
Launcher Type: SUN_STANDARD

[Global flags]
     intx CICompilerCount                          = 3                                         {product} {ergonomic}
     uint ConcGCThreads                            = 1                                         {product} {ergonomic}
     uint G1ConcRefinementThreads                  = 4                                         {product} {ergonomic}
   size_t G1HeapRegionSize                         = 1048576                                   {product} {ergonomic}
    uintx GCDrainStackTargetSize                   = 64                                        {product} {ergonomic}
   size_t InitialHeapSize                          = 134217728                                 {product} {ergonomic}
   size_t MarkStackSize                            = 4194304                                   {product} {ergonomic}
   size_t MaxHeapSize                              = 2122317824                                {product} {ergonomic}
   size_t MaxNewSize                               = 1272971264                                {product} {ergonomic}
   size_t MinHeapDeltaBytes                        = 1048576                                   {product} {ergonomic}
    uintx NonNMethodCodeHeapSize                   = 5830732                                {pd product} {ergonomic}
    uintx NonProfiledCodeHeapSize                  = 122913754                              {pd product} {ergonomic}
    uintx ProfiledCodeHeapSize                     = 122913754                              {pd product} {ergonomic}
    uintx ReservedCodeCacheSize                    = 251658240                              {pd product} {ergonomic}
     bool SegmentedCodeCache                       = true                                      {product} {ergonomic}
     bool UseCompressedClassPointers               = true                                 {lp64_product} {ergonomic}
     bool UseCompressedOops                        = true                                 {lp64_product} {ergonomic}
     bool UseG1GC                                  = true                                      {product} {ergonomic}
     bool UseLargePagesIndividualAllocation        = false                                  {pd product} {ergonomic}

Logging:
Log output configuration:
 #0: stdout all=warning uptime,level,tags
 #1: stderr all=off uptime,level,tags

Environment Variables:
JAVA_HOME=C:\Program Files\Java\jdk-11.0.10
PATH=E:\Maven\apache-maven-3.6.3/bin;C:\Program Files\Java\jdk-11.0.10/bin;C:\Program Files\Java\jdk-11.0.10/bin;C:\Program Files\Common Files\Oracle\Java\javapath;C:\Program Files\Microsoft MPI\Bin\;C:\oraclexe\app\oracle\product\11.2.0\server\bin;C:\ProgramData\Oracle\Java\javapath;C:\WINDOWS\system32;C:\WINDOWS;C:\WINDOWS\System32\Wbem;C:\WINDOWS\System32\WindowsPowerShell\v1.0\;C:\Program Files\Microsoft SQL Server\110\Tools\Binn\;C:\Program Files (x86)\Microsoft SDKs\TypeScript\1.8\;C:\Program Files\Microsoft SQL Server\120\Tools\Binn\;C:\Program Files (x86)\Microsoft SQL Server\110\Tools\Binn\;C:\Program Files\Microsoft SQL Server\110\DTS\Binn\;C:\Program Files (x86)\Microsoft SQL Server\110\Tools\Binn\ManagementStudio\;C:\Program Files (x86)\Microsoft SQL Server\110\DTS\Binn\;C:\Program Files\Calibre2\;C:\Program Files\Microsoft SQL Server\130\Tools\Binn\;C:\WINDOWS\System32\OpenSSH\;C:\Program Files\dotnet\;C:\Program Files\nodejs\;C:\Program Files (x86)\dotnet\;C:\Program Files\Git\cmd;C:\Program Files (x86)\Notepad++;C:\Program Files\Perforce\;C:\Program Files\Java\jdk-11.0.10\bin;E:\Maven\apache-maven-3.6.3\bin;C:\WINDOWS\system32\config\systemprofile\AppData\Local\Microsoft\WindowsApps
USERNAME=DHIRAJSPC$
OS=Windows_NT
PROCESSOR_IDENTIFIER=Intel64 Family 6 Model 69 Stepping 1, GenuineIntel



---------------  S Y S T E M  ---------------

OS: Windows 10 , 64 bit Build 18362 (10.0.18362.1316)

CPU:total 4 (initial active 4) (2 cores per cpu, 2 threads per core) family 6 model 69 stepping 1 microcode 0x24, cmov, cx8, fxsr, mmx, sse, sse2, sse3, ssse3, sse4.1, sse4.2, popcnt, avx, avx2, aes, clmul, erms, lzcnt, ht, tsc, tscinvbit, bmi1, bmi2, fma

Memory: 4k page, system-wide physical 8088M (893M free)
TotalPageFile size 8088M (AvailPageFile size 5M)
current process WorkingSet (physical memory assigned to process): 88M, peak: 90M
current process commit charge ("private bytes"): 231M, peak: 233M

vm_info: Java HotSpot(TM) 64-Bit Server VM (11.0.10+8-LTS-162) for windows-amd64 JRE (11.0.10+8-LTS-162), built on Dec  8 2020 16:32:57 by "mach5one" with MS VC++ 15.9 (VS2017)

END.
