#
# A fatal error has been detected by the Java Runtime Environment:
#
#  EXCEPTION_ACCESS_VIOLATION (0xc0000005) at pc=0x00007ffa0de71689, pid=11508, tid=9336
#
# JRE version:  (11.0.10+8) (build )
# Java VM: Java HotSpot(TM) 64-Bit Server VM (11.0.10+8-LTS-162, mixed mode, tiered, compressed oops, g1 gc, windows-amd64)
# Problematic frame:
# C  [VCRUNTIME140.dll+0x1689]
#
# No core dump will be written. Minidumps are not enabled by default on client versions of Windows
#
#

---------------  S U M M A R Y ------------

Command Line: C:\Users\Dhiraj\AppData\Local\Temp\surefire17488877430588724509\surefirebooter5440892276235323233.jar C:\Users\Dhiraj\AppData\Local\Temp\surefire17488877430588724509 2021-01-31T14-19-03_030-jvmRun1 surefire7904295828642717253tmp surefire_05046324225729539143tmp

Host: Intel(R) Core(TM) i5-4210U CPU @ 1.70GHz, 4 cores, 7G,  Windows 10 , 64 bit Build 18362 (10.0.18362.1316)
Time: Sun Jan 31 14:19:04 2021 India Standard Time elapsed time: 0.125468 seconds (0d 0h 0m 0s)

---------------  T H R E A D  ---------------

Current thread (0x000001dcc0cfb000):  JavaThread "Unknown thread" [_thread_in_vm, id=9336, stack(0x00000008abc00000,0x00000008abd00000)]

Stack: [0x00000008abc00000,0x00000008abd00000],  sp=0x00000008abcff4c0,  free space=1021k
Native frames: (J=compiled Java code, j=interpreted, Vv=VM code, C=native code)
C  [VCRUNTIME140.dll+0x1689]
V  [jvm.dll+0x600a79]
V  [jvm.dll+0x747e88]
V  [jvm.dll+0x747354]
V  [jvm.dll+0x5be465]
V  [jvm.dll+0x5bf362]
V  [jvm.dll+0x7295d3]
V  [jvm.dll+0x34c4a9]
V  [jvm.dll+0x70d6b0]
V  [jvm.dll+0x3b584f]
V  [jvm.dll+0x3b7951]
C  [jli.dll+0x520b]
C  [ucrtbase.dll+0x210b2]
C  [KERNEL32.DLL+0x17c24]
C  [ntdll.dll+0x6d4d1]


siginfo: EXCEPTION_ACCESS_VIOLATION (0xc0000005), writing address 0x0000000000000000


Registers:
RAX=0x0000000000000000, RBX=0x000001dce0f50e60, RCX=0x0000000000020000, RDX=0x0000000000000000
RSP=0x00000008abcff4c0, RBP=0x0000000000000001, RSI=0x000001dce0f50e60, RDI=0x0000000000000000
R8 =0x0000000000020000, R9 =0x0000000000000000, R10=0x0000000000000013, R11=0x0000000000000000
R12=0x0000000100000000, R13=0x00007ffa07021b30, R14=0x0000000000000000, R15=0x0000000000000000
RIP=0x00007ffa0de71689, EFLAGS=0x0000000000010203

Top of Stack: (sp=0x00000008abcff4c0)
0x00000008abcff4c0:   0000000000000000 00007ffa07060a79
0x00000008abcff4d0:   0000000000000001 000001dce0f50e60
0x00000008abcff4e0:   000001dce0f50e60 0000000000000000
0x00000008abcff4f0:   000001dcc0d21310 00007ffa071a7e88
0x00000008abcff500:   000001dcc0d21310 000001dcc0d21310
0x00000008abcff510:   0000000000000000 0000000000000000
0x00000008abcff520:   0000000100000000 0000000040000000
0x00000008abcff530:   0000000000000000 0000000000010000
0x00000008abcff540:   ffffffffabcff800 000001dcc0bfca00
0x00000008abcff550:   000001dcc0cf5550 00007ffa071a7354
0x00000008abcff560:   00000008abcff630 000001dcc0d21310
0x00000008abcff570:   000001dce0f505e0 0000000000000000
0x00000008abcff580:   000001dcc0b109b8 00007ffa0701e465
0x00000008abcff590:   0000000000000000 00000008abcff690
0x00000008abcff5a0:   0000000000000000 0000000100000000
0x00000008abcff5b0:   0000000100000000 00007ffa2cbc130d 

Instructions: (pc=0x00007ffa0de71689)
0x00007ffa0de71669:   cc cc cc cc cc cc cc cc cc cc cc cc cc 66 66 0f
0x00007ffa0de71679:   1f 84 00 00 00 00 00 57 8b c2 48 8b f9 49 8b c8
0x00007ffa0de71689:   f3 aa 49 8b c3 5f c3 cc cc cc cc cc cc 66 66 0f
0x00007ffa0de71699:   1f 84 00 00 00 00 00 4c 8b d9 0f b6 d2 49 b9 01 



---------------  P R O C E S S  ---------------

Threads class SMR info:
_java_thread_list=0x000001dcc0b23600, length=0, elements={
}

Java Threads: ( => current thread )

Other Threads:
  0x000001dcc0d0f000 GCTaskThread "GC Thread#0" [stack: 0x00000008abd00000,0x00000008abe00000] [id=12372]
  0x000001dcc0d3f800 ConcurrentGCThread "G1 Main Marker" [stack: 0x00000008abe00000,0x00000008abf00000] [id=6188]
  0x000001dcc0d41000 ConcurrentGCThread "G1 Conc#0" [stack: 0x00000008abf00000,0x00000008ac000000] [id=8216]
  0x000001dcc0dc7000 ConcurrentGCThread "G1 Refine#0" [stack: 0x00000008ac000000,0x00000008ac100000] [id=12200]
  0x000001dce0f51800 ConcurrentGCThread "G1 Young RemSet Sampling" [stack: 0x00000008ac100000,0x00000008ac200000] [id=13420]

=>0x000001dcc0cfb000 (exited) JavaThread "Unknown thread" [_thread_in_vm, id=9336, stack(0x00000008abc00000,0x00000008abd00000)]

Threads with active compile tasks:

VM state:not at safepoint (not fully initialized)

VM Mutex/Monitor currently owned by a thread:  ([mutex/lock_event])
[0x000001dcc0cf5550] MetaspaceExpand_lock - owner thread: 0x000001dcc0cfb000

Heap address: 0x0000000081800000, size: 2024 MB, Compressed Oops mode: 32-bit
Narrow klass base: 0x0000000000000000, Narrow klass shift: 3

GC Heap History (0 events):
No events

Deoptimization events (0 events):
No events

Classes redefined (0 events):
No events

Internal exceptions (0 events):
No events

Events (0 events):
No events


Dynamic libraries:
0x00007ff6f5500000 - 0x00007ff6f550f000 	C:\Program Files\Java\jdk-11.0.10\bin\java.exe
0x00007ffa2cb80000 - 0x00007ffa2cd70000 	C:\WINDOWS\SYSTEM32\ntdll.dll
0x00007ffa2af70000 - 0x00007ffa2b022000 	C:\WINDOWS\System32\KERNEL32.DLL
0x00007ffa2a480000 - 0x00007ffa2a725000 	C:\WINDOWS\System32\KERNELBASE.dll
0x00007ffa2a8d0000 - 0x00007ffa2a9ca000 	C:\WINDOWS\System32\ucrtbase.dll
0x00007ffa0de50000 - 0x00007ffa0de68000 	C:\Program Files\Java\jdk-11.0.10\bin\jli.dll
0x00007ffa0de70000 - 0x00007ffa0de85000 	C:\Program Files\Java\jdk-11.0.10\bin\VCRUNTIME140.dll
0x00007ffa2aec0000 - 0x00007ffa2af63000 	C:\WINDOWS\System32\ADVAPI32.dll
0x00007ffa2baa0000 - 0x00007ffa2bb3e000 	C:\WINDOWS\System32\msvcrt.dll
0x00007ffa2ba00000 - 0x00007ffa2ba97000 	C:\WINDOWS\System32\sechost.dll
0x00007ffa2bf90000 - 0x00007ffa2c0af000 	C:\WINDOWS\System32\RPCRT4.dll
0x00007ffa2bbc0000 - 0x00007ffa2bd54000 	C:\WINDOWS\System32\USER32.dll
0x00007ffa2a750000 - 0x00007ffa2a771000 	C:\WINDOWS\System32\win32u.dll
0x00007ffa2b030000 - 0x00007ffa2b056000 	C:\WINDOWS\System32\GDI32.dll
0x00007ffa07ec0000 - 0x00007ffa08144000 	C:\WINDOWS\WinSxS\amd64_microsoft.windows.common-controls_6595b64144ccf1df_6.0.18362.1316_none_9e7a364fe461dbd7\COMCTL32.dll
0x00007ffa2aa60000 - 0x00007ffa2abf8000 	C:\WINDOWS\System32\gdi32full.dll
0x00007ffa2c7a0000 - 0x00007ffa2cad7000 	C:\WINDOWS\System32\combase.dll
0x00007ffa29b00000 - 0x00007ffa29b9e000 	C:\WINDOWS\System32\msvcp_win.dll
0x00007ffa2a9d0000 - 0x00007ffa2aa51000 	C:\WINDOWS\System32\bcryptPrimitives.dll
0x00007ffa1f1b0000 - 0x00007ffa1f1ba000 	C:\WINDOWS\SYSTEM32\VERSION.dll
0x00007ffa2b890000 - 0x00007ffa2b8be000 	C:\WINDOWS\System32\IMM32.DLL
0x00007ffa0f2f0000 - 0x00007ffa0f38b000 	C:\Program Files\Java\jdk-11.0.10\bin\msvcp140.dll
0x00007ffa06a60000 - 0x00007ffa0755b000 	C:\Program Files\Java\jdk-11.0.10\bin\server\jvm.dll
0x00007ffa2b870000 - 0x00007ffa2b878000 	C:\WINDOWS\System32\PSAPI.DLL
0x00007ffa16660000 - 0x00007ffa16669000 	C:\WINDOWS\SYSTEM32\WSOCK32.dll
0x00007ffa27340000 - 0x00007ffa27364000 	C:\WINDOWS\SYSTEM32\WINMM.dll
0x00007ffa2ae50000 - 0x00007ffa2aebf000 	C:\WINDOWS\System32\WS2_32.dll
0x00007ffa27310000 - 0x00007ffa2733d000 	C:\WINDOWS\SYSTEM32\winmmbase.dll
0x00007ffa2a430000 - 0x00007ffa2a47a000 	C:\WINDOWS\System32\cfgmgr32.dll
0x00007ffa29a40000 - 0x00007ffa29a51000 	C:\WINDOWS\System32\kernel.appcore.dll
0x00007ffa04ec0000 - 0x00007ffa04ed0000 	C:\Program Files\Java\jdk-11.0.10\bin\verify.dll
0x00007ffa0f6a0000 - 0x00007ffa0f894000 	C:\WINDOWS\SYSTEM32\DBGHELP.DLL
0x00007ffa0fdb0000 - 0x00007ffa0fdda000 	C:\WINDOWS\SYSTEM32\dbgcore.DLL
0x00007ffa04e10000 - 0x00007ffa04e38000 	C:\Program Files\Java\jdk-11.0.10\bin\java.dll
0x00007ffa04b10000 - 0x00007ffa04b1a000 	C:\Program Files\Java\jdk-11.0.10\bin\jimage.dll
0x00007ffa244b0000 - 0x00007ffa244c6000 	C:\Program Files\Java\jdk-11.0.10\bin\zip.dll

dbghelp: loaded successfully - version: 4.0.5 - missing functions: none
symbol engine: initialized successfully - sym options: 0x614 - pdb path: .;C:\Program Files\Java\jdk-11.0.10\bin;C:\WINDOWS\SYSTEM32;C:\WINDOWS\WinSxS\amd64_microsoft.windows.common-controls_6595b64144ccf1df_6.0.18362.1316_none_9e7a364fe461dbd7;C:\Program Files\Java\jdk-11.0.10\bin\server

VM Arguments:
java_command: C:\Users\Dhiraj\AppData\Local\Temp\surefire17488877430588724509\surefirebooter5440892276235323233.jar C:\Users\Dhiraj\AppData\Local\Temp\surefire17488877430588724509 2021-01-31T14-19-03_030-jvmRun1 surefire7904295828642717253tmp surefire_05046324225729539143tmp
java_class_path (initial): C:\Users\Dhiraj\AppData\Local\Temp\surefire17488877430588724509\surefirebooter5440892276235323233.jar
Launcher Type: SUN_STANDARD

[Global flags]
     intx CICompilerCount                          = 3                                         {product} {ergonomic}
     uint ConcGCThreads                            = 1                                         {product} {ergonomic}
     uint G1ConcRefinementThreads                  = 4                                         {product} {ergonomic}
   size_t G1HeapRegionSize                         = 1048576                                   {product} {ergonomic}
    uintx GCDrainStackTargetSize                   = 64                                        {product} {ergonomic}
   size_t InitialHeapSize                          = 134217728                                 {product} {ergonomic}
   size_t MarkStackSize                            = 4194304                                   {product} {ergonomic}
   size_t MaxHeapSize                              = 2122317824                                {product} {ergonomic}
   size_t MaxNewSize                               = 1272971264                                {product} {ergonomic}
   size_t MinHeapDeltaBytes                        = 1048576                                   {product} {ergonomic}
    uintx NonNMethodCodeHeapSize                   = 5830732                                {pd product} {ergonomic}
    uintx NonProfiledCodeHeapSize                  = 122913754                              {pd product} {ergonomic}
    uintx ProfiledCodeHeapSize                     = 122913754                              {pd product} {ergonomic}
    uintx ReservedCodeCacheSize                    = 251658240                              {pd product} {ergonomic}
     bool SegmentedCodeCache                       = true                                      {product} {ergonomic}
     bool UseCompressedClassPointers               = true                                 {lp64_product} {ergonomic}
     bool UseCompressedOops                        = true                                 {lp64_product} {ergonomic}
     bool UseG1GC                                  = true                                      {product} {ergonomic}
     bool UseLargePagesIndividualAllocation        = false                                  {pd product} {ergonomic}

Logging:
Log output configuration:
 #0: stdout all=warning uptime,level,tags
 #1: stderr all=off uptime,level,tags

Environment Variables:
JAVA_HOME=C:\Program Files\Java\jdk-11.0.10\
PATH=C:\Program Files\Common Files\Oracle\Java\javapath;C:\Program Files\Microsoft MPI\Bin\;C:\oraclexe\app\oracle\product\11.2.0\server\bin;C:\ProgramData\Oracle\Java\javapath;C:\WINDOWS\system32;C:\WINDOWS;C:\WINDOWS\System32\Wbem;C:\WINDOWS\System32\WindowsPowerShell\v1.0\;C:\Program Files\Microsoft SQL Server\110\Tools\Binn\;C:\Program Files (x86)\Microsoft SDKs\TypeScript\1.8\;C:\Program Files\Microsoft SQL Server\120\Tools\Binn\;C:\Program Files (x86)\Microsoft SQL Server\110\Tools\Binn\;C:\Program Files\Microsoft SQL Server\110\DTS\Binn\;C:\Program Files (x86)\Microsoft SQL Server\110\Tools\Binn\ManagementStudio\;C:\Program Files (x86)\Microsoft SQL Server\110\DTS\Binn\;C:\Program Files\Calibre2\;C:\Program Files\Microsoft SQL Server\130\Tools\Binn\;C:\WINDOWS\System32\OpenSSH\;C:\Program Files\dotnet\;C:\Program Files\nodejs\;C:\Program Files (x86)\dotnet\;C:\Program Files\Git\cmd;C:\Program Files (x86)\Notepad++;C:\Program Files\Perforce\;C:\Program Files\Java\jdk-11.0.10\bin;E:\Maven\apache-maven-3.6.3\bin;C:\Users\Dhiraj\bin\Sencha\Cmd;C:\Users\Dhiraj\AppData\Local\Microsoft\WindowsApps;C:\Users\Dhiraj\AppData\Local\Programs\Fiddler;C:\Users\Dhiraj\AppData\Local\Microsoft\WindowsApps;C:\Users\Dhiraj\AppData\Roaming\npm;C:\Users\Dhiraj\AppData\Local\Programs\Microsoft VS Code\bin;C:\Users\Dhiraj\.dotnet\tools;E:\Maven\apache-maven-3.6.3\bin;
USERNAME=Dhiraj
OS=Windows_NT
PROCESSOR_IDENTIFIER=Intel64 Family 6 Model 69 Stepping 1, GenuineIntel



---------------  S Y S T E M  ---------------

OS: Windows 10 , 64 bit Build 18362 (10.0.18362.1316)

CPU:total 4 (initial active 4) (2 cores per cpu, 2 threads per core) family 6 model 69 stepping 1 microcode 0x24, cmov, cx8, fxsr, mmx, sse, sse2, sse3, ssse3, sse4.1, sse4.2, popcnt, avx, avx2, aes, clmul, erms, lzcnt, ht, tsc, tscinvbit, bmi1, bmi2, fma

Memory: 4k page, system-wide physical 8088M (659M free)
TotalPageFile size 8088M (AvailPageFile size 5M)
current process WorkingSet (physical memory assigned to process): 15M, peak: 15M
current process commit charge ("private bytes"): 185M, peak: 185M

vm_info: Java HotSpot(TM) 64-Bit Server VM (11.0.10+8-LTS-162) for windows-amd64 JRE (11.0.10+8-LTS-162), built on Dec  8 2020 16:32:57 by "mach5one" with MS VC++ 15.9 (VS2017)

END.
