#
# There is insufficient memory for the Java Runtime Environment to continue.
# Native memory allocation (malloc) failed to allocate 107056 bytes for Chunk::new
# Possible reasons:
#   The system is out of physical RAM or swap space
#   The process is running with CompressedOops enabled, and the Java Heap may be blocking the growth of the native heap
# Possible solutions:
#   Reduce memory load on the system
#   Increase physical memory or swap space
#   Check if swap backing store is full
#   Decrease Java heap size (-Xmx/-Xms)
#   Decrease number of Java threads
#   Decrease Java thread stack sizes (-Xss)
#   Set larger code cache with -XX:ReservedCodeCacheSize=
#   JVM is running with Unscaled Compressed Oops mode in which the Java heap is
#     placed in the first 4GB address space. The Java Heap base address is the
#     maximum limit for the native heap growth. Please use -XX:HeapBaseMinAddress
#     to set the Java Heap base and to place the Java Heap above 4GB virtual address.
# This output file may be truncated or incomplete.
#
#  Out of Memory Error (./open/src/hotspot/share/memory/arena.cpp:197), pid=13084, tid=2812
#
# JRE version: Java(TM) SE Runtime Environment 18.9 (11.0.10+8) (build 11.0.10+8-LTS-162)
# Java VM: Java HotSpot(TM) 64-Bit Server VM 18.9 (11.0.10+8-LTS-162, mixed mode, tiered, compressed oops, g1 gc, windows-amd64)
# No core dump will be written. Minidumps are not enabled by default on client versions of Windows
#

---------------  S U M M A R Y ------------

Command Line: C:\Users\Dhiraj\AppData\Local\Temp\surefire13026317251772042690\surefirebooter5387769291157404515.jar C:\Users\Dhiraj\AppData\Local\Temp\surefire13026317251772042690 2021-01-31T14-16-57_363-jvmRun1 surefire488248435299749296tmp surefire_018173858139394701102tmp

Host: Intel(R) Core(TM) i5-4210U CPU @ 1.70GHz, 4 cores, 7G,  Windows 10 , 64 bit Build 18362 (10.0.18362.1316)
Time: Sun Jan 31 14:16:58 2021 India Standard Time elapsed time: 0.612295 seconds (0d 0h 0m 0s)

---------------  T H R E A D  ---------------

Current thread (0x000002a9ba024800):  JavaThread "C2 CompilerThread0" daemon [_thread_in_native, id=2812, stack(0x000000ed9f300000,0x000000ed9f400000)]


Current CompileTask:
C2:    612  449       4       java.lang.StringLatin1::replace (196 bytes)

Stack: [0x000000ed9f300000,0x000000ed9f400000]
Native frames: (J=compiled Java code, j=interpreted, Vv=VM code, C=native code)
V  [jvm.dll+0x613e6a]
V  [jvm.dll+0x74c1ff]
V  [jvm.dll+0x74d885]
V  [jvm.dll+0x74df03]
V  [jvm.dll+0x243b78]
V  [jvm.dll+0xba2cc]
V  [jvm.dll+0xba9cc]
V  [jvm.dll+0x346982]
V  [jvm.dll+0x3147d3]
V  [jvm.dll+0x313b1a]
V  [jvm.dll+0x1fd395]
V  [jvm.dll+0x1fc54f]
V  [jvm.dll+0x17f09c]
V  [jvm.dll+0x20bbd4]
V  [jvm.dll+0x209cab]
V  [jvm.dll+0x713619]
V  [jvm.dll+0x70c314]
V  [jvm.dll+0x613036]
C  [ucrtbase.dll+0x210b2]
C  [KERNEL32.DLL+0x17c24]
C  [ntdll.dll+0x6d4d1]


---------------  P R O C E S S  ---------------

Threads class SMR info:
_java_thread_list=0x000002a9badbaae0, length=12, elements={
0x000002a999bdc000, 0x000002a9ba004800, 0x000002a9ba011000, 0x000002a9ba01e000,
0x000002a9ba022000, 0x000002a9ba024800, 0x000002a9ba028000, 0x000002a9ba02d800,
0x000002a9baaf9000, 0x000002a9baaf8800, 0x000002a9baaf4000, 0x000002a9baaf5000
}

Java Threads: ( => current thread )
  0x000002a999bdc000 JavaThread "main" [_thread_blocked, id=5460, stack(0x000000ed9e800000,0x000000ed9e900000)]
  0x000002a9ba004800 JavaThread "Reference Handler" daemon [_thread_blocked, id=12804, stack(0x000000ed9ef00000,0x000000ed9f000000)]
  0x000002a9ba011000 JavaThread "Finalizer" daemon [_thread_blocked, id=10628, stack(0x000000ed9f000000,0x000000ed9f100000)]
  0x000002a9ba01e000 JavaThread "Signal Dispatcher" daemon [_thread_blocked, id=6360, stack(0x000000ed9f100000,0x000000ed9f200000)]
  0x000002a9ba022000 JavaThread "Attach Listener" daemon [_thread_blocked, id=5508, stack(0x000000ed9f200000,0x000000ed9f300000)]
=>0x000002a9ba024800 JavaThread "C2 CompilerThread0" daemon [_thread_in_native, id=2812, stack(0x000000ed9f300000,0x000000ed9f400000)]
  0x000002a9ba028000 JavaThread "C1 CompilerThread0" daemon [_thread_in_native, id=12712, stack(0x000000ed9f400000,0x000000ed9f500000)]
  0x000002a9ba02d800 JavaThread "Sweeper thread" daemon [_thread_blocked, id=7864, stack(0x000000ed9f500000,0x000000ed9f600000)]
  0x000002a9baaf9000 JavaThread "Service Thread" daemon [_thread_blocked, id=13884, stack(0x000000ed9f600000,0x000000ed9f700000)]
  0x000002a9baaf8800 JavaThread "Common-Cleaner" daemon [_thread_blocked, id=1804, stack(0x000000ed9f800000,0x000000ed9f900000)]
  0x000002a9baaf4000 JavaThread "surefire-forkedjvm-command-thread" daemon [_thread_in_native, id=7908, stack(0x000000ed9f900000,0x000000ed9fa00000)]
  0x000002a9baaf5000 JavaThread "surefire-forkedjvm-last-ditch-daemon-shutdown-thread-30s" daemon [_thread_blocked, id=10952, stack(0x000000ed9fb00000,0x000000ed9fc00000)]

Other Threads:
  0x000002a9b9fdf800 VMThread "VM Thread" [stack: 0x000000ed9ee00000,0x000000ed9ef00000] [id=10556]
  0x000002a9bab00800 WatcherThread [stack: 0x000000ed9f700000,0x000000ed9f800000] [id=13716]
  0x000002a999bf2000 GCTaskThread "GC Thread#0" [stack: 0x000000ed9e900000,0x000000ed9ea00000] [id=5528]
  0x000002a999c22000 ConcurrentGCThread "G1 Main Marker" [stack: 0x000000ed9ea00000,0x000000ed9eb00000] [id=6588]
  0x000002a999c23800 ConcurrentGCThread "G1 Conc#0" [stack: 0x000000ed9eb00000,0x000000ed9ec00000] [id=2040]
  0x000002a999ca9800 ConcurrentGCThread "G1 Refine#0" [stack: 0x000000ed9ec00000,0x000000ed9ed00000] [id=2556]
  0x000002a9b9e50800 ConcurrentGCThread "G1 Young RemSet Sampling" [stack: 0x000000ed9ed00000,0x000000ed9ee00000] [id=9752]

Threads with active compile tasks:
C2 CompilerThread0    778  449       4       java.lang.StringLatin1::replace (196 bytes)
C1 CompilerThread0    778  456   !   3       java.net.URL::<init> (543 bytes)

VM state:not at safepoint (normal execution)

VM Mutex/Monitor currently owned by a thread: None

Heap address: 0x0000000081800000, size: 2024 MB, Compressed Oops mode: 32-bit
Narrow klass base: 0x0000000000000000, Narrow klass shift: 3
Compressed class space size: 1073741824 Address: 0x0000000100000000

Heap:
 garbage-first heap   total 131072K, used 7168K [0x0000000081800000, 0x0000000100000000)
  region size 1024K, 8 young (8192K), 0 survivors (0K)
 Metaspace       used 9921K, capacity 10077K, committed 10240K, reserved 1058816K
  class space    used 943K, capacity 999K, committed 1024K, reserved 1048576K
Heap Regions: E=young(eden), S=young(survivor), O=old, HS=humongous(starts), HC=humongous(continues), CS=collection set, F=free, A=archive, TAMS=top-at-mark-start (previous, next)
|   0|0x0000000081800000, 0x0000000081800000, 0x0000000081900000|  0%| F|  |TAMS 0x0000000081800000, 0x0000000081800000| Untracked 
|   1|0x0000000081900000, 0x0000000081900000, 0x0000000081a00000|  0%| F|  |TAMS 0x0000000081900000, 0x0000000081900000| Untracked 
|   2|0x0000000081a00000, 0x0000000081a00000, 0x0000000081b00000|  0%| F|  |TAMS 0x0000000081a00000, 0x0000000081a00000| Untracked 
|   3|0x0000000081b00000, 0x0000000081b00000, 0x0000000081c00000|  0%| F|  |TAMS 0x0000000081b00000, 0x0000000081b00000| Untracked 
|   4|0x0000000081c00000, 0x0000000081c00000, 0x0000000081d00000|  0%| F|  |TAMS 0x0000000081c00000, 0x0000000081c00000| Untracked 
|   5|0x0000000081d00000, 0x0000000081d00000, 0x0000000081e00000|  0%| F|  |TAMS 0x0000000081d00000, 0x0000000081d00000| Untracked 
|   6|0x0000000081e00000, 0x0000000081e00000, 0x0000000081f00000|  0%| F|  |TAMS 0x0000000081e00000, 0x0000000081e00000| Untracked 
|   7|0x0000000081f00000, 0x0000000081f00000, 0x0000000082000000|  0%| F|  |TAMS 0x0000000081f00000, 0x0000000081f00000| Untracked 
|   8|0x0000000082000000, 0x0000000082000000, 0x0000000082100000|  0%| F|  |TAMS 0x0000000082000000, 0x0000000082000000| Untracked 
|   9|0x0000000082100000, 0x0000000082100000, 0x0000000082200000|  0%| F|  |TAMS 0x0000000082100000, 0x0000000082100000| Untracked 
|  10|0x0000000082200000, 0x0000000082200000, 0x0000000082300000|  0%| F|  |TAMS 0x0000000082200000, 0x0000000082200000| Untracked 
|  11|0x0000000082300000, 0x0000000082300000, 0x0000000082400000|  0%| F|  |TAMS 0x0000000082300000, 0x0000000082300000| Untracked 
|  12|0x0000000082400000, 0x0000000082400000, 0x0000000082500000|  0%| F|  |TAMS 0x0000000082400000, 0x0000000082400000| Untracked 
|  13|0x0000000082500000, 0x0000000082500000, 0x0000000082600000|  0%| F|  |TAMS 0x0000000082500000, 0x0000000082500000| Untracked 
|  14|0x0000000082600000, 0x0000000082600000, 0x0000000082700000|  0%| F|  |TAMS 0x0000000082600000, 0x0000000082600000| Untracked 
|  15|0x0000000082700000, 0x0000000082700000, 0x0000000082800000|  0%| F|  |TAMS 0x0000000082700000, 0x0000000082700000| Untracked 
|  16|0x0000000082800000, 0x0000000082800000, 0x0000000082900000|  0%| F|  |TAMS 0x0000000082800000, 0x0000000082800000| Untracked 
|  17|0x0000000082900000, 0x0000000082900000, 0x0000000082a00000|  0%| F|  |TAMS 0x0000000082900000, 0x0000000082900000| Untracked 
|  18|0x0000000082a00000, 0x0000000082a00000, 0x0000000082b00000|  0%| F|  |TAMS 0x0000000082a00000, 0x0000000082a00000| Untracked 
|  19|0x0000000082b00000, 0x0000000082b00000, 0x0000000082c00000|  0%| F|  |TAMS 0x0000000082b00000, 0x0000000082b00000| Untracked 
|  20|0x0000000082c00000, 0x0000000082c00000, 0x0000000082d00000|  0%| F|  |TAMS 0x0000000082c00000, 0x0000000082c00000| Untracked 
|  21|0x0000000082d00000, 0x0000000082d00000, 0x0000000082e00000|  0%| F|  |TAMS 0x0000000082d00000, 0x0000000082d00000| Untracked 
|  22|0x0000000082e00000, 0x0000000082e00000, 0x0000000082f00000|  0%| F|  |TAMS 0x0000000082e00000, 0x0000000082e00000| Untracked 
|  23|0x0000000082f00000, 0x0000000082f00000, 0x0000000083000000|  0%| F|  |TAMS 0x0000000082f00000, 0x0000000082f00000| Untracked 
|  24|0x0000000083000000, 0x0000000083000000, 0x0000000083100000|  0%| F|  |TAMS 0x0000000083000000, 0x0000000083000000| Untracked 
|  25|0x0000000083100000, 0x0000000083100000, 0x0000000083200000|  0%| F|  |TAMS 0x0000000083100000, 0x0000000083100000| Untracked 
|  26|0x0000000083200000, 0x0000000083200000, 0x0000000083300000|  0%| F|  |TAMS 0x0000000083200000, 0x0000000083200000| Untracked 
|  27|0x0000000083300000, 0x0000000083300000, 0x0000000083400000|  0%| F|  |TAMS 0x0000000083300000, 0x0000000083300000| Untracked 
|  28|0x0000000083400000, 0x0000000083400000, 0x0000000083500000|  0%| F|  |TAMS 0x0000000083400000, 0x0000000083400000| Untracked 
|  29|0x0000000083500000, 0x0000000083500000, 0x0000000083600000|  0%| F|  |TAMS 0x0000000083500000, 0x0000000083500000| Untracked 
|  30|0x0000000083600000, 0x0000000083600000, 0x0000000083700000|  0%| F|  |TAMS 0x0000000083600000, 0x0000000083600000| Untracked 
|  31|0x0000000083700000, 0x0000000083700000, 0x0000000083800000|  0%| F|  |TAMS 0x0000000083700000, 0x0000000083700000| Untracked 
|  32|0x0000000083800000, 0x0000000083800000, 0x0000000083900000|  0%| F|  |TAMS 0x0000000083800000, 0x0000000083800000| Untracked 
|  33|0x0000000083900000, 0x0000000083900000, 0x0000000083a00000|  0%| F|  |TAMS 0x0000000083900000, 0x0000000083900000| Untracked 
|  34|0x0000000083a00000, 0x0000000083a00000, 0x0000000083b00000|  0%| F|  |TAMS 0x0000000083a00000, 0x0000000083a00000| Untracked 
|  35|0x0000000083b00000, 0x0000000083b00000, 0x0000000083c00000|  0%| F|  |TAMS 0x0000000083b00000, 0x0000000083b00000| Untracked 
|  36|0x0000000083c00000, 0x0000000083c00000, 0x0000000083d00000|  0%| F|  |TAMS 0x0000000083c00000, 0x0000000083c00000| Untracked 
|  37|0x0000000083d00000, 0x0000000083d00000, 0x0000000083e00000|  0%| F|  |TAMS 0x0000000083d00000, 0x0000000083d00000| Untracked 
|  38|0x0000000083e00000, 0x0000000083e00000, 0x0000000083f00000|  0%| F|  |TAMS 0x0000000083e00000, 0x0000000083e00000| Untracked 
|  39|0x0000000083f00000, 0x0000000083f00000, 0x0000000084000000|  0%| F|  |TAMS 0x0000000083f00000, 0x0000000083f00000| Untracked 
|  40|0x0000000084000000, 0x0000000084000000, 0x0000000084100000|  0%| F|  |TAMS 0x0000000084000000, 0x0000000084000000| Untracked 
|  41|0x0000000084100000, 0x0000000084100000, 0x0000000084200000|  0%| F|  |TAMS 0x0000000084100000, 0x0000000084100000| Untracked 
|  42|0x0000000084200000, 0x0000000084200000, 0x0000000084300000|  0%| F|  |TAMS 0x0000000084200000, 0x0000000084200000| Untracked 
|  43|0x0000000084300000, 0x0000000084300000, 0x0000000084400000|  0%| F|  |TAMS 0x0000000084300000, 0x0000000084300000| Untracked 
|  44|0x0000000084400000, 0x0000000084400000, 0x0000000084500000|  0%| F|  |TAMS 0x0000000084400000, 0x0000000084400000| Untracked 
|  45|0x0000000084500000, 0x0000000084500000, 0x0000000084600000|  0%| F|  |TAMS 0x0000000084500000, 0x0000000084500000| Untracked 
|  46|0x0000000084600000, 0x0000000084600000, 0x0000000084700000|  0%| F|  |TAMS 0x0000000084600000, 0x0000000084600000| Untracked 
|  47|0x0000000084700000, 0x0000000084700000, 0x0000000084800000|  0%| F|  |TAMS 0x0000000084700000, 0x0000000084700000| Untracked 
|  48|0x0000000084800000, 0x0000000084800000, 0x0000000084900000|  0%| F|  |TAMS 0x0000000084800000, 0x0000000084800000| Untracked 
|  49|0x0000000084900000, 0x0000000084900000, 0x0000000084a00000|  0%| F|  |TAMS 0x0000000084900000, 0x0000000084900000| Untracked 
|  50|0x0000000084a00000, 0x0000000084a00000, 0x0000000084b00000|  0%| F|  |TAMS 0x0000000084a00000, 0x0000000084a00000| Untracked 
|  51|0x0000000084b00000, 0x0000000084b00000, 0x0000000084c00000|  0%| F|  |TAMS 0x0000000084b00000, 0x0000000084b00000| Untracked 
|  52|0x0000000084c00000, 0x0000000084c00000, 0x0000000084d00000|  0%| F|  |TAMS 0x0000000084c00000, 0x0000000084c00000| Untracked 
|  53|0x0000000084d00000, 0x0000000084d00000, 0x0000000084e00000|  0%| F|  |TAMS 0x0000000084d00000, 0x0000000084d00000| Untracked 
|  54|0x0000000084e00000, 0x0000000084e00000, 0x0000000084f00000|  0%| F|  |TAMS 0x0000000084e00000, 0x0000000084e00000| Untracked 
|  55|0x0000000084f00000, 0x0000000084f00000, 0x0000000085000000|  0%| F|  |TAMS 0x0000000084f00000, 0x0000000084f00000| Untracked 
|  56|0x0000000085000000, 0x0000000085000000, 0x0000000085100000|  0%| F|  |TAMS 0x0000000085000000, 0x0000000085000000| Untracked 
|  57|0x0000000085100000, 0x0000000085100000, 0x0000000085200000|  0%| F|  |TAMS 0x0000000085100000, 0x0000000085100000| Untracked 
|  58|0x0000000085200000, 0x0000000085200000, 0x0000000085300000|  0%| F|  |TAMS 0x0000000085200000, 0x0000000085200000| Untracked 
|  59|0x0000000085300000, 0x0000000085300000, 0x0000000085400000|  0%| F|  |TAMS 0x0000000085300000, 0x0000000085300000| Untracked 
|  60|0x0000000085400000, 0x0000000085400000, 0x0000000085500000|  0%| F|  |TAMS 0x0000000085400000, 0x0000000085400000| Untracked 
|  61|0x0000000085500000, 0x0000000085500000, 0x0000000085600000|  0%| F|  |TAMS 0x0000000085500000, 0x0000000085500000| Untracked 
|  62|0x0000000085600000, 0x0000000085600000, 0x0000000085700000|  0%| F|  |TAMS 0x0000000085600000, 0x0000000085600000| Untracked 
|  63|0x0000000085700000, 0x0000000085700000, 0x0000000085800000|  0%| F|  |TAMS 0x0000000085700000, 0x0000000085700000| Untracked 
|  64|0x0000000085800000, 0x0000000085800000, 0x0000000085900000|  0%| F|  |TAMS 0x0000000085800000, 0x0000000085800000| Untracked 
|  65|0x0000000085900000, 0x0000000085900000, 0x0000000085a00000|  0%| F|  |TAMS 0x0000000085900000, 0x0000000085900000| Untracked 
|  66|0x0000000085a00000, 0x0000000085a00000, 0x0000000085b00000|  0%| F|  |TAMS 0x0000000085a00000, 0x0000000085a00000| Untracked 
|  67|0x0000000085b00000, 0x0000000085b00000, 0x0000000085c00000|  0%| F|  |TAMS 0x0000000085b00000, 0x0000000085b00000| Untracked 
|  68|0x0000000085c00000, 0x0000000085c00000, 0x0000000085d00000|  0%| F|  |TAMS 0x0000000085c00000, 0x0000000085c00000| Untracked 
|  69|0x0000000085d00000, 0x0000000085d00000, 0x0000000085e00000|  0%| F|  |TAMS 0x0000000085d00000, 0x0000000085d00000| Untracked 
|  70|0x0000000085e00000, 0x0000000085e00000, 0x0000000085f00000|  0%| F|  |TAMS 0x0000000085e00000, 0x0000000085e00000| Untracked 
|  71|0x0000000085f00000, 0x0000000085f00000, 0x0000000086000000|  0%| F|  |TAMS 0x0000000085f00000, 0x0000000085f00000| Untracked 
|  72|0x0000000086000000, 0x0000000086000000, 0x0000000086100000|  0%| F|  |TAMS 0x0000000086000000, 0x0000000086000000| Untracked 
|  73|0x0000000086100000, 0x0000000086100000, 0x0000000086200000|  0%| F|  |TAMS 0x0000000086100000, 0x0000000086100000| Untracked 
|  74|0x0000000086200000, 0x0000000086200000, 0x0000000086300000|  0%| F|  |TAMS 0x0000000086200000, 0x0000000086200000| Untracked 
|  75|0x0000000086300000, 0x0000000086300000, 0x0000000086400000|  0%| F|  |TAMS 0x0000000086300000, 0x0000000086300000| Untracked 
|  76|0x0000000086400000, 0x0000000086400000, 0x0000000086500000|  0%| F|  |TAMS 0x0000000086400000, 0x0000000086400000| Untracked 
|  77|0x0000000086500000, 0x0000000086500000, 0x0000000086600000|  0%| F|  |TAMS 0x0000000086500000, 0x0000000086500000| Untracked 
|  78|0x0000000086600000, 0x0000000086600000, 0x0000000086700000|  0%| F|  |TAMS 0x0000000086600000, 0x0000000086600000| Untracked 
|  79|0x0000000086700000, 0x0000000086700000, 0x0000000086800000|  0%| F|  |TAMS 0x0000000086700000, 0x0000000086700000| Untracked 
|  80|0x0000000086800000, 0x0000000086800000, 0x0000000086900000|  0%| F|  |TAMS 0x0000000086800000, 0x0000000086800000| Untracked 
|  81|0x0000000086900000, 0x0000000086900000, 0x0000000086a00000|  0%| F|  |TAMS 0x0000000086900000, 0x0000000086900000| Untracked 
|  82|0x0000000086a00000, 0x0000000086a00000, 0x0000000086b00000|  0%| F|  |TAMS 0x0000000086a00000, 0x0000000086a00000| Untracked 
|  83|0x0000000086b00000, 0x0000000086b00000, 0x0000000086c00000|  0%| F|  |TAMS 0x0000000086b00000, 0x0000000086b00000| Untracked 
|  84|0x0000000086c00000, 0x0000000086c00000, 0x0000000086d00000|  0%| F|  |TAMS 0x0000000086c00000, 0x0000000086c00000| Untracked 
|  85|0x0000000086d00000, 0x0000000086d00000, 0x0000000086e00000|  0%| F|  |TAMS 0x0000000086d00000, 0x0000000086d00000| Untracked 
|  86|0x0000000086e00000, 0x0000000086e00000, 0x0000000086f00000|  0%| F|  |TAMS 0x0000000086e00000, 0x0000000086e00000| Untracked 
|  87|0x0000000086f00000, 0x0000000086f00000, 0x0000000087000000|  0%| F|  |TAMS 0x0000000086f00000, 0x0000000086f00000| Untracked 
|  88|0x0000000087000000, 0x0000000087000000, 0x0000000087100000|  0%| F|  |TAMS 0x0000000087000000, 0x0000000087000000| Untracked 
|  89|0x0000000087100000, 0x0000000087100000, 0x0000000087200000|  0%| F|  |TAMS 0x0000000087100000, 0x0000000087100000| Untracked 
|  90|0x0000000087200000, 0x0000000087200000, 0x0000000087300000|  0%| F|  |TAMS 0x0000000087200000, 0x0000000087200000| Untracked 
|  91|0x0000000087300000, 0x0000000087300000, 0x0000000087400000|  0%| F|  |TAMS 0x0000000087300000, 0x0000000087300000| Untracked 
|  92|0x0000000087400000, 0x0000000087400000, 0x0000000087500000|  0%| F|  |TAMS 0x0000000087400000, 0x0000000087400000| Untracked 
|  93|0x0000000087500000, 0x0000000087500000, 0x0000000087600000|  0%| F|  |TAMS 0x0000000087500000, 0x0000000087500000| Untracked 
|  94|0x0000000087600000, 0x0000000087600000, 0x0000000087700000|  0%| F|  |TAMS 0x0000000087600000, 0x0000000087600000| Untracked 
|  95|0x0000000087700000, 0x0000000087700000, 0x0000000087800000|  0%| F|  |TAMS 0x0000000087700000, 0x0000000087700000| Untracked 
|  96|0x0000000087800000, 0x0000000087800000, 0x0000000087900000|  0%| F|  |TAMS 0x0000000087800000, 0x0000000087800000| Untracked 
|  97|0x0000000087900000, 0x0000000087900000, 0x0000000087a00000|  0%| F|  |TAMS 0x0000000087900000, 0x0000000087900000| Untracked 
|  98|0x0000000087a00000, 0x0000000087a00000, 0x0000000087b00000|  0%| F|  |TAMS 0x0000000087a00000, 0x0000000087a00000| Untracked 
|  99|0x0000000087b00000, 0x0000000087b00000, 0x0000000087c00000|  0%| F|  |TAMS 0x0000000087b00000, 0x0000000087b00000| Untracked 
| 100|0x0000000087c00000, 0x0000000087c00000, 0x0000000087d00000|  0%| F|  |TAMS 0x0000000087c00000, 0x0000000087c00000| Untracked 
| 101|0x0000000087d00000, 0x0000000087d00000, 0x0000000087e00000|  0%| F|  |TAMS 0x0000000087d00000, 0x0000000087d00000| Untracked 
| 102|0x0000000087e00000, 0x0000000087e00000, 0x0000000087f00000|  0%| F|  |TAMS 0x0000000087e00000, 0x0000000087e00000| Untracked 
| 103|0x0000000087f00000, 0x0000000087f00000, 0x0000000088000000|  0%| F|  |TAMS 0x0000000087f00000, 0x0000000087f00000| Untracked 
| 104|0x0000000088000000, 0x0000000088000000, 0x0000000088100000|  0%| F|  |TAMS 0x0000000088000000, 0x0000000088000000| Untracked 
| 105|0x0000000088100000, 0x0000000088100000, 0x0000000088200000|  0%| F|  |TAMS 0x0000000088100000, 0x0000000088100000| Untracked 
| 106|0x0000000088200000, 0x0000000088200000, 0x0000000088300000|  0%| F|  |TAMS 0x0000000088200000, 0x0000000088200000| Untracked 
| 107|0x0000000088300000, 0x0000000088300000, 0x0000000088400000|  0%| F|  |TAMS 0x0000000088300000, 0x0000000088300000| Untracked 
| 108|0x0000000088400000, 0x0000000088400000, 0x0000000088500000|  0%| F|  |TAMS 0x0000000088400000, 0x0000000088400000| Untracked 
| 109|0x0000000088500000, 0x0000000088500000, 0x0000000088600000|  0%| F|  |TAMS 0x0000000088500000, 0x0000000088500000| Untracked 
| 110|0x0000000088600000, 0x0000000088600000, 0x0000000088700000|  0%| F|  |TAMS 0x0000000088600000, 0x0000000088600000| Untracked 
| 111|0x0000000088700000, 0x0000000088700000, 0x0000000088800000|  0%| F|  |TAMS 0x0000000088700000, 0x0000000088700000| Untracked 
| 112|0x0000000088800000, 0x0000000088800000, 0x0000000088900000|  0%| F|  |TAMS 0x0000000088800000, 0x0000000088800000| Untracked 
| 113|0x0000000088900000, 0x0000000088900000, 0x0000000088a00000|  0%| F|  |TAMS 0x0000000088900000, 0x0000000088900000| Untracked 
| 114|0x0000000088a00000, 0x0000000088a00000, 0x0000000088b00000|  0%| F|  |TAMS 0x0000000088a00000, 0x0000000088a00000| Untracked 
| 115|0x0000000088b00000, 0x0000000088b00000, 0x0000000088c00000|  0%| F|  |TAMS 0x0000000088b00000, 0x0000000088b00000| Untracked 
| 116|0x0000000088c00000, 0x0000000088c00000, 0x0000000088d00000|  0%| F|  |TAMS 0x0000000088c00000, 0x0000000088c00000| Untracked 
| 117|0x0000000088d00000, 0x0000000088d00000, 0x0000000088e00000|  0%| F|  |TAMS 0x0000000088d00000, 0x0000000088d00000| Untracked 
| 118|0x0000000088e00000, 0x0000000088e00000, 0x0000000088f00000|  0%| F|  |TAMS 0x0000000088e00000, 0x0000000088e00000| Untracked 
| 119|0x0000000088f00000, 0x0000000088f00000, 0x0000000089000000|  0%| F|  |TAMS 0x0000000088f00000, 0x0000000088f00000| Untracked 
| 120|0x0000000089000000, 0x000000008908fe50, 0x0000000089100000| 56%| E|  |TAMS 0x0000000089000000, 0x0000000089000000| Complete 
| 121|0x0000000089100000, 0x0000000089200000, 0x0000000089200000|100%| E|CS|TAMS 0x0000000089100000, 0x0000000089100000| Complete 
| 122|0x0000000089200000, 0x0000000089300000, 0x0000000089300000|100%| E|CS|TAMS 0x0000000089200000, 0x0000000089200000| Complete 
| 123|0x0000000089300000, 0x0000000089400000, 0x0000000089400000|100%| E|CS|TAMS 0x0000000089300000, 0x0000000089300000| Complete 
| 124|0x0000000089400000, 0x0000000089500000, 0x0000000089500000|100%| E|CS|TAMS 0x0000000089400000, 0x0000000089400000| Complete 
| 125|0x0000000089500000, 0x0000000089600000, 0x0000000089600000|100%| E|CS|TAMS 0x0000000089500000, 0x0000000089500000| Complete 
| 126|0x0000000089600000, 0x0000000089700000, 0x0000000089700000|100%| E|CS|TAMS 0x0000000089600000, 0x0000000089600000| Complete 
| 127|0x0000000089700000, 0x0000000089800000, 0x0000000089800000|100%| E|CS|TAMS 0x0000000089700000, 0x0000000089700000| Complete 

Card table byte_map: [0x000002a9b3270000,0x000002a9b3670000] _byte_map_base: 0x000002a9b2e64000

Marking Bits (Prev, Next): (CMBitMap*) 0x000002a999c19848, (CMBitMap*) 0x000002a999c19880
 Prev Bits: [0x000002a9b3a70000, 0x000002a9b5a10000)
 Next Bits: [0x000002a9b5a10000, 0x000002a9b79b0000)

Polling page: 0x000002a999cb0000

Metaspace:

Usage:
  Non-class:      8.87 MB capacity,     8.77 MB ( 99%) used,    88.82 KB ( <1%) free+waste,    11.06 KB ( <1%) overhead. 
      Class:    999.00 KB capacity,   943.19 KB ( 94%) used,    50.88 KB (  5%) free+waste,     4.94 KB ( <1%) overhead. 
       Both:      9.84 MB capacity,     9.69 MB ( 98%) used,   139.70 KB (  1%) free+waste,    16.00 KB ( <1%) overhead. 

Virtual space:
  Non-class space:       10.00 MB reserved,       9.00 MB ( 90%) committed 
      Class space:        1.00 GB reserved,       1.00 MB ( <1%) committed 
             Both:        1.01 GB reserved,      10.00 MB ( <1%) committed 

Chunk freelists:
   Non-Class:  1.25 KB
       Class:  0 bytes
        Both:  1.25 KB

CodeHeap 'non-profiled nmethods': size=120064Kb used=120Kb max_used=120Kb free=119943Kb
 bounds [0x000002a9ab2f0000, 0x000002a9ab560000, 0x000002a9b2830000]
CodeHeap 'profiled nmethods': size=120000Kb used=692Kb max_used=692Kb free=119307Kb
 bounds [0x000002a9a3dc0000, 0x000002a9a4030000, 0x000002a9ab2f0000]
CodeHeap 'non-nmethods': size=5696Kb used=1076Kb max_used=1083Kb free=4620Kb
 bounds [0x000002a9a3830000, 0x000002a9a3aa0000, 0x000002a9a3dc0000]
 total_blobs=844 nmethods=463 adapters=293
 compilation: enabled
              stopped_count=0, restarted_count=0
 full_count=0

Compilation events (10 events):
Event: 0.568 Thread 0x000002a9ba028000 nmethod 447 0x000002a9a3e6a810 code [0x000002a9a3e6aa80, 0x000002a9a3e6b618]
Event: 0.568 Thread 0x000002a9ba028000  450       3       java.util.concurrent.ConcurrentHashMap$Traverser::advance (188 bytes)
Event: 0.569 Thread 0x000002a9ba028000 nmethod 450 0x000002a9a3e6ba90 code [0x000002a9a3e6bce0, 0x000002a9a3e6ca78]
Event: 0.569 Thread 0x000002a9ba028000  451       3       java.util.concurrent.ConcurrentHashMap$BaseIterator::hasNext (13 bytes)
Event: 0.569 Thread 0x000002a9ba028000 nmethod 451 0x000002a9a3e6cd90 code [0x000002a9a3e6cf20, 0x000002a9a3e6d078]
Event: 0.569 Thread 0x000002a9ba028000  452       1       java.util.jar.Manifest::getMainAttributes (5 bytes)
Event: 0.569 Thread 0x000002a9ba028000 nmethod 452 0x000002a9ab30c490 code [0x000002a9ab30c620, 0x000002a9ab30c6d8]
Event: 0.570 Thread 0x000002a9ba028000  454       1       java.util.jar.Manifest::getEntries (5 bytes)
Event: 0.570 Thread 0x000002a9ba028000 nmethod 454 0x000002a9ab30c790 code [0x000002a9ab30c920, 0x000002a9ab30c9d8]
Event: 0.571 Thread 0x000002a9ba028000  456   !   3       java.net.URL::<init> (543 bytes)

GC Heap History (0 events):
No events

Deoptimization events (1 events):
Event: 0.090 Thread 0x000002a999bdc000 Uncommon trap: reason=unstable_if action=reinterpret pc=0x000002a9ab2f44fc method=java.lang.String.hashCode()I @ 14 c2

Classes redefined (0 events):
No events

Internal exceptions (5 events):
Event: 0.213 Thread 0x000002a999bdc000 Exception <a 'java/lang/NoSuchMethodError'{0x0000000089528040}: java.lang.invoke.DirectMethodHandle$Holder.invokeStaticInit(Ljava/lang/Object;Ljava/lang/Object;Ljava/lang/Object;)Ljava/lang/Object;> (0x0000000089528040) thrown at [./open/src/hotspot/share
Event: 0.305 Thread 0x000002a9baaf3800 Exception <a 'java/io/IOException'{0x00000000893574a0}: CreateProcess error=1455, The paging file is too small for this operation to complete> (0x00000000893574a0) thrown at [./open/src/hotspot/share/prims/jni.cpp, line 632]
Event: 0.563 Thread 0x000002a999bdc000 Exception <a 'java/lang/NoSuchMethodError'{0x00000000892d3720}: org.junit.runner.Description.createSuiteDescription(Ljava/lang/String;)Lorg/junit/runner/Description;> (0x00000000892d3720) thrown at [./open/src/hotspot/share/interpreter/linkResolver.cpp, l
Event: 0.564 Thread 0x000002a999bdc000 Exception <a 'java/lang/NoSuchMethodError'{0x00000000892d7320}: org.junit.runner.Description.createSuiteDescription(Ljava/lang/String;)Lorg/junit/runner/Description;> (0x00000000892d7320) thrown at [./open/src/hotspot/share/interpreter/linkResolver.cpp, l
Event: 0.564 Thread 0x000002a999bdc000 Exception <a 'java/lang/NoSuchMethodError'{0x00000000892d7788}: org.junit.runner.Description.createSuiteDescription(Ljava/lang/String;)Lorg/junit/runner/Description;> (0x00000000892d7788) thrown at [./open/src/hotspot/share/interpreter/linkResolver.cpp, l

Events (10 events):
Event: 0.604 loading class jdk/internal/module/Checks
Event: 0.604 loading class jdk/internal/module/Checks done
Event: 0.605 loading class java/lang/WeakPairMap$Pair$Weak
Event: 0.605 loading class java/lang/WeakPairMap$WeakRefPeer
Event: 0.605 loading class java/lang/WeakPairMap$WeakRefPeer done
Event: 0.605 loading class java/lang/WeakPairMap$Pair$Weak done
Event: 0.605 loading class java/lang/WeakPairMap$Pair$Weak$1
Event: 0.605 loading class java/lang/WeakPairMap$Pair$Weak$1 done
Event: 0.607 loading class java/lang/Deprecated
Event: 0.607 loading class java/lang/Deprecated done


Dynamic libraries:
0x00007ff6f5500000 - 0x00007ff6f550f000 	C:\Program Files\Java\jdk-11.0.10\bin\java.exe
0x00007ffa2cb80000 - 0x00007ffa2cd70000 	C:\WINDOWS\SYSTEM32\ntdll.dll
0x00007ffa2af70000 - 0x00007ffa2b022000 	C:\WINDOWS\System32\KERNEL32.DLL
0x00007ffa2a480000 - 0x00007ffa2a725000 	C:\WINDOWS\System32\KERNELBASE.dll
0x00007ffa2a8d0000 - 0x00007ffa2a9ca000 	C:\WINDOWS\System32\ucrtbase.dll
0x00007ffa0de50000 - 0x00007ffa0de68000 	C:\Program Files\Java\jdk-11.0.10\bin\jli.dll
0x00007ffa0de70000 - 0x00007ffa0de85000 	C:\Program Files\Java\jdk-11.0.10\bin\VCRUNTIME140.dll
0x00007ffa2aec0000 - 0x00007ffa2af63000 	C:\WINDOWS\System32\ADVAPI32.dll
0x00007ffa2baa0000 - 0x00007ffa2bb3e000 	C:\WINDOWS\System32\msvcrt.dll
0x00007ffa2ba00000 - 0x00007ffa2ba97000 	C:\WINDOWS\System32\sechost.dll
0x00007ffa2bf90000 - 0x00007ffa2c0af000 	C:\WINDOWS\System32\RPCRT4.dll
0x00007ffa2bbc0000 - 0x00007ffa2bd54000 	C:\WINDOWS\System32\USER32.dll
0x00007ffa2a750000 - 0x00007ffa2a771000 	C:\WINDOWS\System32\win32u.dll
0x00007ffa2b030000 - 0x00007ffa2b056000 	C:\WINDOWS\System32\GDI32.dll
0x00007ffa07ec0000 - 0x00007ffa08144000 	C:\WINDOWS\WinSxS\amd64_microsoft.windows.common-controls_6595b64144ccf1df_6.0.18362.1316_none_9e7a364fe461dbd7\COMCTL32.dll
0x00007ffa2aa60000 - 0x00007ffa2abf8000 	C:\WINDOWS\System32\gdi32full.dll
0x00007ffa2c7a0000 - 0x00007ffa2cad7000 	C:\WINDOWS\System32\combase.dll
0x00007ffa29b00000 - 0x00007ffa29b9e000 	C:\WINDOWS\System32\msvcp_win.dll
0x00007ffa2a9d0000 - 0x00007ffa2aa51000 	C:\WINDOWS\System32\bcryptPrimitives.dll
0x00007ffa1f1b0000 - 0x00007ffa1f1ba000 	C:\WINDOWS\SYSTEM32\VERSION.dll
0x00007ffa2b890000 - 0x00007ffa2b8be000 	C:\WINDOWS\System32\IMM32.DLL
0x00007ffa0f2f0000 - 0x00007ffa0f38b000 	C:\Program Files\Java\jdk-11.0.10\bin\msvcp140.dll
0x00007ffa06a60000 - 0x00007ffa0755b000 	C:\Program Files\Java\jdk-11.0.10\bin\server\jvm.dll
0x00007ffa2b870000 - 0x00007ffa2b878000 	C:\WINDOWS\System32\PSAPI.DLL
0x00007ffa16660000 - 0x00007ffa16669000 	C:\WINDOWS\SYSTEM32\WSOCK32.dll
0x00007ffa27340000 - 0x00007ffa27364000 	C:\WINDOWS\SYSTEM32\WINMM.dll
0x00007ffa2ae50000 - 0x00007ffa2aebf000 	C:\WINDOWS\System32\WS2_32.dll
0x00007ffa27310000 - 0x00007ffa2733d000 	C:\WINDOWS\SYSTEM32\winmmbase.dll
0x00007ffa2a430000 - 0x00007ffa2a47a000 	C:\WINDOWS\System32\cfgmgr32.dll
0x00007ffa29a40000 - 0x00007ffa29a51000 	C:\WINDOWS\System32\kernel.appcore.dll
0x00007ffa04ec0000 - 0x00007ffa04ed0000 	C:\Program Files\Java\jdk-11.0.10\bin\verify.dll
0x00007ffa0f6a0000 - 0x00007ffa0f894000 	C:\WINDOWS\SYSTEM32\DBGHELP.DLL
0x00007ffa0fdb0000 - 0x00007ffa0fdda000 	C:\WINDOWS\SYSTEM32\dbgcore.DLL
0x00007ffa04e10000 - 0x00007ffa04e38000 	C:\Program Files\Java\jdk-11.0.10\bin\java.dll
0x00007ffa04b10000 - 0x00007ffa04b1a000 	C:\Program Files\Java\jdk-11.0.10\bin\jimage.dll
0x00007ffa244b0000 - 0x00007ffa244c6000 	C:\Program Files\Java\jdk-11.0.10\bin\zip.dll
0x00007ffa2c0b0000 - 0x00007ffa2c798000 	C:\WINDOWS\System32\SHELL32.dll
0x00007ffa2be30000 - 0x00007ffa2bed7000 	C:\WINDOWS\System32\shcore.dll
0x00007ffa29cb0000 - 0x00007ffa2a42b000 	C:\WINDOWS\System32\windows.storage.dll
0x00007ffa29ad0000 - 0x00007ffa29af3000 	C:\WINDOWS\System32\profapi.dll
0x00007ffa29a80000 - 0x00007ffa29aca000 	C:\WINDOWS\System32\powrprof.dll
0x00007ffa29a30000 - 0x00007ffa29a40000 	C:\WINDOWS\System32\UMPDC.dll
0x00007ffa2b7a0000 - 0x00007ffa2b7f2000 	C:\WINDOWS\System32\shlwapi.dll
0x00007ffa2a730000 - 0x00007ffa2a747000 	C:\WINDOWS\System32\cryptsp.dll
0x00007ffa0ca10000 - 0x00007ffa0ca29000 	C:\Program Files\Java\jdk-11.0.10\bin\net.dll
0x00007ffa1f930000 - 0x00007ffa1fa20000 	C:\WINDOWS\SYSTEM32\WINHTTP.dll
0x00007ffa29270000 - 0x00007ffa292d7000 	C:\WINDOWS\system32\mswsock.dll
0x00007ffa0c9f0000 - 0x00007ffa0ca02000 	C:\Program Files\Java\jdk-11.0.10\bin\nio.dll
0x00007ffa0de90000 - 0x00007ffa0de99000 	C:\Program Files\Java\jdk-11.0.10\bin\management.dll
0x00007ffa09620000 - 0x00007ffa0962b000 	C:\Program Files\Java\jdk-11.0.10\bin\management_ext.dll

dbghelp: loaded successfully - version: 4.0.5 - missing functions: none
symbol engine: initialized successfully - sym options: 0x614 - pdb path: .;C:\Program Files\Java\jdk-11.0.10\bin;C:\WINDOWS\SYSTEM32;C:\WINDOWS\WinSxS\amd64_microsoft.windows.common-controls_6595b64144ccf1df_6.0.18362.1316_none_9e7a364fe461dbd7;C:\Program Files\Java\jdk-11.0.10\bin\server

VM Arguments:
java_command: C:\Users\Dhiraj\AppData\Local\Temp\surefire13026317251772042690\surefirebooter5387769291157404515.jar C:\Users\Dhiraj\AppData\Local\Temp\surefire13026317251772042690 2021-01-31T14-16-57_363-jvmRun1 surefire488248435299749296tmp surefire_018173858139394701102tmp
java_class_path (initial): C:\Users\Dhiraj\AppData\Local\Temp\surefire13026317251772042690\surefirebooter5387769291157404515.jar
Launcher Type: SUN_STANDARD

[Global flags]
     intx CICompilerCount                          = 3                                         {product} {ergonomic}
     uint ConcGCThreads                            = 1                                         {product} {ergonomic}
     uint G1ConcRefinementThreads                  = 4                                         {product} {ergonomic}
   size_t G1HeapRegionSize                         = 1048576                                   {product} {ergonomic}
    uintx GCDrainStackTargetSize                   = 64                                        {product} {ergonomic}
   size_t InitialHeapSize                          = 134217728                                 {product} {ergonomic}
   size_t MarkStackSize                            = 4194304                                   {product} {ergonomic}
   size_t MaxHeapSize                              = 2122317824                                {product} {ergonomic}
   size_t MaxNewSize                               = 1272971264                                {product} {ergonomic}
   size_t MinHeapDeltaBytes                        = 1048576                                   {product} {ergonomic}
    uintx NonNMethodCodeHeapSize                   = 5830732                                {pd product} {ergonomic}
    uintx NonProfiledCodeHeapSize                  = 122913754                              {pd product} {ergonomic}
    uintx ProfiledCodeHeapSize                     = 122913754                              {pd product} {ergonomic}
    uintx ReservedCodeCacheSize                    = 251658240                              {pd product} {ergonomic}
     bool SegmentedCodeCache                       = true                                      {product} {ergonomic}
     bool UseCompressedClassPointers               = true                                 {lp64_product} {ergonomic}
     bool UseCompressedOops                        = true                                 {lp64_product} {ergonomic}
     bool UseG1GC                                  = true                                      {product} {ergonomic}
     bool UseLargePagesIndividualAllocation        = false                                  {pd product} {ergonomic}

Logging:
Log output configuration:
 #0: stdout all=warning uptime,level,tags
 #1: stderr all=off uptime,level,tags

Environment Variables:
JAVA_HOME=C:\Program Files\Java\jdk-11.0.10\
PATH=C:\Program Files\Common Files\Oracle\Java\javapath;C:\Program Files\Microsoft MPI\Bin\;C:\oraclexe\app\oracle\product\11.2.0\server\bin;C:\ProgramData\Oracle\Java\javapath;C:\WINDOWS\system32;C:\WINDOWS;C:\WINDOWS\System32\Wbem;C:\WINDOWS\System32\WindowsPowerShell\v1.0\;C:\Program Files\Microsoft SQL Server\110\Tools\Binn\;C:\Program Files (x86)\Microsoft SDKs\TypeScript\1.8\;C:\Program Files\Microsoft SQL Server\120\Tools\Binn\;C:\Program Files (x86)\Microsoft SQL Server\110\Tools\Binn\;C:\Program Files\Microsoft SQL Server\110\DTS\Binn\;C:\Program Files (x86)\Microsoft SQL Server\110\Tools\Binn\ManagementStudio\;C:\Program Files (x86)\Microsoft SQL Server\110\DTS\Binn\;C:\Program Files\Calibre2\;C:\Program Files\Microsoft SQL Server\130\Tools\Binn\;C:\WINDOWS\System32\OpenSSH\;C:\Program Files\dotnet\;C:\Program Files\nodejs\;C:\Program Files (x86)\dotnet\;C:\Program Files\Git\cmd;C:\Program Files (x86)\Notepad++;C:\Program Files\Perforce\;C:\Program Files\Java\jdk-11.0.10\bin;E:\Maven\apache-maven-3.6.3\bin;C:\Users\Dhiraj\bin\Sencha\Cmd;C:\Users\Dhiraj\AppData\Local\Microsoft\WindowsApps;C:\Users\Dhiraj\AppData\Local\Programs\Fiddler;C:\Users\Dhiraj\AppData\Local\Microsoft\WindowsApps;C:\Users\Dhiraj\AppData\Roaming\npm;C:\Users\Dhiraj\AppData\Local\Programs\Microsoft VS Code\bin;C:\Users\Dhiraj\.dotnet\tools;E:\Maven\apache-maven-3.6.3\bin;
USERNAME=Dhiraj
OS=Windows_NT
PROCESSOR_IDENTIFIER=Intel64 Family 6 Model 69 Stepping 1, GenuineIntel



---------------  S Y S T E M  ---------------

OS: Windows 10 , 64 bit Build 18362 (10.0.18362.1316)

CPU:total 4 (initial active 4) (2 cores per cpu, 2 threads per core) family 6 model 69 stepping 1 microcode 0x24, cmov, cx8, fxsr, mmx, sse, sse2, sse3, ssse3, sse4.1, sse4.2, popcnt, avx, avx2, aes, clmul, erms, lzcnt, ht, tsc, tscinvbit, bmi1, bmi2, fma

Memory: 4k page, system-wide physical 8088M (626M free)
TotalPageFile size 8088M (AvailPageFile size 0M)
current process WorkingSet (physical memory assigned to process): 47M, peak: 47M
current process commit charge ("private bytes"): 204M, peak: 204M

vm_info: Java HotSpot(TM) 64-Bit Server VM (11.0.10+8-LTS-162) for windows-amd64 JRE (11.0.10+8-LTS-162), built on Dec  8 2020 16:32:57 by "mach5one" with MS VC++ 15.9 (VS2017)

END.
